Log file open, 11/20/19 12:25:29
LogWindows: Failed to load 'aqProf.dll' (GetLastError=126)
LogWindows: File 'aqProf.dll' does not exist
LogWindows: Failed to load 'VtuneApi.dll' (GetLastError=126)
LogWindows: File 'VtuneApi.dll' does not exist
LogWindows: Failed to load 'VtuneApi32e.dll' (GetLastError=126)
LogWindows: File 'VtuneApi32e.dll' does not exist
LogInit: Display: Running engine for game: Section01
LogPlatformFile: Not using cached read wrapper
LogInit: Display: RandInit(-74515192) SRandInit(-74515192).
LogInit: Read version file with build ID '3944462'
LogInit: Overriding engine version to CL 4033788, compatible CL 3944462
LogInit: Registered custom module enumerator with build ID '3944462'
LogTaskGraph: Started task graph with 5 named threads and 14 total threads with 3 sets of task threads.
LogStats: Stats thread started at 0.192146
LogD3D11RHI: Aftermath initialized
LogICUInternationalization: Display: ICU TimeZone Detection - Raw Offset: +1:00, Platform Override: ''
LogPluginManager: Mounting plugin Paper2D
LogPluginManager: Mounting plugin LiveLink
LogPluginManager: Mounting plugin LightPropagationVolume
LogPluginManager: Mounting plugin CLionSourceCodeAccess
LogPluginManager: Mounting plugin CodeLiteSourceCodeAccess
LogPluginManager: Mounting plugin GitSourceControl
LogPluginManager: Mounting plugin KDevelopSourceCodeAccess
LogPluginManager: Mounting plugin NullSourceCodeAccess
LogPluginManager: Mounting plugin PerforceSourceControl
LogPluginManager: Mounting plugin SubversionSourceControl
LogPluginManager: Mounting plugin UObjectPlugin
LogPluginManager: Mounting plugin VisualStudioCodeSourceCodeAccess
LogPluginManager: Mounting plugin VisualStudioSourceCodeAccess
LogPluginManager: Mounting plugin XCodeSourceCodeAccess
LogPluginManager: Mounting plugin AssetManagerEditor
LogPluginManager: Mounting plugin CryptoKeys
LogPluginManager: Mounting plugin DataValidation
LogPluginManager: Mounting plugin FacialAnimation
LogPluginManager: Mounting plugin GameplayTagsEditor
LogPluginManager: Mounting plugin MobileLauncherProfileWizard
LogPluginManager: Mounting plugin PluginBrowser
LogPluginManager: Mounting plugin SpeedTreeImporter
LogPluginManager: Mounting plugin DatasmithContent
LogPluginManager: Mounting plugin AlembicImporter
LogPluginManager: Mounting plugin CharacterAI
LogPluginManager: Mounting plugin HTML5Networking
LogPluginManager: Mounting plugin AndroidMedia
LogPluginManager: Mounting plugin AvfMedia
LogPluginManager: Mounting plugin ImgMedia
LogPluginManager: Mounting plugin LinearTimecode
LogPluginManager: Mounting plugin MediaCompositing
LogPluginManager: Mounting plugin MediaPlayerEditor
LogPluginManager: Mounting plugin WmfMedia
LogPluginManager: Mounting plugin TcpMessaging
LogPluginManager: Mounting plugin UdpMessaging
LogPluginManager: Mounting plugin ActorSequence
LogPluginManager: Mounting plugin LevelSequenceEditor
LogPluginManager: Mounting plugin MatineeToLevelSequence
LogPluginManager: Mounting plugin NetcodeUnitTest
LogPluginManager: Mounting plugin NUTUnrealEngine4
LogPluginManager: Mounting plugin OnlineSubsystemGooglePlay
LogPluginManager: Mounting plugin OnlineSubsystemIOS
LogPluginManager: Mounting plugin OnlineSubsystem
LogPluginManager: Mounting plugin OnlineSubsystemNull
LogPluginManager: Mounting plugin OnlineSubsystemUtils
LogPluginManager: Mounting plugin AndroidDeviceProfileSelector
LogPluginManager: Mounting plugin AndroidMoviePlayer
LogPluginManager: Mounting plugin AndroidPermission
LogPluginManager: Mounting plugin AppleARKit
LogPluginManager: Mounting plugin AppleMoviePlayer
LogPluginManager: Mounting plugin ArchVisCharacter
LogPluginManager: Mounting plugin AudioCapture
LogPluginManager: Mounting plugin CableComponent
LogPluginManager: Mounting plugin CustomMeshComponent
LogPluginManager: Mounting plugin ExampleDeviceProfileSelector
LogPluginManager: Mounting plugin GoogleCloudMessaging
LogPluginManager: Mounting plugin ImmediatePhysics
LogPluginManager: Mounting plugin IOSDeviceProfileSelector
LogPluginManager: Mounting plugin LinuxDeviceProfileSelector
LogPluginManager: Mounting plugin LocationServicesBPLibrary
LogPluginManager: Mounting plugin MobilePatchingUtils
LogPluginManager: Mounting plugin OculusVR
LogPluginManager: Plugin shader directory ../../../Engine/Plugins/Runtime/Oculus/OculusVR/Shaders found
LogPluginManager: Mapping shader source directory ../../../Engine/Plugins/Runtime/Oculus/OculusVR/Shaders to virtual directory /Plugin/OculusVR
LogPluginManager: Mounting plugin PhysXVehicles
LogPluginManager: Mounting plugin ProceduralMeshComponent
LogPluginManager: Mounting plugin RuntimePhysXCooking
LogPluginManager: Mounting plugin SteamVR
LogPluginManager: Mounting plugin WindowsMoviePlayer
LogStreaming: Display: Took  0.120s to configure plugins.
LogModuleManager: Display: Found up-to-date module file ../../../../../STUDIA/Programowanie/UnrealC/Section01/Binaries/Win64/UE4Editor-Section01.dll (API version 3944462).
LogModuleManager: Display: Found up-to-date module file ../../../Engine/Plugins/2D/Paper2D/Binaries/Win64/UE4Editor-Paper2D.dll (API version 3944462).
LogModuleManager: Display: Found up-to-date module file ../../../Engine/Plugins/2D/Paper2D/Binaries/Win64/UE4Editor-Paper2DEditor.dll (API version 3944462).
LogModuleManager: Display: Found up-to-date module file ../../../Engine/Plugins/2D/Paper2D/Binaries/Win64/UE4Editor-PaperSpriteSheetImporter.dll (API version 3944462).
LogModuleManager: Display: Found up-to-date module file ../../../Engine/Plugins/2D/Paper2D/Binaries/Win64/UE4Editor-PaperTiledImporter.dll (API version 3944462).
LogModuleManager: Display: Found up-to-date module file ../../../Engine/Plugins/2D/Paper2D/Binaries/Win64/UE4Editor-SmartSnapping.dll (API version 3944462).
LogModuleManager: Display: Found up-to-date module file ../../../Engine/Plugins/Animation/LiveLink/Binaries/Win64/UE4Editor-LiveLink.dll (API version 3944462).
LogModuleManager: Display: Found up-to-date module file ../../../Engine/Plugins/Animation/LiveLink/Binaries/Win64/UE4Editor-LiveLinkEditor.dll (API version 3944462).
LogModuleManager: Display: Found up-to-date module file ../../../Engine/Plugins/Blendables/LightPropagationVolume/Binaries/Win64/UE4Editor-LightPropagationVolumeRuntime.dll (API version 3944462).
LogModuleManager: Display: Found up-to-date module file ../../../Engine/Plugins/Blendables/LightPropagationVolume/Binaries/Win64/UE4Editor-LightPropagationVolumeEditor.dll (API version 3944462).
LogModuleManager: Display: Found up-to-date module file ../../../Engine/Plugins/Developer/CLionSourceCodeAccess/Binaries/Win64/UE4Editor-CLionSourceCodeAccess.dll (API version 3944462).
LogModuleManager: Display: Found up-to-date module file ../../../Engine/Plugins/Developer/GitSourceControl/Binaries/Win64/UE4Editor-GitSourceControl.dll (API version 3944462).
LogModuleManager: Display: Found up-to-date module file ../../../Engine/Plugins/Developer/PerforceSourceControl/Binaries/Win64/UE4Editor-PerforceSourceControl.dll (API version 3944462).
LogModuleManager: Display: Found up-to-date module file ../../../Engine/Plugins/Developer/SubversionSourceControl/Binaries/Win64/UE4Editor-SubversionSourceControl.dll (API version 3944462).
LogModuleManager: Display: Found up-to-date module file ../../../Engine/Plugins/Developer/UObjectPlugin/Binaries/Win64/UE4Editor-UObjectPlugin.dll (API version 3944462).
LogModuleManager: Display: Found up-to-date module file ../../../Engine/Plugins/Developer/VisualStudioCodeSourceCodeAccess/Binaries/Win64/UE4Editor-VisualStudioCodeSourceCodeAccess.dll (API version 3944462).
LogModuleManager: Display: Found up-to-date module file ../../../Engine/Plugins/Developer/VisualStudioSourceCodeAccess/Binaries/Win64/UE4Editor-VisualStudioSourceCodeAccess.dll (API version 3944462).
LogModuleManager: Display: Found up-to-date module file ../../../Engine/Plugins/Editor/AssetManagerEditor/Binaries/Win64/UE4Editor-AssetManagerEditor.dll (API version 3944462).
LogModuleManager: Display: Found up-to-date module file ../../../Engine/Plugins/Editor/CryptoKeys/Binaries/Win64/UE4Editor-CryptoKeys.dll (API version 3944462).
LogModuleManager: Display: Found up-to-date module file ../../../Engine/Plugins/Editor/CryptoKeys/Binaries/Win64/UE4Editor-CryptoKeysOpenSSL.dll (API version 3944462).
LogModuleManager: Display: Found up-to-date module file ../../../Engine/Plugins/Editor/DataValidation/Binaries/Win64/UE4Editor-DataValidation.dll (API version 3944462).
LogModuleManager: Display: Found up-to-date module file ../../../Engine/Plugins/Editor/FacialAnimation/Binaries/Win64/UE4Editor-FacialAnimation.dll (API version 3944462).
LogModuleManager: Display: Found up-to-date module file ../../../Engine/Plugins/Editor/FacialAnimation/Binaries/Win64/UE4Editor-FacialAnimationEditor.dll (API version 3944462).
LogModuleManager: Display: Found up-to-date module file ../../../Engine/Plugins/Editor/GameplayTagsEditor/Binaries/Win64/UE4Editor-GameplayTagsEditor.dll (API version 3944462).
LogModuleManager: Display: Found up-to-date module file ../../../Engine/Plugins/Editor/MobileLauncherProfileWizard/Binaries/Win64/UE4Editor-MobileLauncherProfileWizard.dll (API version 3944462).
LogModuleManager: Display: Found up-to-date module file ../../../Engine/Plugins/Editor/PluginBrowser/Binaries/Win64/UE4Editor-PluginBrowser.dll (API version 3944462).
LogModuleManager: Display: Found up-to-date module file ../../../Engine/Plugins/Editor/SpeedTreeImporter/Binaries/Win64/UE4Editor-SpeedTreeImporter.dll (API version 3944462).
LogModuleManager: Display: Found up-to-date module file ../../../Engine/Plugins/Enterprise/DatasmithContent/Binaries/Win64/UE4Editor-DatasmithContent.dll (API version 3944462).
LogModuleManager: Display: Found up-to-date module file ../../../Engine/Plugins/Experimental/AlembicImporter/Binaries/Win64/UE4Editor-AlembicImporter.dll (API version 3944462).
LogModuleManager: Display: Found up-to-date module file ../../../Engine/Plugins/Experimental/AlembicImporter/Binaries/Win64/UE4Editor-AlembicLibrary.dll (API version 3944462).
LogModuleManager: Display: Found up-to-date module file ../../../Engine/Plugins/Experimental/CharacterAI/Binaries/Win64/UE4Editor-CharacterAI.dll (API version 3944462).
LogModuleManager: Display: Found up-to-date module file ../../../Engine/Plugins/Experimental/HTML5Networking/Binaries/Win64/UE4Editor-HTML5Networking.dll (API version 3944462).
LogModuleManager: Display: Found up-to-date module file ../../../Engine/Plugins/Media/AndroidMedia/Binaries/Win64/UE4Editor-AndroidMediaEditor.dll (API version 3944462).
LogModuleManager: Display: Found up-to-date module file ../../../Engine/Plugins/Media/AndroidMedia/Binaries/Win64/UE4Editor-AndroidMediaFactory.dll (API version 3944462).
LogModuleManager: Display: Found up-to-date module file ../../../Engine/Plugins/Media/AvfMedia/Binaries/Win64/UE4Editor-AvfMediaEditor.dll (API version 3944462).
LogModuleManager: Display: Found up-to-date module file ../../../Engine/Plugins/Media/AvfMedia/Binaries/Win64/UE4Editor-AvfMediaFactory.dll (API version 3944462).
LogModuleManager: Display: Found up-to-date module file ../../../Engine/Plugins/Media/AvfMedia/Binaries/Win64/UE4Editor-AvfMediaFactory.dll (API version 3944462).
LogModuleManager: Display: Found up-to-date module file ../../../Engine/Plugins/Media/ImgMedia/Binaries/Win64/UE4Editor-ImgMedia.dll (API version 3944462).
LogModuleManager: Display: Found up-to-date module file ../../../Engine/Plugins/Media/ImgMedia/Binaries/Win64/UE4Editor-ImgMediaEditor.dll (API version 3944462).
LogModuleManager: Display: Found up-to-date module file ../../../Engine/Plugins/Media/ImgMedia/Binaries/Win64/UE4Editor-ImgMediaFactory.dll (API version 3944462).
LogModuleManager: Display: Found up-to-date module file ../../../Engine/Plugins/Media/ImgMedia/Binaries/Win64/UE4Editor-ImgMediaFactory.dll (API version 3944462).
LogModuleManager: Display: Found up-to-date module file ../../../Engine/Plugins/Media/ImgMedia/Binaries/Win64/UE4Editor-OpenExrWrapper.dll (API version 3944462).
LogModuleManager: Display: Found up-to-date module file ../../../Engine/Plugins/Media/LinearTimecode/Binaries/Win64/UE4Editor-LinearTimecode.dll (API version 3944462).
LogModuleManager: Display: Found up-to-date module file ../../../Engine/Plugins/Media/MediaCompositing/Binaries/Win64/UE4Editor-MediaCompositing.dll (API version 3944462).
LogModuleManager: Display: Found up-to-date module file ../../../Engine/Plugins/Media/MediaCompositing/Binaries/Win64/UE4Editor-MediaCompositingEditor.dll (API version 3944462).
LogModuleManager: Display: Found up-to-date module file ../../../Engine/Plugins/Media/MediaPlayerEditor/Binaries/Win64/UE4Editor-MediaPlayerEditor.dll (API version 3944462).
LogModuleManager: Display: Found up-to-date module file ../../../Engine/Plugins/Media/WmfMedia/Binaries/Win64/UE4Editor-WmfMedia.dll (API version 3944462).
LogModuleManager: Display: Found up-to-date module file ../../../Engine/Plugins/Media/WmfMedia/Binaries/Win64/UE4Editor-WmfMediaEditor.dll (API version 3944462).
LogModuleManager: Display: Found up-to-date module file ../../../Engine/Plugins/Media/WmfMedia/Binaries/Win64/UE4Editor-WmfMediaFactory.dll (API version 3944462).
LogModuleManager: Display: Found up-to-date module file ../../../Engine/Plugins/Media/WmfMedia/Binaries/Win64/UE4Editor-WmfMediaFactory.dll (API version 3944462).
LogModuleManager: Display: Found up-to-date module file ../../../Engine/Plugins/Messaging/TcpMessaging/Binaries/Win64/UE4Editor-TcpMessaging.dll (API version 3944462).
LogModuleManager: Display: Found up-to-date module file ../../../Engine/Plugins/Messaging/UdpMessaging/Binaries/Win64/UE4Editor-UdpMessaging.dll (API version 3944462).
LogModuleManager: Display: Found up-to-date module file ../../../Engine/Plugins/MovieScene/ActorSequence/Binaries/Win64/UE4Editor-ActorSequence.dll (API version 3944462).
LogModuleManager: Display: Found up-to-date module file ../../../Engine/Plugins/MovieScene/LevelSequenceEditor/Binaries/Win64/UE4Editor-LevelSequenceEditor.dll (API version 3944462).
LogModuleManager: Display: Found up-to-date module file ../../../Engine/Plugins/MovieScene/MatineeToLevelSequence/Binaries/Win64/UE4Editor-MatineeToLevelSequence.dll (API version 3944462).
LogModuleManager: Display: Found up-to-date module file ../../../Engine/Plugins/NetcodeUnitTest/NetcodeUnitTest/Binaries/Win64/UE4Editor-NetcodeUnitTest.dll (API version 3944462).
LogModuleManager: Display: Found up-to-date module file ../../../Engine/Plugins/NetcodeUnitTest/NUTUnrealEngine4/Binaries/Win64/UE4Editor-NUTUnrealEngine4.dll (API version 3944462).
LogModuleManager: Display: Found up-to-date module file ../../../Engine/Plugins/Online/OnlineSubsystem/Binaries/Win64/UE4Editor-OnlineSubsystem.dll (API version 3944462).
LogModuleManager: Display: Found up-to-date module file ../../../Engine/Plugins/Online/OnlineSubsystemNull/Binaries/Win64/UE4Editor-OnlineSubsystemNull.dll (API version 3944462).
LogModuleManager: Display: Found up-to-date module file ../../../Engine/Plugins/Online/OnlineSubsystemUtils/Binaries/Win64/UE4Editor-OnlineSubsystemUtils.dll (API version 3944462).
LogModuleManager: Display: Found up-to-date module file ../../../Engine/Plugins/Online/OnlineSubsystemUtils/Binaries/Win64/UE4Editor-OnlineBlueprintSupport.dll (API version 3944462).
LogModuleManager: Display: Found up-to-date module file ../../../Engine/Plugins/Runtime/AndroidDeviceProfileSelector/Binaries/Win64/UE4Editor-AndroidDeviceProfileSelector.dll (API version 3944462).
LogModuleManager: Display: Found up-to-date module file ../../../Engine/Plugins/Runtime/AndroidPermission/Binaries/Win64/UE4Editor-AndroidPermission.dll (API version 3944462).
LogModuleManager: Display: Found up-to-date module file ../../../Engine/Plugins/Runtime/AppleARKit/Binaries/Win64/UE4Editor-AppleARKit.dll (API version 3944462).
LogModuleManager: Display: Found up-to-date module file ../../../Engine/Plugins/Runtime/ArchVisCharacter/Binaries/Win64/UE4Editor-ArchVisCharacter.dll (API version 3944462).
LogModuleManager: Display: Found up-to-date module file ../../../Engine/Plugins/Runtime/AudioCapture/Binaries/Win64/UE4Editor-AudioCapture.dll (API version 3944462).
LogModuleManager: Display: Found up-to-date module file ../../../Engine/Plugins/Runtime/AudioCapture/Binaries/Win64/UE4Editor-AudioCaptureEditor.dll (API version 3944462).
LogModuleManager: Display: Found up-to-date module file ../../../Engine/Plugins/Runtime/CableComponent/Binaries/Win64/UE4Editor-CableComponent.dll (API version 3944462).
LogModuleManager: Display: Found up-to-date module file ../../../Engine/Plugins/Runtime/CustomMeshComponent/Binaries/Win64/UE4Editor-CustomMeshComponent.dll (API version 3944462).
LogModuleManager: Display: Found up-to-date module file ../../../Engine/Plugins/Runtime/ExampleDeviceProfileSelector/Binaries/Win64/UE4Editor-ExampleDeviceProfileSelector.dll (API version 3944462).
LogModuleManager: Display: Found up-to-date module file ../../../Engine/Plugins/Runtime/ImmediatePhysics/Binaries/Win64/UE4Editor-ImmediatePhysics.dll (API version 3944462).
LogModuleManager: Display: Found up-to-date module file ../../../Engine/Plugins/Runtime/ImmediatePhysics/Binaries/Win64/UE4Editor-ImmediatePhysicsEditor.dll (API version 3944462).
LogModuleManager: Display: Found up-to-date module file ../../../Engine/Plugins/Runtime/LocationServicesBPLibrary/Binaries/Win64/UE4Editor-LocationServicesBPLibrary.dll (API version 3944462).
LogModuleManager: Display: Found up-to-date module file ../../../Engine/Plugins/Runtime/MobilePatchingUtils/Binaries/Win64/UE4Editor-MobilePatchingUtils.dll (API version 3944462).
LogModuleManager: Display: Found up-to-date module file ../../../Engine/Plugins/Runtime/Oculus/OculusVR/Binaries/Win64/UE4Editor-OculusHMD.dll (API version 3944462).
LogModuleManager: Display: Found up-to-date module file ../../../Engine/Plugins/Runtime/Oculus/OculusVR/Binaries/Win64/UE4Editor-OculusInput.dll (API version 3944462).
LogModuleManager: Display: Found up-to-date module file ../../../Engine/Plugins/Runtime/Oculus/OculusVR/Binaries/Win64/UE4Editor-OculusEditor.dll (API version 3944462).
LogModuleManager: Display: Found up-to-date module file ../../../Engine/Plugins/Runtime/PhysXVehicles/Binaries/Win64/UE4Editor-PhysXVehicles.dll (API version 3944462).
LogModuleManager: Display: Found up-to-date module file ../../../Engine/Plugins/Runtime/PhysXVehicles/Binaries/Win64/UE4Editor-PhysXVehiclesEditor.dll (API version 3944462).
LogModuleManager: Display: Found up-to-date module file ../../../Engine/Plugins/Runtime/ProceduralMeshComponent/Binaries/Win64/UE4Editor-ProceduralMeshComponent.dll (API version 3944462).
LogModuleManager: Display: Found up-to-date module file ../../../Engine/Plugins/Runtime/ProceduralMeshComponent/Binaries/Win64/UE4Editor-ProceduralMeshComponentEditor.dll (API version 3944462).
LogModuleManager: Display: Found up-to-date module file ../../../Engine/Plugins/Runtime/RuntimePhysXCooking/Binaries/Win64/UE4Editor-RuntimePhysXCooking.dll (API version 3944462).
LogModuleManager: Display: Found up-to-date module file ../../../Engine/Plugins/Runtime/Steam/SteamVR/Binaries/Win64/UE4Editor-SteamVR.dll (API version 3944462).
LogModuleManager: Display: Found up-to-date module file ../../../Engine/Plugins/Runtime/Steam/SteamVR/Binaries/Win64/UE4Editor-SteamVRController.dll (API version 3944462).
LogModuleManager: Display: Found up-to-date module file ../../../Engine/Plugins/Runtime/WindowsMoviePlayer/Binaries/Win64/UE4Editor-WindowsMoviePlayer.dll (API version 3944462).
LogInit: Using libcurl 7.47.1
LogInit:  - built for x86_64-pc-win32
LogInit:  - supports SSL with OpenSSL/1.0.2g
LogInit:  - supports HTTP deflate (compression) using libz 1.2.8
LogInit:  - other features:
LogInit:      CURL_VERSION_SSL
LogInit:      CURL_VERSION_LIBZ
LogInit:      CURL_VERSION_IPV6
LogInit:      CURL_VERSION_ASYNCHDNS
LogInit:      CURL_VERSION_LARGEFILE
LogInit:      CURL_VERSION_IDN
LogInit:  CurlRequestOptions (configurable via config and command line):
LogInit:  - bVerifyPeer = false  - Libcurl will NOT verify peer certificate
LogInit:  - bUseHttpProxy = false  - Libcurl will NOT use HTTP proxy
LogInit:  - bDontReuseConnections = false  - Libcurl will reuse connections
LogInit:  - CertBundlePath = nullptr  - Libcurl will use whatever was configured at build time.
LogInit:  - MaxHostConnections = 16  - Libcurl will limit the number of connections to a host
LogInit:  - LocalHostAddr = Default
LogInit: WinSock: version 1.1 (2.2), MaxSocks=32767, MaxUdp=65467
LogInit: WinSock: I am LAPTOP-2E2LEE5I (155.158.94.58:0)
LogInit: Build: ++UE4+Release-4.19-CL-4033788
LogInit: Engine Version: 4.19.2-4033788+++UE4+Release-4.19
LogInit: Compatible Engine Version: 4.19.0-3944462+++UE4+Release-4.19
LogInit: Net CL: 3944462
LogDevObjectVersion: Number of dev versions registered: 18
LogDevObjectVersion:   Dev-Blueprints (B0D832E4-1F89-4F0D-ACCF-7EB736FD4AA2): 10
LogDevObjectVersion:   Dev-Build (E1C64328-A22C-4D53-A36C-8E866417BD8C): 0
LogDevObjectVersion:   Dev-Core (375EC13C-06E4-48FB-B500-84F0262A717E): 2
LogDevObjectVersion:   Dev-Editor (E4B068ED-F494-42E9-A231-DA0B2E46BB41): 23
LogDevObjectVersion:   Dev-Framework (CFFC743F-43B0-4480-9391-14DF171D2073): 33
LogDevObjectVersion:   Dev-Mobile (B02B49B5-BB20-44E9-A304-32B752E40360): 2
LogDevObjectVersion:   Dev-Networking (A4E4105C-59A1-49B5-A7C5-40C4547EDFEE): 0
LogDevObjectVersion:   Dev-Online (39C831C9-5AE6-47DC-9A44-9C173E1C8E7C): 0
LogDevObjectVersion:   Dev-Physics (78F01B33-EBEA-4F98-B9B4-84EACCB95AA2): 0
LogDevObjectVersion:   Dev-Platform (6631380F-2D4D-43E0-8009-CF276956A95A): 0
LogDevObjectVersion:   Dev-Rendering (12F88B9F-8875-4AFC-A67C-D90C383ABD29): 25
LogDevObjectVersion:   Dev-Sequencer (7B5AE74C-D270-4C10-A958-57980B212A5A): 6
LogDevObjectVersion:   Dev-VR (D7296918-1DD6-4BDD-9DE2-64A83CC13884): 1
LogDevObjectVersion:   Dev-LoadTimes (C2A15278-BFE7-4AFE-6C17-90FF531DF755): 1
LogDevObjectVersion:   Private-Geometry (6EACA3D4-40EC-4CC1-B786-8BED09428FC5): 2
LogDevObjectVersion:   Dev-AnimPhys (29E575DD-E0A3-4627-9D10-D276232CDCEA): 16
LogDevObjectVersion:   Dev-ReflectionCapture (6B266CEC-1EC7-4B8F-A30B-E4D90942FC07): 1
LogDevObjectVersion:   Dev-Automation (0DF73D61-A23F-47EA-B727-89E90C41499A): 1
LogInit: Compiled (64-bit): Apr 27 2018 02:06:57
LogInit: Compiled with Visual C++: 19.00.24215.01
LogInit: Build Configuration: Development
LogInit: Branch Name: ++UE4+Release-4.19
LogInit: Command Line: -EpicPortal  -epicusername="Alexandrite9" -epicuserid=a945e6a91e9e4c7688433fa9731885df -epiclocale=pl-PL
LogInit: Base Directory: E:/Program Files/UE_4.19/Engine/Binaries/Win64/
LogInit: Installed Engine Build: 1
LogStreaming: Display: Took  0.000s to delete old logs.
LogInit: Presizing for max 8388607 objects, including 0 objects not considered by GC, pre-allocating 0 bytes for permanent pool.
LogInit: Object subsystem initialized
[2019.11.20-11.25.30:962][  0]LogInit: Selected Device Profile: [Windows]
[2019.11.20-11.25.30:962][  0]LogInit: Applying CVar settings loaded from the selected device profile: [Windows]
[2019.11.20-11.25.30:978][  0]LogInit: Computer: LAPTOP-2E2LEE5I
[2019.11.20-11.25.30:978][  0]LogInit: User: Aleks
[2019.11.20-11.25.30:978][  0]LogInit: CPU Page size=4096, Cores=4
[2019.11.20-11.25.30:978][  0]LogInit: High frequency timer resolution =10.000000 MHz
[2019.11.20-11.25.30:978][  0]LogMemory: Memory total: Physical=15.9GB (16GB approx)
[2019.11.20-11.25.30:978][  0]LogMemory: Platform Memory Stats for Windows
[2019.11.20-11.25.30:978][  0]LogMemory: Process Physical Memory: 273.28 MB used, 273.28 MB peak
[2019.11.20-11.25.30:978][  0]LogMemory: Process Virtual Memory: 261.88 MB used, 261.88 MB peak
[2019.11.20-11.25.30:978][  0]LogMemory: Physical Memory: 11054.42 MB used,  5221.74 MB free, 16276.16 MB total
[2019.11.20-11.25.30:978][  0]LogMemory: Virtual Memory: 4765.48 MB used,  5221.74 MB free, 134217728.00 MB total
[2019.11.20-11.25.30:999][  0]LogInit: Using OS detected language (pl-PL).
[2019.11.20-11.25.30:999][  0]LogInit: Using OS detected locale (pl-PL).
[2019.11.20-11.25.31:003][  0]LogTextLocalizationManager: No localization for 'pl-PL' exists, so 'en' will be used for the language.
[2019.11.20-11.25.31:467][  0]LogStreaming: Display: Took  0.468s to EndInitTextLocalization.
[2019.11.20-11.25.31:467][  0]LogInit: Setting process to per monitor DPI aware
[2019.11.20-11.25.31:502][  0]LogSlate: New Slate User Created.  User Index 0, Is Virtual User: 0
[2019.11.20-11.25.31:502][  0]LogSlate: Slate User Registered.  User Index 0, Is Virtual User: 0
[2019.11.20-11.25.31:740][  0]LogD3D11RHI: D3D11 adapters:
[2019.11.20-11.25.31:795][  0]LogD3D11RHI:    0. 'NVIDIA GeForce GTX 1050' (Feature Level 11_0)
[2019.11.20-11.25.31:795][  0]LogD3D11RHI:       4021/0/8138 MB DedicatedVideo/DedicatedSystem/SharedSystem, Outputs:1, VendorId:0x10de
[2019.11.20-11.25.31:806][  0]LogD3D11RHI:    1. 'Intel(R) HD Graphics 630' (Feature Level 11_0)
[2019.11.20-11.25.31:806][  0]LogD3D11RHI:       128/0/8138 MB DedicatedVideo/DedicatedSystem/SharedSystem, Outputs:0, VendorId:0x8086
[2019.11.20-11.25.31:808][  0]LogD3D11RHI:    2. 'Microsoft Basic Render Driver' (Feature Level 11_0)
[2019.11.20-11.25.31:808][  0]LogD3D11RHI:       0/0/8138 MB DedicatedVideo/DedicatedSystem/SharedSystem, Outputs:0, VendorId:0x1414
[2019.11.20-11.25.31:808][  0]LogD3D11RHI: Chosen D3D11 Adapter: 0
[2019.11.20-11.25.31:838][  0]LogD3D11RHI: Creating new Direct3DDevice
[2019.11.20-11.25.31:838][  0]LogD3D11RHI:     GPU DeviceId: 0x1c8d (for the marketing name, search the web for "GPU Device Id")
[2019.11.20-11.25.31:839][  0]LogWindows: EnumDisplayDevices:
[2019.11.20-11.25.31:839][  0]LogWindows:    0. 'Intel(R) HD Graphics 630' (P:1 D:1)
[2019.11.20-11.25.31:839][  0]LogWindows:    1. 'Intel(R) HD Graphics 630' (P:0 D:0)
[2019.11.20-11.25.31:839][  0]LogWindows:    2. 'Intel(R) HD Graphics 630' (P:0 D:0)
[2019.11.20-11.25.31:839][  0]LogWindows: DebugString: GetVideoDriverDetailsInvalid PrimaryIsNotTheChoosenAdapter GetVideoDriverDetailsInvalid PrimaryIsNotTheChoosenAdapter GetVideoDriverDetailsInvalid PrimaryIsNotTheChoosenAdapter FoundDriverCount:0 
[2019.11.20-11.25.31:839][  0]LogD3D11RHI:     Adapter Name: NVIDIA GeForce GTX 1050
[2019.11.20-11.25.31:839][  0]LogD3D11RHI:   Driver Version: Unknown (internal:Unknown, unified:Unknown)
[2019.11.20-11.25.31:839][  0]LogD3D11RHI:      Driver Date: Unknown
[2019.11.20-11.25.31:839][  0]LogRHI: Texture pool is 2814 MB (70% of 4021 MB)
[2019.11.20-11.25.31:878][  0]LogD3D11RHI: [Aftermath] Aftermath enabled and primed
[2019.11.20-11.25.31:878][  0]LogD3D11RHI: [Aftermath] Aftermath enabled and primed
[2019.11.20-11.25.31:878][  0]LogD3D11RHI: Async texture creation enabled
[2019.11.20-11.25.31:896][  0]LogD3D11RHI: GPU Timing Frequency: 1000.000000 (Debug: 2 2)
[2019.11.20-11.25.31:897][  0]LogShaderCompilers: Guid format shader working directory is -8 characters bigger than the processId version (../../../../../STUDIA/Programowanie/UnrealC/Section01/Intermediate/Shaders/WorkingDirectory/19564/).
[2019.11.20-11.25.31:897][  0]LogShaderCompilers: Cleaned the shader compiler working directory 'C:/Users/Aleks/AppData/Local/Temp/UnrealShaderWorkingDir/A4DDB9C04E2C65F8C230B98E5F23D1C9/'.
[2019.11.20-11.25.32:154][  0]LogTemp: Display: Loaded TP AllDesktopTargetPlatform
[2019.11.20-11.25.32:167][  0]LogTemp: Display: Loaded TP MacClientTargetPlatform
[2019.11.20-11.25.32:179][  0]LogTemp: Display: Loaded TP MacNoEditorTargetPlatform
[2019.11.20-11.25.32:192][  0]LogTemp: Display: Loaded TP MacServerTargetPlatform
[2019.11.20-11.25.32:205][  0]LogTemp: Display: Loaded TP MacTargetPlatform
[2019.11.20-11.25.32:218][  0]LogTemp: Display: Loaded TP WindowsClientTargetPlatform
[2019.11.20-11.25.32:231][  0]LogTemp: Display: Loaded TP WindowsNoEditorTargetPlatform
[2019.11.20-11.25.32:245][  0]LogTemp: Display: Loaded TP WindowsServerTargetPlatform
[2019.11.20-11.25.32:251][  0]LogTemp: Display: Loaded TP WindowsTargetPlatform
[2019.11.20-11.25.32:263][  0]LogTemp: Display: Loaded TP Android_ASTCTargetPlatform
[2019.11.20-11.25.32:276][  0]LogTemp: Display: Loaded TP Android_ATCTargetPlatform
[2019.11.20-11.25.32:288][  0]LogTemp: Display: Loaded TP Android_DXTTargetPlatform
[2019.11.20-11.25.32:300][  0]LogTemp: Display: Loaded TP Android_ETC1aTargetPlatform
[2019.11.20-11.25.32:312][  0]LogTemp: Display: Loaded TP Android_ETC1TargetPlatform
[2019.11.20-11.25.32:324][  0]LogTemp: Display: Loaded TP Android_ETC2TargetPlatform
[2019.11.20-11.25.32:349][  0]LogTemp: Display: Loaded TP Android_MultiTargetPlatform
[2019.11.20-11.25.32:349][  0]LogTemp: Display: Loaded TP Android_PVRTCTargetPlatform
[2019.11.20-11.25.32:361][  0]LogTemp: Display: Loaded TP AndroidTargetPlatform
[2019.11.20-11.25.32:362][  0]LogTemp: Display: Loaded TP HTML5TargetPlatform
[2019.11.20-11.25.32:400][  0]LogTemp: Display: Loaded TP IOSTargetPlatform
[2019.11.20-11.25.32:412][  0]LogTemp: Display: Loaded TP TVOSTargetPlatform
[2019.11.20-11.25.32:424][  0]LogTemp: Display: Loaded TP LinuxClientTargetPlatform
[2019.11.20-11.25.32:437][  0]LogTemp: Display: Loaded TP LinuxNoEditorTargetPlatform
[2019.11.20-11.25.32:450][  0]LogTemp: Display: Loaded TP LinuxServerTargetPlatform
[2019.11.20-11.25.32:463][  0]LogTemp: Display: Loaded TP LinuxTargetPlatform
[2019.11.20-11.25.32:463][  0]LogTargetPlatformManager: Display: Building Assets For Windows
[2019.11.20-11.25.32:567][  0]LogXGEController: Cannot use XGE Controller as Incredibuild is not installed on this machine.
[2019.11.20-11.25.32:567][  0]LogShaderCompilers: Cannot use XGE Shader Compiler as Incredibuild is not installed on this machine.
[2019.11.20-11.25.32:567][  0]LogShaderCompilers: Display: Using Local Shader Compiler.
[2019.11.20-11.25.33:310][  0]LogDerivedDataCache: Display: Max Cache Size: 512 MB
[2019.11.20-11.25.33:382][  0]LogDerivedDataCache: Loaded boot cache 0.07s 74MB C:/Users/Aleks/AppData/Local/UnrealEngine/4.19/DerivedDataCache/Boot.ddc.
[2019.11.20-11.25.33:382][  0]LogDerivedDataCache: Display: Loaded Boot cache: C:/Users/Aleks/AppData/Local/UnrealEngine/4.19/DerivedDataCache/Boot.ddc
[2019.11.20-11.25.33:382][  0]LogDerivedDataCache: FDerivedDataBackendGraph:  Pak pak cache file ../../../../../STUDIA/Programowanie/UnrealC/Section01/DerivedDataCache/DDC.ddp not found, will not use a pak cache.
[2019.11.20-11.25.33:382][  0]LogDerivedDataCache: Unable to find inner node Pak for hierarchical cache Hierarchy.
[2019.11.20-11.25.33:382][  0]LogDerivedDataCache: FDerivedDataBackendGraph:  CompressedPak pak cache file ../../../../../STUDIA/Programowanie/UnrealC/Section01/DerivedDataCache/Compressed.ddp not found, will not use a pak cache.
[2019.11.20-11.25.33:382][  0]LogDerivedDataCache: Unable to find inner node CompressedPak for hierarchical cache Hierarchy.
[2019.11.20-11.25.33:400][  0]LogDerivedDataCache: Display: Pak cache opened for reading ../../../Engine/DerivedDataCache/Compressed.ddp.
[2019.11.20-11.25.33:413][  0]LogDerivedDataCache: Using Local data cache path C:/Users/Aleks/AppData/Local/UnrealEngine/Common/DerivedDataCache: Writable
[2019.11.20-11.25.33:413][  0]LogDerivedDataCache: Shared data cache path not found in *engine.ini, will not use an Shared cache.
[2019.11.20-11.25.33:413][  0]LogDerivedDataCache: Unable to find inner node Shared for hierarchical cache Hierarchy.
[2019.11.20-11.25.33:425][  0]LogMaterial: Verifying Global Shaders for PCD3D_SM5
[2019.11.20-11.25.33:426][  0]LogSlate: Using Freetype 2.6.0
[2019.11.20-11.25.33:426][  0]LogSlate: SlateFontCache - WITH_FREETYPE: 1, WITH_HARFBUZZ: 1
[2019.11.20-11.25.33:426][  0]LogSlate: SlateFontCache - WITH_FREETYPE: 1, WITH_HARFBUZZ: 1
[2019.11.20-11.25.33:558][  0]LogAssetRegistry: FAssetRegistry took 0.0272 seconds to start up
[2019.11.20-11.25.33:869][  0]LogInit: Selected Device Profile: [Windows]
[2019.11.20-11.25.34:018][  0]LogSimplygon: Simplygon DLL not present - disabling.
[2019.11.20-11.25.34:020][  0]LogMeshReduction: Using SimplygonSwarm for distributed automatic mesh merging
[2019.11.20-11.25.34:020][  0]LogMeshReduction: Using QuadricMeshReduction for automatic static mesh reduction
[2019.11.20-11.25.34:020][  0]LogMeshReduction: No automatic skeletal mesh reduction module available
[2019.11.20-11.25.34:020][  0]LogMeshReduction: No automatic mesh merging module available
[2019.11.20-11.25.34:020][  0]LogMeshMerging: No automatic mesh merging module available
[2019.11.20-11.25.34:047][  0]LogNetVersion: Section01 , NetCL: 3944462, EngineNetVer: 2, GameNetVer: 0 (Checksum: 2553565413)
[2019.11.20-11.25.34:542][  0]LogPackageLocalizationCache: Processed 9 localized package path(s) for 1 prioritized culture(s) in 0.048688 seconds
[2019.11.20-11.25.34:548][  0]LogUObjectArray: 36728 objects as part of root set at end of initial load.
[2019.11.20-11.25.34:548][  0]LogUObjectAllocator: 7314312 out of 0 bytes used by permanent object pool.
[2019.11.20-11.25.34:548][  0]LogUObjectArray: CloseDisregardForGC: 0/0 objects in disregard for GC pool
[2019.11.20-11.25.36:412][  0]LogTcpMessaging: Initializing TcpMessaging bridge
[2019.11.20-11.25.36:441][  0]LogUdpMessaging: Initializing bridge on interface 0.0.0.0:0 to multicast group 230.0.0.1:6666.
[2019.11.20-11.25.36:809][  0]SourceControl: Source control is disabled
[2019.11.20-11.25.36:809][  0]SourceControl: Source control is disabled
[2019.11.20-11.25.36:827][  0]SourceControl: Source control is disabled
[2019.11.20-11.25.36:846][  0]SourceControl: Source control is disabled
[2019.11.20-11.25.37:320][  0]LogAndroidPermission: UAndroidPermissionCallbackProxy::GetInstance
[2019.11.20-11.25.37:496][  0]LogOcInput: OculusInput pre-init called
[2019.11.20-11.25.37:605][  0]LogEngine: Initializing Engine...
[2019.11.20-11.25.37:606][  0]LogHMD: Failed to initialize OpenVR with code 110
[2019.11.20-11.25.37:607][  0]LogStats: UGameplayTagsManager::ConstructGameplayTagTree: Construct from data asset -  0.000 s
[2019.11.20-11.25.37:607][  0]LogStats: UGameplayTagsManager::ConstructGameplayTagTree: GameplayTagTreeChangedEvent.Broadcast -  0.000 s
[2019.11.20-11.25.37:840][  0]LogAIModule: Creating AISystem for world Untitled
[2019.11.20-11.25.37:937][  0]LogInit: XAudio2 using 'Głośniki (Realtek High Definition Audio)' : 2 channels at 48 kHz using 32 bits per sample (channel mask 0x3)
[2019.11.20-11.25.38:176][  0]LogInit: FAudioDevice initialized.
[2019.11.20-11.25.38:329][  0]LogDerivedDataCache: Saved boot cache 0.15s 74MB C:/Users/Aleks/AppData/Local/UnrealEngine/4.19/DerivedDataCache/Boot.ddc.
[2019.11.20-11.25.38:345][  0]LogInit: Texture streaming: Enabled
[2019.11.20-11.25.38:359][  0]LogEngineSessionManager: EngineSessionManager initialized
[2019.11.20-11.25.38:374][  0]LogInit: Transaction tracking system initialized
[2019.11.20-11.25.38:393][  0]BlueprintLog: New page: Editor Load
[2019.11.20-11.25.38:455][  0]LocalizationService: Localization service is disabled
[2019.11.20-11.25.38:543][  0]LogConsoleResponse: Display: 
[2019.11.20-11.25.38:690][  0]LogCook: Display: Max memory allowance for cook 16384mb min free memory 0mb
[2019.11.20-11.25.38:690][  0]LogFileCache: Scanning file cache for directory 'E:/STUDIA/Programowanie/UnrealC/Section01/Content/' took 0.01s
[2019.11.20-11.25.38:690][  0]LogCook: Display: Mobile HDR setting 1
[2019.11.20-11.25.38:690][  0]LogGameplayTags: Display: UGameplayTagsManager::DoneAddingNativeTags. DelegateIsBound: 0
[2019.11.20-11.25.38:690][  0]LogStats: UGameplayTagsManager::ConstructGameplayTagTree: Construct from data asset -  0.000 s
[2019.11.20-11.25.38:690][  0]LogStats: UGameplayTagsManager::ConstructGameplayTagTree: GameplayTagTreeChangedEvent.Broadcast -  0.000 s
[2019.11.20-11.25.39:023][  0]SourceControl: Source control is disabled
[2019.11.20-11.25.39:023][  0]Cmd: MAP LOAD FILE="../../../Engine/Content/Maps/Templates/Template_Default.umap" TEMPLATE=1 SHOWPROGRESS=1 FEATURELEVEL=3
[2019.11.20-11.25.39:024][  0]LightingResults: New page: Lighting Build
[2019.11.20-11.25.39:026][  0]MapCheck: New page: Map Check
[2019.11.20-11.25.39:026][  0]LightingResults: New page: Lighting Build
[2019.11.20-11.25.39:224][  0]LogAIModule: Creating AISystem for world Untitled_1
[2019.11.20-11.25.39:230][  0]LogEditorServer: Finished looking for orphan Actors (0.000 secs)
[2019.11.20-11.25.39:242][  0]Cmd: MAP CHECKDEP NOCLEARLOG
[2019.11.20-11.25.39:289][  0]MapCheck: Map check complete: 0 Error(s), 0 Warning(s), took 46,063ms to complete.
[2019.11.20-11.25.39:289][  0]LogFileHelpers: Loading map 'Template_Default' took 0.265
[2019.11.20-11.25.39:439][  0]LogCollectionManager: Loaded 0 collections in 0.001160 seconds
[2019.11.20-11.25.39:480][  0]LogFileCache: Scanning file cache for directory 'E:/STUDIA/Programowanie/UnrealC/Section01/Saved/Collections/' took 0.01s
[2019.11.20-11.25.39:480][  0]LogFileCache: Scanning file cache for directory 'E:/STUDIA/Programowanie/UnrealC/Section01/Content/Developers/Aleks/Collections/' took 0.01s
[2019.11.20-11.25.39:480][  0]LogFileCache: Scanning file cache for directory 'E:/STUDIA/Programowanie/UnrealC/Section01/Content/Collections/' took 0.01s
[2019.11.20-11.25.39:480][  0]LogCollectionManager: Rebuilt the GUID cache for 0 collections in 0.000000 seconds
[2019.11.20-11.25.39:491][  0]LogContentBrowser: Native class hierarchy populated in 0.0107 seconds. Added 2453 classes and 560 folders.
[2019.11.20-11.25.39:497][  0]LogContentBrowser: Native class hierarchy updated for 'WidgetCarousel' in 0.0007 seconds. Added 0 classes and 0 folders.
[2019.11.20-11.25.39:546][  0]LogContentBrowser: Native class hierarchy updated for 'AddContentDialog' in 0.0007 seconds. Added 0 classes and 0 folders.
[2019.11.20-11.25.39:550][  0]LogContentBrowser: Native class hierarchy updated for 'SceneOutliner' in 0.0008 seconds. Added 1 classes and 2 folders.
[2019.11.20-11.25.39:573][  0]LogSlate: Took 0.000547 seconds to synchronously load lazily loaded font '../../../Engine/Content/Slate/Fonts/Roboto-Regular.ttf' (155K)
[2019.11.20-11.25.39:576][  0]LogSlate: Took 0.000324 seconds to synchronously load lazily loaded font '../../../Engine/Content/Slate/Fonts/Roboto-Bold.ttf' (160K)
[2019.11.20-11.25.39:584][  0]LogSlate: Took 0.000199 seconds to synchronously load lazily loaded font '../../../Engine/Content/Editor/Slate/Fonts/FontAwesome.ttf' (139K)
[2019.11.20-11.25.39:686][  0]LogRenderer: Reallocating scene render targets to support 964x436 Format 10 NumSamples 1 (Frame:1).
[2019.11.20-11.25.39:893][  0]LogContentBrowser: Native class hierarchy updated for 'HierarchicalLODOutliner' in 0.0007 seconds. Added 0 classes and 0 folders.
[2019.11.20-11.25.39:893][  0]LogLoad: (Engine Initialization) Total time: 11.61 seconds
[2019.11.20-11.25.39:893][  0]LogLoad: (Engine Initialization) Total Blueprint compile time: 0.00 seconds
[2019.11.20-11.25.39:922][  0]LogContentStreaming: Texture pool size now 1000 MB
[2019.11.20-11.25.39:961][  1]LogAssetRegistry: Asset discovery search completed in 6.4260 seconds
[2019.11.20-11.25.39:963][  1]LogCollectionManager: Rebuilt the object cache for 0 collections in 0.000000 seconds (found 0 objects)
[2019.11.20-11.25.39:963][  1]LogCollectionManager: Fixed up redirectors for 0 collections in 0.000059 seconds (updated 0 objects)
[2019.11.20-11.25.45:313][157]LogSlate: FSceneViewport::OnFocusLost() reason 0
[2019.11.20-11.26.06:824][767]LogRenderer: Reallocating scene render targets to support 964x504 Format 10 NumSamples 1 (Frame:431).
[2019.11.20-11.26.26:506][245]LogActorFactory: Actor Factory created Cube
[2019.11.20-11.26.34:305][471]LogActorFactory: Actor Factory created Cube
[2019.11.20-11.26.50:751][922]LogEditorViewport: Clicking on Actor (LMB): BP_Sky_Sphere_C (Sky Sphere)
[2019.11.20-11.27.21:199][810]LogSlate: FSceneViewport::OnFocusLost() reason 2
[2019.11.20-11.27.23:101][846]LogSlate: FSceneViewport::OnFocusLost() reason 2
[2019.11.20-11.27.29:955][846]LogTemp: Executing iPhonePackager certificates Engine -bundlename com.YourCompany.Section01
[2019.11.20-11.27.29:955][846]LogTemp: CWD: E:\Program Files\UE_4.19\Engine\Binaries\DotNET\IOS
[2019.11.20-11.27.29:955][846]LogTemp: Initial Dir: E:\Program Files\UE_4.19
[2019.11.20-11.27.29:955][846]LogTemp: Env CWD: E:\Program Files\UE_4.19\Engine\Binaries\DotNET\IOS
[2019.11.20-11.27.29:955][846]LogTemp: BranchPath = LAPTOP-2E2LEE5I/E/Program Files/UE_4.19/Engine/Binaries --- GameBranchPath = LAPTOP-2E2LEE5I/E/Program Files/UE_4.19/Engine/Binaries
[2019.11.20-11.27.29:955][846]LogTemp: IPP ERROR: Could not find provision directory 'C:\Users\Aleks\AppData\Local/Apple Computer/MobileDevice/Provisioning Profiles/'.
[2019.11.20-11.27.29:955][846]LogSlate: Only BGRA pngs, bmps or icos are supported in by External Image Picker
[2019.11.20-11.27.36:309][ 25]LogSlate: Window 'Project Settings' being destroyed
[2019.11.20-11.27.36:347][ 25]LogSlate: Window 'Project Settings' being destroyed
[2019.11.20-11.27.38:675][ 81]LogSlate: FSceneViewport::OnFocusLost() reason 0
[2019.11.20-11.27.53:130][ 83]LogSlate: Window 'Save Level As' being destroyed
[2019.11.20-11.27.53:196][ 83]LogSlate: Took 0.000192 seconds to synchronously load lazily loaded font '../../../Engine/Content/Slate/Fonts/Roboto-Light.ttf' (167K)
[2019.11.20-11.27.53:201][ 83]LogSlate: FSceneViewport::OnFocusLost() reason 2
[2019.11.20-11.27.53:242][ 83]Cmd: OBJ SAVEPACKAGE PACKAGE="/Game/Level_01" FILE="../../../../../STUDIA/Programowanie/UnrealC/Section01/Content/Level_01.umap" SILENT=true AUTOSAVING=false KEEPDIRTY=false
[2019.11.20-11.27.53:416][ 83]LogSavePackage: Save=73.48ms
[2019.11.20-11.27.53:416][ 83]LogSavePackage: Moving '../../../../../STUDIA/Programowanie/UnrealC/Section01/Saved/Level_015AA837394873CE823C3B498B81838422.tmp' to '../../../../../STUDIA/Programowanie/UnrealC/Section01/Content/Level_01.umap'
[2019.11.20-11.27.53:444][ 83]LogSavePackage: Display: Finished SavePackage ../../../../../STUDIA/Programowanie/UnrealC/Section01/Content/Level_01.umap
[2019.11.20-11.27.53:514][ 83]Cmd: OBJ SAVEPACKAGE PACKAGE="/Game/Level_01_BuiltData" FILE="../../../../../STUDIA/Programowanie/UnrealC/Section01/Content/Level_01_BuiltData.uasset" SILENT=true
[2019.11.20-11.27.53:579][ 83]LogSavePackage: Save=61.77ms
[2019.11.20-11.27.53:579][ 83]LogSavePackage: Moving '../../../../../STUDIA/Programowanie/UnrealC/Section01/Saved/Level_01_BuiltDataB279916D42DAD14BE24AC6A05C279CF8.tmp' to '../../../../../STUDIA/Programowanie/UnrealC/Section01/Content/Level_01_BuiltData.uasset'
[2019.11.20-11.27.53:580][ 83]LogSavePackage: Display: Finished SavePackage ../../../../../STUDIA/Programowanie/UnrealC/Section01/Content/Level_01_BuiltData.uasset
[2019.11.20-11.27.53:586][ 83]LogFileHelpers: Saving map 'Level_01' took 0.442
[2019.11.20-11.27.53:791][ 89]LogSlate: Took 0.000194 seconds to synchronously load lazily loaded font '../../../Engine/Content/Slate/Fonts/Roboto-Light.ttf' (167K)
[2019.11.20-11.27.58:354][224]LogSlate: FSceneViewport::OnFocusLost() reason 2
[2019.11.20-11.27.59:556][244]LogSlate: FSceneViewport::OnFocusLost() reason 2
[2019.11.20-11.28.00:487][244]LogSlate: Only BGRA pngs, bmps or icos are supported in by External Image Picker
[2019.11.20-11.28.00:786][246]LogTemp: Executing iPhonePackager certificates Engine -bundlename com.YourCompany.Section01
[2019.11.20-11.28.00:786][246]LogTemp: CWD: E:\Program Files\UE_4.19\Engine\Binaries\DotNET\IOS
[2019.11.20-11.28.00:786][246]LogTemp: Initial Dir: E:\Program Files\UE_4.19
[2019.11.20-11.28.00:786][246]LogTemp: Env CWD: E:\Program Files\UE_4.19\Engine\Binaries\DotNET\IOS
[2019.11.20-11.28.00:786][246]LogTemp: BranchPath = LAPTOP-2E2LEE5I/E/Program Files/UE_4.19/Engine/Binaries --- GameBranchPath = LAPTOP-2E2LEE5I/E/Program Files/UE_4.19/Engine/Binaries
[2019.11.20-11.28.00:786][246]LogTemp: IPP ERROR: Could not find provision directory 'C:\Users\Aleks\AppData\Local/Apple Computer/MobileDevice/Provisioning Profiles/'.
[2019.11.20-11.31.43:191][551]LogSlate: Window 'Project Settings' being destroyed
[2019.11.20-11.31.43:229][551]LogSlate: Window 'Project Settings' being destroyed
[2019.11.20-11.32.46:290][424]LogSlate: FSceneViewport::OnFocusLost() reason 0
[2019.11.20-11.32.46:974][426]Cmd: OBJ SAVEPACKAGE PACKAGE="/Game/Level_01" FILE="../../../../../STUDIA/Programowanie/UnrealC/Section01/Content/Level_01.umap" SILENT=true AUTOSAVING=false KEEPDIRTY=false
[2019.11.20-11.32.47:105][426]LogSavePackage: Save=59.40ms
[2019.11.20-11.32.47:105][426]LogSavePackage: Moving '../../../../../STUDIA/Programowanie/UnrealC/Section01/Saved/Level_0138362A9244D3BB2A48962B8AC57470EC.tmp' to '../../../../../STUDIA/Programowanie/UnrealC/Section01/Content/Level_01.umap'
[2019.11.20-11.32.47:107][426]LogSavePackage: Display: Finished SavePackage ../../../../../STUDIA/Programowanie/UnrealC/Section01/Content/Level_01.umap
[2019.11.20-11.32.47:136][426]Cmd: OBJ SAVEPACKAGE PACKAGE="/Game/Level_01_BuiltData" FILE="../../../../../STUDIA/Programowanie/UnrealC/Section01/Content/Level_01_BuiltData.uasset" SILENT=true
[2019.11.20-11.32.47:160][426]LogSavePackage: Save=13.84ms
[2019.11.20-11.32.47:160][426]LogSavePackage: Moving '../../../../../STUDIA/Programowanie/UnrealC/Section01/Saved/Level_01_BuiltData008F8A85457E17D15DE9CA902AAA106F.tmp' to '../../../../../STUDIA/Programowanie/UnrealC/Section01/Content/Level_01_BuiltData.uasset'
[2019.11.20-11.32.47:162][426]LogSavePackage: Display: Finished SavePackage ../../../../../STUDIA/Programowanie/UnrealC/Section01/Content/Level_01_BuiltData.uasset
[2019.11.20-11.33.00:917][803]LogSlate: FSceneViewport::OnFocusLost() reason 0
[2019.11.20-11.33.01:216][804]Cmd: OBJ SAVEPACKAGE PACKAGE="/Game/Level_01" FILE="../../../../../STUDIA/Programowanie/UnrealC/Section01/Content/Level_01.umap" SILENT=true AUTOSAVING=false KEEPDIRTY=false
[2019.11.20-11.33.01:261][804]LogSavePackage: Save=29.74ms
[2019.11.20-11.33.01:261][804]LogSavePackage: Moving '../../../../../STUDIA/Programowanie/UnrealC/Section01/Saved/Level_01721B15D9464F56CFCDA05E8AAD5084C6.tmp' to '../../../../../STUDIA/Programowanie/UnrealC/Section01/Content/Level_01.umap'
[2019.11.20-11.33.01:263][804]LogSavePackage: Display: Finished SavePackage ../../../../../STUDIA/Programowanie/UnrealC/Section01/Content/Level_01.umap
[2019.11.20-11.33.01:291][804]Cmd: OBJ SAVEPACKAGE PACKAGE="/Game/Level_01_BuiltData" FILE="../../../../../STUDIA/Programowanie/UnrealC/Section01/Content/Level_01_BuiltData.uasset" SILENT=true
[2019.11.20-11.33.01:309][804]LogSavePackage: Save=14.65ms
[2019.11.20-11.33.01:309][804]LogSavePackage: Moving '../../../../../STUDIA/Programowanie/UnrealC/Section01/Saved/Level_01_BuiltData3F34221242A2EDC738D8E185904641F3.tmp' to '../../../../../STUDIA/Programowanie/UnrealC/Section01/Content/Level_01_BuiltData.uasset'
[2019.11.20-11.33.01:311][804]LogSavePackage: Display: Finished SavePackage ../../../../../STUDIA/Programowanie/UnrealC/Section01/Content/Level_01_BuiltData.uasset
[2019.11.20-11.33.02:920][852]LogSlate: FSceneViewport::OnFocusLost() reason 0
[2019.11.20-11.33.04:106][855]LogSlate: Window 'Section01 - Unreal Editor' being destroyed
[2019.11.20-11.33.04:107][855]LogWindowsTextInputMethodSystem: Display: IME system now deactivated.
[2019.11.20-11.33.04:762][856]Cmd: QUIT_EDITOR
[2019.11.20-11.33.04:848][856]LogSlate: Slate User Destroyed.  User Index 0, Is Virtual User: 0
[2019.11.20-11.33.04:849][856]LogExit: Preparing to exit.
[2019.11.20-11.33.05:893][856]LogDirectoryWatcher: A directory notification for 'E:/STUDIA/Programowanie/UnrealC/Section01/Content/' was aborted.
[2019.11.20-11.33.05:928][856]LogExit: Editor shut down
[2019.11.20-11.33.05:940][856]LogExit: Transaction tracking system shut down
[2019.11.20-11.33.06:183][856]LogDirectoryWatcher: A directory notification for '../../../Engine/Content/' was aborted.
[2019.11.20-11.33.06:183][856]LogDirectoryWatcher: A directory notification for '../../../../../STUDIA/Programowanie/UnrealC/Section01/Content/' was aborted.
[2019.11.20-11.33.06:183][856]LogDirectoryWatcher: A directory notification for '../../Plugins/2D/Paper2D/Content/' was aborted.
[2019.11.20-11.33.06:183][856]LogDirectoryWatcher: A directory notification for '../../Plugins/Enterprise/DatasmithContent/Content/' was aborted.
[2019.11.20-11.33.06:183][856]LogDirectoryWatcher: A directory notification for '../../Plugins/Media/MediaCompositing/Content/' was aborted.
[2019.11.20-11.33.06:183][856]LogDirectoryWatcher: A directory notification for '../../Plugins/Runtime/AppleARKit/Content/' was aborted.
[2019.11.20-11.33.06:183][856]LogDirectoryWatcher: A directory notification for '../../Plugins/Runtime/Oculus/OculusVR/Content/' was aborted.
[2019.11.20-11.33.06:183][856]LogDirectoryWatcher: A directory notification for '../../Plugins/Runtime/Steam/SteamVR/Content/' was aborted.
[2019.11.20-11.33.06:259][856]LogExit: Object subsystem successfully closed.
[2019.11.20-11.33.06:277][856]LogShaderCompilers: Display: Shaders left to compile 0
[2019.11.20-11.33.06:281][856]LogD3D11RHI: Shutdown
[2019.11.20-11.33.06:281][856]LogD3D11RHI: CleanupD3DDevice
[2019.11.20-11.33.06:284][856]LogD3D11RHI: ~FD3D11DynamicRHI
[2019.11.20-11.33.06:303][856]LogModuleManager: Shutting down and abandoning module ExternalImagePicker (580)
[2019.11.20-11.33.06:303][856]LogModuleManager: Shutting down and abandoning module HierarchicalLODOutliner (578)
[2019.11.20-11.33.06:303][856]LogModuleManager: Shutting down and abandoning module DesktopPlatform (576)
[2019.11.20-11.33.06:303][856]LogModuleManager: Shutting down and abandoning module SceneOutliner (574)
[2019.11.20-11.33.06:304][856]LogModuleManager: Shutting down and abandoning module AddContentDialog (572)
[2019.11.20-11.33.06:317][856]LogDirectoryWatcher: A directory notification for 'E:/Program Files/UE_4.19/FeaturePacks/' was aborted.
[2019.11.20-11.33.06:318][856]LogModuleManager: Shutting down and abandoning module WidgetCarousel (571)
[2019.11.20-11.33.06:318][856]LogModuleManager: Shutting down and abandoning module EditorWidgets (568)
[2019.11.20-11.33.06:318][856]LogModuleManager: Shutting down and abandoning module CollectionManager (566)
[2019.11.20-11.33.06:318][856]LogDirectoryWatcher: A directory notification for 'E:/STUDIA/Programowanie/UnrealC/Section01/Content/Collections/' was aborted.
[2019.11.20-11.33.06:318][856]LogDirectoryWatcher: A directory notification for 'E:/STUDIA/Programowanie/UnrealC/Section01/Content/Developers/Aleks/Collections/' was aborted.
[2019.11.20-11.33.06:318][856]LogDirectoryWatcher: A directory notification for 'E:/STUDIA/Programowanie/UnrealC/Section01/Saved/Collections/' was aborted.
[2019.11.20-11.33.06:318][856]LogModuleManager: Shutting down and abandoning module HierarchicalLODUtilities (564)
[2019.11.20-11.33.06:319][856]LogModuleManager: Shutting down and abandoning module StatsViewer (562)
[2019.11.20-11.33.06:319][856]LogModuleManager: Shutting down and abandoning module FoliageEdit (560)
[2019.11.20-11.33.06:319][856]LogModuleManager: Shutting down and abandoning module LandscapeEditor (558)
[2019.11.20-11.33.06:319][856]LogModuleManager: Shutting down and abandoning module MeshPaintMode (556)
[2019.11.20-11.33.06:319][856]LogModuleManager: Shutting down and abandoning module SceneDepthPickerMode (554)
[2019.11.20-11.33.06:319][856]LogModuleManager: Shutting down and abandoning module ActorPickerMode (552)
[2019.11.20-11.33.06:319][856]LogModuleManager: Shutting down and abandoning module GeometryMode (550)
[2019.11.20-11.33.06:319][856]LogModuleManager: Shutting down and abandoning module TextureAlignMode (548)
[2019.11.20-11.33.06:319][856]LogModuleManager: Shutting down and abandoning module BspMode (546)
[2019.11.20-11.33.06:319][856]LogModuleManager: Shutting down and abandoning module PIEPreviewDeviceProfileSelector (544)
[2019.11.20-11.33.06:319][856]LogModuleManager: Shutting down and abandoning module HardwareSurvey (542)
[2019.11.20-11.33.06:319][856]LogModuleManager: Shutting down and abandoning module SequenceRecorderSections (540)
[2019.11.20-11.33.06:319][856]LogModuleManager: Shutting down and abandoning module AutomationWorker (538)
[2019.11.20-11.33.06:319][856]LogModuleManager: Shutting down and abandoning module AudioCaptureEditor (536)
[2019.11.20-11.33.06:319][856]LogModuleManager: Shutting down and abandoning module SequenceRecorder (535)
[2019.11.20-11.33.06:319][856]LogModuleManager: Shutting down and abandoning module MatineeToLevelSequence (532)
[2019.11.20-11.33.06:319][856]LogModuleManager: Shutting down and abandoning module LevelSequenceEditor (530)
[2019.11.20-11.33.06:319][856]LogModuleManager: Shutting down and abandoning module PlacementMode (529)
[2019.11.20-11.33.06:319][856]LogModuleManager: Shutting down and abandoning module MaterialEditor (528)
[2019.11.20-11.33.06:319][856]LogModuleManager: Shutting down and abandoning module WmfMediaFactory (524)
[2019.11.20-11.33.06:319][856]LogModuleManager: Shutting down and abandoning module WmfMediaEditor (522)
[2019.11.20-11.33.06:320][856]LogModuleManager: Shutting down and abandoning module MediaPlayerEditor (520)
[2019.11.20-11.33.06:320][856]LogModuleManager: Shutting down and abandoning module OpenExrWrapper (518)
[2019.11.20-11.33.06:320][856]LogModuleManager: Shutting down and abandoning module ImgMediaFactory (516)
[2019.11.20-11.33.06:320][856]LogModuleManager: Shutting down and abandoning module ImgMediaEditor (514)
[2019.11.20-11.33.06:320][856]LogModuleManager: Shutting down and abandoning module AvfMediaFactory (512)
[2019.11.20-11.33.06:320][856]LogModuleManager: Shutting down and abandoning module AvfMediaEditor (510)
[2019.11.20-11.33.06:320][856]LogModuleManager: Shutting down and abandoning module AndroidMediaFactory (508)
[2019.11.20-11.33.06:320][856]LogModuleManager: Shutting down and abandoning module AndroidMediaEditor (506)
[2019.11.20-11.33.06:320][856]LogModuleManager: Shutting down and abandoning module CharacterAI (504)
[2019.11.20-11.33.06:320][856]LogModuleManager: Shutting down and abandoning module SmartSnapping (502)
[2019.11.20-11.33.06:320][856]LogModuleManager: Shutting down and abandoning module SessionServices (500)
[2019.11.20-11.33.06:320][856]LogModuleManager: Shutting down and abandoning module ViewportSnapping (498)
[2019.11.20-11.33.06:320][856]LogModuleManager: Shutting down and abandoning module ViewportInteraction (496)
[2019.11.20-11.33.06:320][856]LogModuleManager: Shutting down and abandoning module ClothPainter (494)
[2019.11.20-11.33.06:320][856]LogModuleManager: Shutting down and abandoning module SkeletalMeshEditor (493)
[2019.11.20-11.33.06:320][856]LogModuleManager: Shutting down and abandoning module LogVisualizer (490)
[2019.11.20-11.33.06:320][856]LogModuleManager: Shutting down and abandoning module IntroTutorials (488)
[2019.11.20-11.33.06:320][856]LogModuleManager: Shutting down and abandoning module GameProjectGeneration (487)
[2019.11.20-11.33.06:320][856]LogModuleManager: Shutting down and abandoning module IOSPlatformEditor (484)
[2019.11.20-11.33.06:320][856]LogModuleManager: Shutting down and abandoning module HTML5PlatformEditor (482)
[2019.11.20-11.33.06:320][856]LogModuleManager: Shutting down and abandoning module AndroidPlatformEditor (480)
[2019.11.20-11.33.06:320][856]LogModuleManager: Shutting down and abandoning module AndroidDeviceDetection (479)
[2019.11.20-11.33.06:742][856]LogModuleManager: Shutting down and abandoning module WindowsPlatformEditor (476)
[2019.11.20-11.33.06:742][856]LogModuleManager: Shutting down and abandoning module IOSRuntimeSettings (474)
[2019.11.20-11.33.06:742][856]LogModuleManager: Shutting down and abandoning module AndroidRuntimeSettings (472)
[2019.11.20-11.33.06:742][856]LogModuleManager: Shutting down and abandoning module InputBindingEditor (470)
[2019.11.20-11.33.06:742][856]LogModuleManager: Shutting down and abandoning module MergeActors (468)
[2019.11.20-11.33.06:743][856]LogModuleManager: Shutting down and abandoning module LocalizationDashboard (466)
[2019.11.20-11.33.06:743][856]LogModuleManager: Shutting down and abandoning module LocalizationService (465)
[2019.11.20-11.33.06:743][856]LogModuleManager: Shutting down and abandoning module HardwareTargeting (462)
[2019.11.20-11.33.06:743][856]LogModuleManager: Shutting down and abandoning module DeviceProfileEditor (460)
[2019.11.20-11.33.06:743][856]LogModuleManager: Shutting down and abandoning module UndoHistory (458)
[2019.11.20-11.33.06:743][856]LogModuleManager: Shutting down and abandoning module XmlParser (456)
[2019.11.20-11.33.06:743][856]LogModuleManager: Shutting down and abandoning module Blutility (454)
[2019.11.20-11.33.06:743][856]LogModuleManager: Shutting down and abandoning module ProjectSettingsViewer (452)
[2019.11.20-11.33.06:744][856]LogModuleManager: Shutting down and abandoning module ProjectTargetPlatformEditor (451)
[2019.11.20-11.33.06:744][856]LogModuleManager: Shutting down and abandoning module EditorSettingsViewer (448)
[2019.11.20-11.33.06:744][856]LogModuleManager: Shutting down and abandoning module SettingsEditor (446)
[2019.11.20-11.33.06:744][856]LogModuleManager: Shutting down and abandoning module ProjectLauncher (444)
[2019.11.20-11.33.06:744][856]LogModuleManager: Shutting down and abandoning module SessionFrontend (442)
[2019.11.20-11.33.06:744][856]LogModuleManager: Shutting down and abandoning module ProfilerClient (440)
[2019.11.20-11.33.06:744][856]LogModuleManager: Shutting down and abandoning module DeviceManager (438)
[2019.11.20-11.33.06:745][856]LogModuleManager: Shutting down and abandoning module TargetDeviceServices (437)
[2019.11.20-11.33.06:798][856]LogModuleManager: Shutting down and abandoning module AutomationController (434)
[2019.11.20-11.33.06:798][856]LogModuleManager: Shutting down and abandoning module AutomationWindow (432)
[2019.11.20-11.33.06:798][856]LogModuleManager: Shutting down and abandoning module Layers (430)
[2019.11.20-11.33.06:798][856]LogModuleManager: Shutting down and abandoning module ComponentVisualizers (428)
[2019.11.20-11.33.06:798][856]LogModuleManager: Shutting down and abandoning module DetailCustomizations (426)
[2019.11.20-11.33.06:798][856]LogModuleManager: Shutting down and abandoning module PackagesDialog (424)
[2019.11.20-11.33.06:799][856]LogModuleManager: Shutting down and abandoning module Persona (422)
[2019.11.20-11.33.06:799][856]LogModuleManager: Shutting down and abandoning module AdvancedPreviewScene (421)
[2019.11.20-11.33.06:799][856]LogModuleManager: Shutting down and abandoning module AnimGraph (419)
[2019.11.20-11.33.06:799][856]LogModuleManager: Shutting down and abandoning module Kismet (416)
[2019.11.20-11.33.06:800][856]LogModuleManager: Shutting down and abandoning module GraphEditor (414)
[2019.11.20-11.33.06:800][856]LogModuleManager: Shutting down and abandoning module ClassViewer (412)
[2019.11.20-11.33.06:800][856]LogModuleManager: Shutting down and abandoning module Toolbox (410)
[2019.11.20-11.33.06:800][856]LogModuleManager: Shutting down and abandoning module ModuleUI (408)
[2019.11.20-11.33.06:801][856]LogModuleManager: Shutting down and abandoning module MovieSceneTools (406)
[2019.11.20-11.33.06:801][856]LogModuleManager: Shutting down and abandoning module OutputLog (404)
[2019.11.20-11.33.06:801][856]LogModuleManager: Shutting down and abandoning module GammaUI (402)
[2019.11.20-11.33.06:801][856]LogModuleManager: Shutting down and abandoning module Documentation (400)
[2019.11.20-11.33.06:801][856]LogModuleManager: Shutting down and abandoning module MovieSceneTracks (398)
[2019.11.20-11.33.06:801][856]LogModuleManager: Shutting down and abandoning module MovieScene (396)
[2019.11.20-11.33.06:801][856]LogModuleManager: Shutting down and abandoning module StreamingPauseRendering (394)
[2019.11.20-11.33.06:801][856]LogModuleManager: Shutting down and abandoning module LauncherPlatform (392)
[2019.11.20-11.33.06:801][856]LogModuleManager: Shutting down and abandoning module AnalyticsET (390)
[2019.11.20-11.33.06:801][856]LogModuleManager: Shutting down and abandoning module PortalServices (388)
[2019.11.20-11.33.06:801][856]LogModuleManager: Shutting down and abandoning module PortalRpc (386)
[2019.11.20-11.33.06:802][856]LogModuleManager: Shutting down and abandoning module MessagingRpc (384)
[2019.11.20-11.33.06:802][856]LogModuleManager: Shutting down and abandoning module AIModule (382)
[2019.11.20-11.33.06:802][856]LogModuleManager: Shutting down and abandoning module GameplayDebugger (381)
[2019.11.20-11.33.06:802][856]LogModuleManager: Shutting down and abandoning module AITestSuite (379)
[2019.11.20-11.33.06:802][856]LogModuleManager: Shutting down and abandoning module ProfilerService (376)
[2019.11.20-11.33.06:943][856]LogModuleManager: Shutting down and abandoning module TaskGraph (374)
[2019.11.20-11.33.06:944][856]LogModuleManager: Shutting down and abandoning module SteamVRController (372)
[2019.11.20-11.33.06:944][856]LogModuleManager: Shutting down and abandoning module ProceduralMeshComponentEditor (370)
[2019.11.20-11.33.06:944][856]LogModuleManager: Shutting down and abandoning module ProceduralMeshComponent (368)
[2019.11.20-11.33.06:944][856]LogModuleManager: Shutting down and abandoning module OculusInput (366)
[2019.11.20-11.33.06:944][856]LogModuleManager: Shutting down and abandoning module MobilePatchingUtils (364)
[2019.11.20-11.33.06:944][856]LogModuleManager: Shutting down and abandoning module CustomMeshComponent (362)
[2019.11.20-11.33.06:944][856]LogModuleManager: Shutting down and abandoning module CableComponent (360)
[2019.11.20-11.33.06:944][856]LogModuleManager: Shutting down and abandoning module AudioCapture (358)
[2019.11.20-11.33.06:944][856]LogModuleManager: Shutting down and abandoning module ArchVisCharacter (356)
[2019.11.20-11.33.06:944][856]LogModuleManager: Shutting down and abandoning module AndroidPermission (354)
[2019.11.20-11.33.06:944][856]LogModuleManager: Shutting down and abandoning module NUTUnrealEngine4 (350)
[2019.11.20-11.33.06:944][856]LogModuleManager: Shutting down and abandoning module NetcodeUnitTest (348)
[2019.11.20-11.33.06:944][856]LogModuleManager: Shutting down and abandoning module MediaCompositingEditor (346)
[2019.11.20-11.33.06:944][856]LogModuleManager: Shutting down and abandoning module MediaCompositing (344)
[2019.11.20-11.33.06:944][856]LogModuleManager: Shutting down and abandoning module LinearTimecode (342)
[2019.11.20-11.33.06:944][856]LogModuleManager: Shutting down and abandoning module ImgMedia (340)
[2019.11.20-11.33.06:952][856]LogModuleManager: Shutting down and abandoning module HTML5Networking (338)
[2019.11.20-11.33.06:952][856]LogModuleManager: Shutting down and abandoning module AlembicImporter (336)
[2019.11.20-11.33.06:952][856]LogModuleManager: Shutting down and abandoning module AlembicLibrary (335)
[2019.11.20-11.33.06:952][856]LogModuleManager: Shutting down and abandoning module GeometryCache (334)
[2019.11.20-11.33.06:952][856]LogModuleManager: Shutting down and abandoning module GeometryCacheEd (333)
[2019.11.20-11.33.06:952][856]LogModuleManager: Shutting down and abandoning module DatasmithContent (328)
[2019.11.20-11.33.06:952][856]LogModuleManager: Shutting down and abandoning module SpeedTreeImporter (326)
[2019.11.20-11.33.06:952][856]LogModuleManager: Shutting down and abandoning module PluginBrowser (324)
[2019.11.20-11.33.06:952][856]LogModuleManager: Shutting down and abandoning module MobileLauncherProfileWizard (322)
[2019.11.20-11.33.06:953][856]LogModuleManager: Shutting down and abandoning module CryptoKeysOpenSSL (320)
[2019.11.20-11.33.06:953][856]LogModuleManager: Shutting down and abandoning module CryptoKeys (318)
[2019.11.20-11.33.06:953][856]LogModuleManager: Shutting down and abandoning module VisualStudioSourceCodeAccess (316)
[2019.11.20-11.33.06:953][856]LogModuleManager: Shutting down and abandoning module VisualStudioCodeSourceCodeAccess (314)
[2019.11.20-11.33.06:953][856]LogModuleManager: Shutting down and abandoning module UObjectPlugin (312)
[2019.11.20-11.33.06:953][856]LogModuleManager: Shutting down and abandoning module SubversionSourceControl (310)
[2019.11.20-11.33.06:953][856]LogModuleManager: Shutting down and abandoning module PerforceSourceControl (308)
[2019.11.20-11.33.06:953][856]LogModuleManager: Shutting down and abandoning module GitSourceControl (306)
[2019.11.20-11.33.06:953][856]LogModuleManager: Shutting down and abandoning module SourceControl (305)
[2019.11.20-11.33.06:953][856]LogModuleManager: Shutting down and abandoning module CLionSourceCodeAccess (302)
[2019.11.20-11.33.06:953][856]LogModuleManager: Shutting down and abandoning module LightPropagationVolumeEditor (300)
[2019.11.20-11.33.06:953][856]LogModuleManager: Shutting down and abandoning module PaperTiledImporter (298)
[2019.11.20-11.33.06:953][856]LogModuleManager: Shutting down and abandoning module PaperSpriteSheetImporter (296)
[2019.11.20-11.33.06:953][856]LogModuleManager: Shutting down and abandoning module Paper2DEditor (294)
[2019.11.20-11.33.06:953][856]LogModuleManager: Shutting down and abandoning module MeshPaint (293)
[2019.11.20-11.33.06:954][856]LogModuleManager: Shutting down and abandoning module Section01 (290)
[2019.11.20-11.33.06:954][856]LogModuleManager: Shutting down and abandoning module RuntimePhysXCooking (288)
[2019.11.20-11.33.06:954][856]LogModuleManager: Shutting down and abandoning module PhysXVehiclesEditor (286)
[2019.11.20-11.33.06:954][856]LogModuleManager: Shutting down and abandoning module PhysXVehicles (284)
[2019.11.20-11.33.06:954][856]LogModuleManager: Shutting down and abandoning module OculusEditor (282)
[2019.11.20-11.33.06:954][856]LogModuleManager: Shutting down and abandoning module LocationServicesBPLibrary (280)
[2019.11.20-11.33.06:954][856]LogModuleManager: Shutting down and abandoning module ImmediatePhysicsEditor (278)
[2019.11.20-11.33.06:954][856]LogModuleManager: Shutting down and abandoning module ImmediatePhysics (276)
[2019.11.20-11.33.06:954][856]LogModuleManager: Shutting down and abandoning module ActorSequence (274)
[2019.11.20-11.33.06:954][856]LogModuleManager: Shutting down and abandoning module UdpMessaging (272)
[2019.11.20-11.33.07:055][856]LogModuleManager: Shutting down and abandoning module TcpMessaging (270)
[2019.11.20-11.33.07:156][856]LogModuleManager: Shutting down and abandoning module GameplayTagsEditor (268)
[2019.11.20-11.33.07:156][856]LogModuleManager: Shutting down and abandoning module FacialAnimationEditor (266)
[2019.11.20-11.33.07:156][856]LogModuleManager: Shutting down and abandoning module FacialAnimation (264)
[2019.11.20-11.33.07:156][856]LogModuleManager: Shutting down and abandoning module DataValidation (262)
[2019.11.20-11.33.07:156][856]LogModuleManager: Shutting down and abandoning module AssetManagerEditor (260)
[2019.11.20-11.33.07:156][856]LogModuleManager: Shutting down and abandoning module LevelEditor (259)
[2019.11.20-11.33.07:158][856]LogModuleManager: Shutting down and abandoning module PixelInspectorModule (258)
[2019.11.20-11.33.07:158][856]LogModuleManager: Shutting down and abandoning module CommonMenuExtensions (256)
[2019.11.20-11.33.07:159][856]LogModuleManager: Shutting down and abandoning module MainFrame (254)
[2019.11.20-11.33.07:159][856]LogModuleManager: Shutting down and abandoning module HotReload (253)
[2019.11.20-11.33.07:159][856]LogDirectoryWatcher: A directory notification for 'E:/STUDIA/Programowanie/UnrealC/Section01/Binaries/Win64' was aborted.
[2019.11.20-11.33.07:161][856]LogModuleManager: Shutting down and abandoning module ContentBrowser (249)
[2019.11.20-11.33.07:163][856]LogModuleManager: Shutting down and abandoning module TreeMap (247)
[2019.11.20-11.33.07:164][856]LogModuleManager: Shutting down and abandoning module LightPropagationVolumeRuntime (244)
[2019.11.20-11.33.07:164][856]LogModuleManager: Shutting down and abandoning module LiveLinkEditor (242)
[2019.11.20-11.33.07:164][856]LogModuleManager: Shutting down and abandoning module LiveLink (240)
[2019.11.20-11.33.07:360][856]LogModuleManager: Shutting down and abandoning module Paper2D (238)
[2019.11.20-11.33.07:361][856]LogModuleManager: Shutting down and abandoning module WindowsMoviePlayer (236)
[2019.11.20-11.33.07:361][856]LogModuleManager: Shutting down and abandoning module WmfMedia (234)
[2019.11.20-11.33.07:364][856]LogModuleManager: Shutting down and abandoning module Media (233)
[2019.11.20-11.33.07:370][856]LogModuleManager: Shutting down and abandoning module PacketHandler (230)
[2019.11.20-11.33.07:370][856]LogModuleManager: Shutting down and abandoning module ClothingSystemEditor (228)
[2019.11.20-11.33.07:370][856]LogModuleManager: Shutting down and abandoning module ClothingSystemRuntime (226)
[2019.11.20-11.33.07:370][856]LogModuleManager: Shutting down and abandoning module MediaAssets (224)
[2019.11.20-11.33.07:370][856]LogModuleManager: Shutting down and abandoning module Overlay (222)
[2019.11.20-11.33.07:371][856]LogModuleManager: Shutting down and abandoning module OverlayEditor (221)
[2019.11.20-11.33.07:371][856]LogModuleManager: Shutting down and abandoning module VREditor (218)
[2019.11.20-11.33.07:371][856]LogModuleManager: Shutting down and abandoning module StringTableEditor (216)
[2019.11.20-11.33.07:371][856]LogModuleManager: Shutting down and abandoning module GameplayTasksEditor (214)
[2019.11.20-11.33.07:371][856]LogModuleManager: Shutting down and abandoning module BehaviorTreeEditor (212)
[2019.11.20-11.33.07:371][856]LogModuleManager: Shutting down and abandoning module FunctionalTesting (210)
[2019.11.20-11.33.07:371][856]LogModuleManager: Shutting down and abandoning module CollisionAnalyzer (208)
[2019.11.20-11.33.07:371][856]LogModuleManager: Shutting down and abandoning module WorkspaceMenuStructure (207)
[2019.11.20-11.33.07:371][856]LogModuleManager: Shutting down and abandoning module UMG (204)
[2019.11.20-11.33.07:371][856]LogModuleManager: Shutting down and abandoning module UMGEditor (203)
[2019.11.20-11.33.07:372][856]LogModuleManager: Shutting down and abandoning module Sequencer (202)
[2019.11.20-11.33.07:372][856]LogModuleManager: Shutting down and abandoning module MessageLog (199)
[2019.11.20-11.33.07:372][856]LogModuleManager: Shutting down and abandoning module SlateReflector (194)
[2019.11.20-11.33.07:372][856]LogModuleManager: Shutting down and abandoning module Slate (192)
[2019.11.20-11.33.07:372][856]LogModuleManager: Shutting down and abandoning module EditorStyle (190)
[2019.11.20-11.33.07:380][856]LogModuleManager: Shutting down and abandoning module MRMesh (188)
[2019.11.20-11.33.07:380][856]LogModuleManager: Shutting down and abandoning module SourceCodeAccess (186)
[2019.11.20-11.33.07:381][856]LogModuleManager: Shutting down and abandoning module HeadMountedDisplay (184)
[2019.11.20-11.33.07:381][856]LogModuleManager: Shutting down and abandoning module XAudio2 (182)
[2019.11.20-11.33.07:381][856]LogModuleManager: Shutting down and abandoning module Networking (180)
[2019.11.20-11.33.07:381][856]LogModuleManager: Shutting down and abandoning module Core (178)
[2019.11.20-11.33.07:381][856]LogModuleManager: Shutting down and abandoning module LevelSequence (176)
[2019.11.20-11.33.07:381][856]LogModuleManager: Shutting down and abandoning module KismetCompiler (174)
[2019.11.20-11.33.07:381][856]LogModuleManager: Shutting down and abandoning module MeshUtilities (172)
[2019.11.20-11.33.07:381][856]LogModuleManager: Shutting down and abandoning module MeshMergeUtilities (171)
[2019.11.20-11.33.07:381][856]LogModuleManager: Shutting down and abandoning module MeshReductionInterface (170)
[2019.11.20-11.33.07:381][856]LogModuleManager: Shutting down and abandoning module SimplygonSwarm (169)
[2019.11.20-11.33.07:381][856]LogModuleManager: Shutting down and abandoning module SimplygonMeshReduction (167)
[2019.11.20-11.33.07:382][856]LogModuleManager: Shutting down and abandoning module QuadricMeshReduction (165)
[2019.11.20-11.33.07:382][856]LogModuleManager: Shutting down and abandoning module MaterialBaking (161)
[2019.11.20-11.33.07:382][856]LogModuleManager: Shutting down and abandoning module DirectoryWatcher (157)
[2019.11.20-11.33.07:384][856]LogModuleManager: Shutting down and abandoning module DerivedDataCache (154)
[2019.11.20-11.33.07:483][856]LogDerivedDataCache: Shutdown
[2019.11.20-11.33.07:484][856]LogModuleManager: Shutting down and abandoning module XGEController (152)
[2019.11.20-11.33.07:484][856]LogModuleManager: Shutting down and abandoning module TargetPlatform (150)
[2019.11.20-11.33.07:484][856]LogModuleManager: Shutting down and abandoning module VulkanShaderFormat (149)
[2019.11.20-11.33.07:484][856]LogModuleManager: Shutting down and abandoning module ShaderFormatVectorVM (147)
[2019.11.20-11.33.07:484][856]LogModuleManager: Shutting down and abandoning module ShaderFormatOpenGL (145)
[2019.11.20-11.33.07:484][856]LogModuleManager: Shutting down and abandoning module ShaderFormatD3D (143)
[2019.11.20-11.33.07:484][856]LogModuleManager: Shutting down and abandoning module MetalShaderFormat (141)
[2019.11.20-11.33.07:484][856]LogModuleManager: Shutting down and abandoning module TextureFormatUncompressed (139)
[2019.11.20-11.33.07:484][856]LogModuleManager: Shutting down and abandoning module TextureFormatPVR (137)
[2019.11.20-11.33.07:484][856]LogModuleManager: Shutting down and abandoning module TextureFormatDXT (135)
[2019.11.20-11.33.07:484][856]LogModuleManager: Shutting down and abandoning module TextureFormatIntelISPCTexComp (133)
[2019.11.20-11.33.07:485][856]LogModuleManager: Shutting down and abandoning module TextureFormatASTC (131)
[2019.11.20-11.33.07:485][856]LogModuleManager: Shutting down and abandoning module ImageWrapper (130)
[2019.11.20-11.33.07:485][856]LogModuleManager: Shutting down and abandoning module TextureFormatAndroid (127)
[2019.11.20-11.33.07:485][856]LogModuleManager: Shutting down and abandoning module AudioFormatOpus (125)
[2019.11.20-11.33.07:485][856]LogModuleManager: Shutting down and abandoning module AudioFormatOgg (123)
[2019.11.20-11.33.07:485][856]LogModuleManager: Shutting down and abandoning module AudioFormatADPCM (121)
[2019.11.20-11.33.07:485][856]LogModuleManager: Shutting down and abandoning module LinuxTargetPlatform (119)
[2019.11.20-11.33.07:485][856]LogModuleManager: Shutting down and abandoning module LinuxServerTargetPlatform (117)
[2019.11.20-11.33.07:485][856]LogModuleManager: Shutting down and abandoning module LinuxNoEditorTargetPlatform (115)
[2019.11.20-11.33.07:485][856]LogModuleManager: Shutting down and abandoning module LinuxClientTargetPlatform (113)
[2019.11.20-11.33.07:485][856]LogModuleManager: Shutting down and abandoning module TVOSTargetPlatform (111)
[2019.11.20-11.33.07:486][856]LogModuleManager: Shutting down and abandoning module Messaging (109)
[2019.11.20-11.33.07:486][856]LogModuleManager: Shutting down and abandoning module IOSTargetPlatform (107)
[2019.11.20-11.33.07:486][856]LogModuleManager: Shutting down and abandoning module HTML5TargetPlatform (105)
[2019.11.20-11.33.07:486][856]LogModuleManager: Shutting down and abandoning module AndroidTargetPlatform (103)
[2019.11.20-11.33.07:486][856]LogModuleManager: Shutting down and abandoning module Android_PVRTCTargetPlatform (101)
[2019.11.20-11.33.07:486][856]LogModuleManager: Shutting down and abandoning module Android_MultiTargetPlatform (99)
[2019.11.20-11.33.07:486][856]LogModuleManager: Shutting down and abandoning module Android_ETC2TargetPlatform (97)
[2019.11.20-11.33.07:486][856]LogModuleManager: Shutting down and abandoning module Android_ETC1TargetPlatform (95)
[2019.11.20-11.33.07:486][856]LogModuleManager: Shutting down and abandoning module Android_ETC1aTargetPlatform (93)
[2019.11.20-11.33.07:486][856]LogModuleManager: Shutting down and abandoning module Android_DXTTargetPlatform (91)
[2019.11.20-11.33.07:486][856]LogModuleManager: Shutting down and abandoning module Android_ATCTargetPlatform (89)
[2019.11.20-11.33.07:486][856]LogModuleManager: Shutting down and abandoning module Android_ASTCTargetPlatform (87)
[2019.11.20-11.33.07:486][856]LogModuleManager: Shutting down and abandoning module WindowsTargetPlatform (85)
[2019.11.20-11.33.07:486][856]LogModuleManager: Shutting down and abandoning module WindowsServerTargetPlatform (83)
[2019.11.20-11.33.07:487][856]LogModuleManager: Shutting down and abandoning module WindowsNoEditorTargetPlatform (81)
[2019.11.20-11.33.07:487][856]LogModuleManager: Shutting down and abandoning module WindowsClientTargetPlatform (79)
[2019.11.20-11.33.07:487][856]LogModuleManager: Shutting down and abandoning module MacTargetPlatform (77)
[2019.11.20-11.33.07:487][856]LogModuleManager: Shutting down and abandoning module MacServerTargetPlatform (75)
[2019.11.20-11.33.07:487][856]LogModuleManager: Shutting down and abandoning module MacNoEditorTargetPlatform (73)
[2019.11.20-11.33.07:487][856]LogModuleManager: Shutting down and abandoning module MacClientTargetPlatform (71)
[2019.11.20-11.33.07:487][856]LogModuleManager: Shutting down and abandoning module AllDesktopTargetPlatform (69)
[2019.11.20-11.33.07:487][856]LogModuleManager: Shutting down and abandoning module InputCore (66)
[2019.11.20-11.33.07:487][856]LogModuleManager: Shutting down and abandoning module Settings (64)
[2019.11.20-11.33.07:487][856]LogModuleManager: Shutting down and abandoning module PhysXCooking (62)
[2019.11.20-11.33.07:487][856]LogModuleManager: Shutting down and abandoning module SteamVR (60)
[2019.11.20-11.33.07:488][856]LogModuleManager: Shutting down and abandoning module OculusHMD (58)
[2019.11.20-11.33.07:488][856]LogModuleManager: Shutting down and abandoning module ExampleDeviceProfileSelector (56)
[2019.11.20-11.33.07:488][856]LogModuleManager: Shutting down and abandoning module AppleARKit (54)
[2019.11.20-11.33.07:488][856]LogModuleManager: Shutting down and abandoning module AugmentedReality (51)
[2019.11.20-11.33.07:488][856]LogModuleManager: Shutting down and abandoning module OnlineBlueprintSupport (48)
[2019.11.20-11.33.07:488][856]LogModuleManager: Shutting down and abandoning module OnlineSubsystem (44)
[2019.11.20-11.33.07:488][856]LogModuleManager: Shutting down and abandoning module XMPP (43)
[2019.11.20-11.33.07:489][856]LogModuleManager: Shutting down and abandoning module HTTP (41)
[2019.11.20-11.33.07:489][856]LogHttp: Display: Http module shutting down, but needs to wait on 1 outstanding Http requests:
[2019.11.20-11.33.07:489][856]LogHttp: Display: 	verb=[POST] url=[https://datarouter.ol.epicgames.com/datarouter/api/v1/public/data?SessionID=%7B857697F4-449A-493C-9294-08B9BF0FA1BB%7D&AppID=UEEditor.Rocket.Release&AppVersion=4.19.2-4033788%2B%2B%2BUE4%2BRelease-4.19&UserID=690fa309472e4f0b8e580bb882b3695f%7Ca945e6a91e9e4c7688433fa9731885df%7C71bf6c6d-b959-40ab-b61c-422ecceb12e5&AppEnvironment=datacollector-binary&UploadType=eteventstream] status=Processing
[2019.11.20-11.33.07:523][856]LogModuleManager: Shutting down and abandoning module SSL (40)
[2019.11.20-11.33.07:527][856]LogModuleManager: Shutting down and abandoning module AnimationModifiers (36)
[2019.11.20-11.33.07:527][856]LogModuleManager: Shutting down and abandoning module PropertyEditor (35)
[2019.11.20-11.33.07:527][856]LogModuleManager: Shutting down and abandoning module AudioEditor (32)
[2019.11.20-11.33.07:527][856]LogModuleManager: Shutting down and abandoning module TextureCompressor (30)
[2019.11.20-11.33.07:528][856]LogModuleManager: Shutting down and abandoning module ShaderCore (28)
[2019.11.20-11.33.07:528][856]LogModuleManager: Shutting down and abandoning module Landscape (26)
[2019.11.20-11.33.07:528][856]LogModuleManager: Shutting down and abandoning module SlateRHIRenderer (24)
[2019.11.20-11.33.07:530][856]LogModuleManager: Shutting down and abandoning module OpenGLDrv (22)
[2019.11.20-11.33.07:530][856]LogModuleManager: Shutting down and abandoning module D3D11RHI (20)
[2019.11.20-11.33.07:530][856]LogModuleManager: Shutting down and abandoning module AnimGraphRuntime (18)
[2019.11.20-11.33.07:530][856]LogModuleManager: Shutting down and abandoning module Renderer (16)
[2019.11.20-11.33.07:531][856]LogModuleManager: Shutting down and abandoning module Engine (14)
[2019.11.20-11.33.07:531][856]LogModuleManager: Shutting down and abandoning module CoreUObject (12)
[2019.11.20-11.33.07:531][856]LogModuleManager: Shutting down and abandoning module NetworkFile (10)
[2019.11.20-11.33.07:531][856]LogModuleManager: Shutting down and abandoning module CookedIterativeFile (8)
[2019.11.20-11.33.07:531][856]LogModuleManager: Shutting down and abandoning module StreamingFile (6)
[2019.11.20-11.33.07:531][856]LogModuleManager: Shutting down and abandoning module SandboxFile (4)
[2019.11.20-11.33.07:531][856]LogModuleManager: Shutting down and abandoning module PakFile (2)
[2019.11.20-11.33.07:544][856]LogExit: Exiting.
[2019.11.20-11.33.07:595][856]Log file closed, 11/20/19 12:33:07
