Log file open, 03/04/20 17:35:55
LogWindows: Failed to load 'aqProf.dll' (GetLastError=126)
LogWindows: File 'aqProf.dll' does not exist
LogWindows: Failed to load 'VSPerf140.dll' (GetLastError=126)
LogWindows: File 'VSPerf140.dll' does not exist
LogWindows: Failed to load 'VtuneApi.dll' (GetLastError=126)
LogWindows: File 'VtuneApi.dll' does not exist
LogWindows: Failed to load 'VtuneApi32e.dll' (GetLastError=126)
LogWindows: File 'VtuneApi32e.dll' does not exist
LogInit: Display: Running engine for game: AleksandraPiasecka
LogPlatformFile: Not using cached read wrapper
LogTaskGraph: Started task graph with 5 named threads and 14 total threads with 3 sets of task threads.
LogStats: Stats thread started at 0.176806
LogD3D11RHI: Loaded GFSDK_Aftermath_Lib.x64.dll
LogICUInternationalization: Display: ICU TimeZone Detection - Raw Offset: +1:00, Platform Override: ''
LogConfig: Warning: Failed to saved backup for config[EditorSettings]
LogConfig: Warning: Failed to saved backup for config[Compat]
LogConfig: Warning: Failed to saved backup for config[Scalability]
LogConfig: Warning: Failed to saved backup for config[GameUserSettings]
LogPluginManager: Mounting plugin Paper2D
LogPluginManager: Mounting plugin AISupport
LogPluginManager: Mounting plugin LightPropagationVolume
LogPluginManager: Mounting plugin CLionSourceCodeAccess
LogPluginManager: Mounting plugin CodeLiteSourceCodeAccess
LogPluginManager: Mounting plugin GitSourceControl
LogPluginManager: Mounting plugin KDevelopSourceCodeAccess
LogPluginManager: Mounting plugin NullSourceCodeAccess
LogPluginManager: Mounting plugin PerforceSourceControl
LogConfig: Warning: Failed to saved backup for config[PerforceSourceControl]
LogPluginManager: Mounting plugin SubversionSourceControl
LogPluginManager: Mounting plugin UObjectPlugin
LogPluginManager: Mounting plugin VisualStudioCodeSourceCodeAccess
LogPluginManager: Mounting plugin VisualStudioSourceCodeAccess
LogPluginManager: Mounting plugin XCodeSourceCodeAccess
LogPluginManager: Mounting plugin AssetManagerEditor
LogPluginManager: Mounting plugin CryptoKeys
LogPluginManager: Mounting plugin DataValidation
LogPluginManager: Mounting plugin FacialAnimation
LogPluginManager: Mounting plugin GameplayTagsEditor
LogPluginManager: Mounting plugin MacGraphicsSwitching
LogPluginManager: Mounting plugin MeshEditor
LogPluginManager: Mounting plugin MobileLauncherProfileWizard
LogPluginManager: Mounting plugin PluginBrowser
LogPluginManager: Mounting plugin SpeedTreeImporter
LogPluginManager: Mounting plugin DatasmithContent
LogPluginManager: Mounting plugin AlembicImporter
LogConfig: Warning: Failed to saved backup for config[AlembicImporter]
LogPluginManager: Mounting plugin AppleImageUtils
LogPluginManager: Mounting plugin AppleVision
LogPluginManager: Mounting plugin BackChannel
LogConfig: Warning: Failed to saved backup for config[BackChannel]
LogPluginManager: Mounting plugin CharacterAI
LogPluginManager: Mounting plugin GeometryCache
LogPluginManager: Mounting plugin HTML5Networking
LogConfig: Warning: Failed to saved backup for config[HTML5Networking]
LogPluginManager: Mounting plugin ProxyLODPlugin
LogConfig: Warning: Failed to saved backup for config[ProxyLODPlugin]
LogPluginManager: Mounting plugin MagicLeap
LogConfig: Warning: Failed to saved backup for config[MagicLeap]
LogPluginManager: Mounting plugin MagicLeapEmulator
LogPluginManager: Mounting plugin MagicLeapMedia
LogPluginManager: Mounting plugin AndroidMedia
LogPluginManager: Mounting plugin AvfMedia
LogPluginManager: Mounting plugin ImgMedia
LogPluginManager: Mounting plugin LinearTimecode
LogPluginManager: Mounting plugin MediaCompositing
LogPluginManager: Mounting plugin MediaPlayerEditor
LogPluginManager: Mounting plugin WmfMedia
LogPluginManager: Mounting plugin TcpMessaging
LogPluginManager: Mounting plugin UdpMessaging
LogPluginManager: Mounting plugin ActorSequence
LogPluginManager: Mounting plugin LevelSequenceEditor
LogConfig: Warning: Failed to saved backup for config[LevelSequenceEditor]
LogPluginManager: Mounting plugin MatineeToLevelSequence
LogPluginManager: Mounting plugin NetcodeUnitTest
LogPluginManager: Mounting plugin NUTUnrealEngine4
LogConfig: Warning: Failed to saved backup for config[NUTUnrealEngine4]
LogPluginManager: Mounting plugin OnlineSubsystemGooglePlay
LogPluginManager: Mounting plugin OnlineSubsystemIOS
LogConfig: Warning: Failed to saved backup for config[OnlineSubsystemIOS]
LogPluginManager: Mounting plugin OnlineSubsystem
LogPluginManager: Mounting plugin OnlineSubsystemNull
LogPluginManager: Mounting plugin OnlineSubsystemUtils
LogPluginManager: Mounting plugin LauncherChunkInstaller
LogConfig: Warning: Failed to saved backup for config[LauncherChunkInstaller]
LogPluginManager: Mounting plugin AndroidDeviceProfileSelector
LogConfig: Warning: Failed to saved backup for config[AndroidDeviceProfileSelector]
LogPluginManager: Mounting plugin AndroidMoviePlayer
LogPluginManager: Mounting plugin AndroidPermission
LogConfig: Warning: Failed to saved backup for config[AndroidPermission]
LogPluginManager: Mounting plugin AppleMoviePlayer
LogConfig: Warning: Failed to saved backup for config[AppleMoviePlayer]
LogPluginManager: Mounting plugin ArchVisCharacter
LogPluginManager: Mounting plugin AudioCapture
LogConfig: Warning: Failed to saved backup for config[AudioCapture]
LogPluginManager: Mounting plugin CableComponent
LogConfig: Warning: Failed to saved backup for config[CableComponent]
LogPluginManager: Mounting plugin CustomMeshComponent
LogConfig: Warning: Failed to saved backup for config[CustomMeshComponent]
LogPluginManager: Mounting plugin EditableMesh
LogConfig: Warning: Failed to saved backup for config[EditableMesh]
LogPluginManager: Mounting plugin ExampleDeviceProfileSelector
LogPluginManager: Mounting plugin GoogleCloudMessaging
LogConfig: Warning: Failed to saved backup for config[GoogleCloudMessaging]
LogPluginManager: Mounting plugin ImmediatePhysics
LogPluginManager: Mounting plugin IOSDeviceProfileSelector
LogPluginManager: Mounting plugin LinuxDeviceProfileSelector
LogConfig: Warning: Failed to saved backup for config[LinuxDeviceProfileSelector]
LogPluginManager: Mounting plugin LocationServicesBPLibrary
LogConfig: Warning: Failed to saved backup for config[LocationServicesBPLibrary]
LogPluginManager: Mounting plugin MobilePatchingUtils
LogConfig: Warning: Failed to saved backup for config[MobilePatchingUtils]
LogPluginManager: Mounting plugin OculusVR
LogPluginManager: Plugin shader directory ../../../Engine/Plugins/Runtime/Oculus/OculusVR/Shaders found
LogPluginManager: Mapping shader source directory ../../../Engine/Plugins/Runtime/Oculus/OculusVR/Shaders to virtual directory /Plugin/OculusVR
LogPluginManager: Mounting plugin PhysXVehicles
LogConfig: Warning: Failed to saved backup for config[PhysXVehicles]
LogPluginManager: Mounting plugin ProceduralMeshComponent
LogPluginManager: Mounting plugin RuntimePhysXCooking
LogPluginManager: Mounting plugin SteamVR
LogPluginManager: Mounting plugin WindowsMoviePlayer
LogStreaming: Display: Took  0.300s to configure plugins.
LogInit: Using libcurl 7.55.1-DEV
LogInit:  - built for x86_64-pc-win32
LogInit:  - supports SSL with OpenSSL/1.0.2h
LogInit:  - supports HTTP deflate (compression) using libz 1.2.8
LogInit:  - other features:
LogInit:      CURL_VERSION_SSL
LogInit:      CURL_VERSION_LIBZ
LogInit:      CURL_VERSION_IPV6
LogInit:      CURL_VERSION_ASYNCHDNS
LogInit:      CURL_VERSION_LARGEFILE
LogInit:      CURL_VERSION_IDN
LogInit:  CurlRequestOptions (configurable via config and command line):
LogInit:  - bVerifyPeer = false  - Libcurl will NOT verify peer certificate
LogInit:  - bUseHttpProxy = false  - Libcurl will NOT use HTTP proxy
LogInit:  - bDontReuseConnections = false  - Libcurl will reuse connections
LogInit:  - CertBundlePath = nullptr  - Libcurl will use whatever was configured at build time.
LogInit:  - MaxHostConnections = 16  - Libcurl will limit the number of connections to a host
LogInit:  - LocalHostAddr = Default
LogInit:  - BufferSize = 65536
LogInit: WinSock: version 1.1 (2.2), MaxSocks=32767, MaxUdp=65467
LogInit: Build: ++UE4+Release-4.20-CL-4369336
LogInit: Engine Version: 4.20.3-4369336+++UE4+Release-4.20
LogInit: Compatible Engine Version: 4.20.0-4212847+++UE4+Release-4.20
LogInit: Net CL: 4212847
LogInit: OS: Windows 10 (), CPU: Intel(R) Core(TM) i5-7300HQ CPU @ 2.50GHz, GPU: Intel(R) HD Graphics 630
LogInit: Compiled (64-bit): Sep 17 2018 12:26:19
LogInit: Compiled with Visual C++: 19.13.26129.00
LogInit: Build Configuration: Development
LogInit: Branch Name: ++UE4+Release-4.20
LogInit: Command Line:  
LogInit: Base Directory: E:/Program Files/UE_4.20/Engine/Binaries/Win64/
LogInit: Installed Engine Build: 1
LogDevObjectVersion: Number of dev versions registered: 20
LogDevObjectVersion:   Dev-Blueprints (B0D832E4-1F89-4F0D-ACCF-7EB736FD4AA2): 10
LogDevObjectVersion:   Dev-Build (E1C64328-A22C-4D53-A36C-8E866417BD8C): 0
LogDevObjectVersion:   Dev-Core (375EC13C-06E4-48FB-B500-84F0262A717E): 2
LogDevObjectVersion:   Dev-Editor (E4B068ED-F494-42E9-A231-DA0B2E46BB41): 24
LogDevObjectVersion:   Dev-Framework (CFFC743F-43B0-4480-9391-14DF171D2073): 34
LogDevObjectVersion:   Dev-Mobile (B02B49B5-BB20-44E9-A304-32B752E40360): 2
LogDevObjectVersion:   Dev-Networking (A4E4105C-59A1-49B5-A7C5-40C4547EDFEE): 0
LogDevObjectVersion:   Dev-Online (39C831C9-5AE6-47DC-9A44-9C173E1C8E7C): 0
LogDevObjectVersion:   Dev-Physics (78F01B33-EBEA-4F98-B9B4-84EACCB95AA2): 0
LogDevObjectVersion:   Dev-Platform (6631380F-2D4D-43E0-8009-CF276956A95A): 0
LogDevObjectVersion:   Dev-Rendering (12F88B9F-8875-4AFC-A67C-D90C383ABD29): 26
LogDevObjectVersion:   Dev-Sequencer (7B5AE74C-D270-4C10-A958-57980B212A5A): 9
LogDevObjectVersion:   Dev-VR (D7296918-1DD6-4BDD-9DE2-64A83CC13884): 2
LogDevObjectVersion:   Dev-LoadTimes (C2A15278-BFE7-4AFE-6C17-90FF531DF755): 1
LogDevObjectVersion:   Private-Geometry (6EACA3D4-40EC-4CC1-B786-8BED09428FC5): 3
LogDevObjectVersion:   Dev-AnimPhys (29E575DD-E0A3-4627-9D10-D276232CDCEA): 17
LogDevObjectVersion:   Dev-ReflectionCapture (6B266CEC-1EC7-4B8F-A30B-E4D90942FC07): 1
LogDevObjectVersion:   Dev-Automation (0DF73D61-A23F-47EA-B727-89E90C41499A): 1
LogDevObjectVersion:   FortniteMain (601D1886-AC64-4F84-AA16-D3DE0DEAC7D6): 12
LogDevObjectVersion:   Dev-Enterprise (9DFFBCD6-494F-0158-E221-12823C92A888): 1
LogStreaming: Display: Took  0.017s to delete old logs.
LogInit: Presizing for max 8388607 objects, including 0 objects not considered by GC, pre-allocating 0 bytes for permanent pool.
LogInit: Object subsystem initialized
[2020.03.04-16.35.58:831][  0]LogInit: Selected Device Profile: [Windows]
[2020.03.04-16.35.58:832][  0]LogInit: Applying CVar settings loaded from the selected device profile: [Windows]
[2020.03.04-16.35.58:991][  0]LogHAL: Display: Platform has ~ 16 GB [17066790912 / 17179869184 / 16], which maps to Larger [LargestMinGB=32, LargerMinGB=12, DefaultMinGB=8, SmallerMinGB=6, SmallestMinGB=0)
[2020.03.04-16.35.59:067][  0]LogInit: Setting Device Profile CVar: [[r.Vulkan.UseRealUBs:1]]
[2020.03.04-16.35.59:068][  0]LogInit: Going up to parent DeviceProfile []
[2020.03.04-16.35.59:141][  0]LogInit: Computer: LAPTOP-2E2LEE5I
[2020.03.04-16.35.59:142][  0]LogInit: User: Aleks
[2020.03.04-16.35.59:142][  0]LogInit: CPU Page size=4096, Cores=4
[2020.03.04-16.35.59:142][  0]LogInit: High frequency timer resolution =10.000000 MHz
[2020.03.04-16.35.59:143][  0]LogMemory: Memory total: Physical=15.9GB (16GB approx)
[2020.03.04-16.35.59:143][  0]LogMemory: Platform Memory Stats for Windows
[2020.03.04-16.35.59:143][  0]LogMemory: Process Physical Memory: 99.76 MB used, 99.76 MB peak
[2020.03.04-16.35.59:143][  0]LogMemory: Process Virtual Memory: 90.27 MB used, 90.27 MB peak
[2020.03.04-16.35.59:143][  0]LogMemory: Physical Memory: 8026.16 MB used,  8250.00 MB free, 16276.16 MB total
[2020.03.04-16.35.59:143][  0]LogMemory: Virtual Memory: 4614.54 MB used,  8250.00 MB free, 134217728.00 MB total
[2020.03.04-16.36.00:538][  0]LogInit: Using OS detected language (pl-PL).
[2020.03.04-16.36.00:538][  0]LogInit: Using OS detected locale (pl-PL).
[2020.03.04-16.36.00:578][  0]LogTextLocalizationManager: No specific localization for 'pl-PL' exists, so the 'pl' localization will be used.
[2020.03.04-16.36.00:878][  0]LogStreaming: Display: Took  0.382s to InitEngineTextLocalization.
[2020.03.04-16.36.00:895][  0]LogInit: Setting process to per monitor DPI aware
[2020.03.04-16.36.01:421][  0]LogSlate: New Slate User Created.  User Index 0, Is Virtual User: 0
[2020.03.04-16.36.01:421][  0]LogSlate: Slate User Registered.  User Index 0, Is Virtual User: 0
[2020.03.04-16.36.03:944][  0]LogHMD: Failed to initialize OpenVR with code 110
[2020.03.04-16.36.03:944][  0]LogD3D11RHI: D3D11 adapters:
[2020.03.04-16.36.04:306][  0]LogD3D11RHI:    0. 'NVIDIA GeForce GTX 1050' (Feature Level 11_0)
[2020.03.04-16.36.04:306][  0]LogD3D11RHI:       4021/0/8138 MB DedicatedVideo/DedicatedSystem/SharedSystem, Outputs:1, VendorId:0x10de
[2020.03.04-16.36.04:332][  0]LogD3D11RHI:    1. 'Intel(R) HD Graphics 630' (Feature Level 11_0)
[2020.03.04-16.36.04:332][  0]LogD3D11RHI:       128/0/8138 MB DedicatedVideo/DedicatedSystem/SharedSystem, Outputs:0, VendorId:0x8086
[2020.03.04-16.36.04:339][  0]LogD3D11RHI:    2. 'Microsoft Basic Render Driver' (Feature Level 11_0)
[2020.03.04-16.36.04:339][  0]LogD3D11RHI:       0/0/8138 MB DedicatedVideo/DedicatedSystem/SharedSystem, Outputs:0, VendorId:0x1414
[2020.03.04-16.36.04:339][  0]LogD3D11RHI: Chosen D3D11 Adapter: 0
[2020.03.04-16.36.04:393][  0]LogD3D11RHI: Creating new Direct3DDevice
[2020.03.04-16.36.04:393][  0]LogD3D11RHI:     GPU DeviceId: 0x1c8d (for the marketing name, search the web for "GPU Device Id")
[2020.03.04-16.36.04:422][  0]LogWindows: EnumDisplayDevices:
[2020.03.04-16.36.04:422][  0]LogWindows:    0. 'Intel(R) HD Graphics 630' (P:1 D:1)
[2020.03.04-16.36.04:423][  0]LogWindows:    1. 'Intel(R) HD Graphics 630' (P:0 D:0)
[2020.03.04-16.36.04:423][  0]LogWindows:    2. 'Intel(R) HD Graphics 630' (P:0 D:0)
[2020.03.04-16.36.04:423][  0]LogWindows: DebugString: PrimaryIsNotTheChoosenAdapter PrimaryIsNotTheChoosenAdapter PrimaryIsNotTheChoosenAdapter FoundDriverCount:0 
[2020.03.04-16.36.04:423][  0]LogD3D11RHI:     Adapter Name: NVIDIA GeForce GTX 1050
[2020.03.04-16.36.04:423][  0]LogD3D11RHI:   Driver Version: Unknown (internal:Unknown, unified:Unknown)
[2020.03.04-16.36.04:423][  0]LogD3D11RHI:      Driver Date: Unknown
[2020.03.04-16.36.04:423][  0]LogRHI: Texture pool is 2814 MB (70% of 4021 MB)
[2020.03.04-16.36.04:492][  0]LogD3D11RHI: Async texture creation enabled
[2020.03.04-16.36.04:852][  0]LogD3D11RHI: GPU Timing Frequency: 1000.000000 (Debug: 2 2)
[2020.03.04-16.36.04:907][  0]LogShaderCompilers: Guid format shader working directory is -5 characters bigger than the processId version (C:/Users/Aleks/Documents/Unreal/AleksandraPiasecka/Intermediate/Shaders/WorkingDirectory/10076/).
[2020.03.04-16.36.04:908][  0]LogShaderCompilers: Cleaned the shader compiler working directory 'C:/Users/Aleks/AppData/Local/Temp/UnrealShaderWorkingDir/F4BAA5CF48867AE0D8A1DC8EBBBDF9EA/'.
[2020.03.04-16.36.05:339][  0]LogTemp: Display: Loaded TP AllDesktopTargetPlatform
[2020.03.04-16.36.05:360][  0]LogTemp: Display: Loaded TP MacClientTargetPlatform
[2020.03.04-16.36.05:377][  0]LogTemp: Display: Loaded TP MacNoEditorTargetPlatform
[2020.03.04-16.36.05:398][  0]LogTemp: Display: Loaded TP MacServerTargetPlatform
[2020.03.04-16.36.05:455][  0]LogTemp: Display: Loaded TP MacTargetPlatform
[2020.03.04-16.36.05:499][  0]LogTemp: Display: Loaded TP WindowsClientTargetPlatform
[2020.03.04-16.36.05:530][  0]LogTemp: Display: Loaded TP WindowsNoEditorTargetPlatform
[2020.03.04-16.36.05:548][  0]LogTemp: Display: Loaded TP WindowsServerTargetPlatform
[2020.03.04-16.36.05:558][  0]LogTemp: Display: Loaded TP WindowsTargetPlatform
[2020.03.04-16.36.05:684][  0]LogTemp: Display: Loaded TP AndroidTargetPlatform
[2020.03.04-16.36.05:684][  0]LogTemp: Display: Loaded TP AndroidTargetPlatform
[2020.03.04-16.36.05:684][  0]LogTemp: Display: Loaded TP AndroidTargetPlatform
[2020.03.04-16.36.05:684][  0]LogTemp: Display: Loaded TP AndroidTargetPlatform
[2020.03.04-16.36.05:684][  0]LogTemp: Display: Loaded TP AndroidTargetPlatform
[2020.03.04-16.36.05:684][  0]LogTemp: Display: Loaded TP AndroidTargetPlatform
[2020.03.04-16.36.05:684][  0]LogTemp: Display: Loaded TP AndroidTargetPlatform
[2020.03.04-16.36.05:684][  0]LogTemp: Display: Loaded TP AndroidTargetPlatform
[2020.03.04-16.36.05:684][  0]LogTemp: Display: Loaded TP AndroidTargetPlatform
[2020.03.04-16.36.05:684][  0]LogTemp: Display: Loaded TP AndroidTargetPlatform
[2020.03.04-16.36.05:684][  0]LogTemp: Display: Loaded TP AndroidTargetPlatform
[2020.03.04-16.36.05:684][  0]LogTemp: Display: Loaded TP AndroidTargetPlatform
[2020.03.04-16.36.05:684][  0]LogTemp: Display: Loaded TP AndroidTargetPlatform
[2020.03.04-16.36.05:684][  0]LogTemp: Display: Loaded TP AndroidTargetPlatform
[2020.03.04-16.36.05:684][  0]LogTemp: Display: Loaded TP AndroidTargetPlatform
[2020.03.04-16.36.05:684][  0]LogTemp: Display: Loaded TP AndroidTargetPlatform
[2020.03.04-16.36.05:684][  0]LogTemp: Display: Loaded TP AndroidTargetPlatform
[2020.03.04-16.36.05:685][  0]LogTemp: Display: Loaded TP AndroidTargetPlatform
[2020.03.04-16.36.05:704][  0]LogTemp: Display: Loaded TP HTML5TargetPlatform
[2020.03.04-16.36.05:800][  0]LogTemp: Display: Loaded TP IOSTargetPlatform
[2020.03.04-16.36.05:800][  0]LogTemp: Display: Loaded TP IOSTargetPlatform
[2020.03.04-16.36.05:843][  0]LogTemp: Display: Loaded TP TVOSTargetPlatform
[2020.03.04-16.36.05:843][  0]LogTemp: Display: Loaded TP TVOSTargetPlatform
[2020.03.04-16.36.05:863][  0]LogTemp: Display: Loaded TP LinuxClientTargetPlatform
[2020.03.04-16.36.05:896][  0]LogTemp: Display: Loaded TP LinuxNoEditorTargetPlatform
[2020.03.04-16.36.05:927][  0]LogTemp: Display: Loaded TP LinuxServerTargetPlatform
[2020.03.04-16.36.05:949][  0]LogTemp: Display: Loaded TP LinuxTargetPlatform
[2020.03.04-16.36.05:975][  0]LogTemp: Display: Loaded TP LuminTargetPlatform
[2020.03.04-16.36.05:975][  0]LogTargetPlatformManager: Display: Building Assets For Windows
[2020.03.04-16.36.06:671][  0]LogXGEController: Cannot use XGE Controller as Incredibuild is not installed on this machine.
[2020.03.04-16.36.06:671][  0]LogShaderCompilers: Cannot use XGE Shader Compiler as Incredibuild is not installed on this machine.
[2020.03.04-16.36.06:671][  0]LogShaderCompilers: Display: Using Local Shader Compiler.
[2020.03.04-16.36.09:953][  0]LogDerivedDataCache: Display: Max Cache Size: 512 MB
[2020.03.04-16.36.10:658][  0]LogDerivedDataCache: Loaded boot cache 0.70s 71MB C:/Users/Aleks/AppData/Local/UnrealEngine/4.20/DerivedDataCache/Boot.ddc.
[2020.03.04-16.36.10:659][  0]LogDerivedDataCache: Display: Loaded Boot cache: C:/Users/Aleks/AppData/Local/UnrealEngine/4.20/DerivedDataCache/Boot.ddc
[2020.03.04-16.36.10:659][  0]LogDerivedDataCache: FDerivedDataBackendGraph:  Pak pak cache file C:/Users/Aleks/Documents/Unreal/AleksandraPiasecka/DerivedDataCache/DDC.ddp not found, will not use a pak cache.
[2020.03.04-16.36.10:659][  0]LogDerivedDataCache: Unable to find inner node Pak for hierarchical cache Hierarchy.
[2020.03.04-16.36.10:659][  0]LogDerivedDataCache: FDerivedDataBackendGraph:  CompressedPak pak cache file C:/Users/Aleks/Documents/Unreal/AleksandraPiasecka/DerivedDataCache/Compressed.ddp not found, will not use a pak cache.
[2020.03.04-16.36.10:659][  0]LogDerivedDataCache: Unable to find inner node CompressedPak for hierarchical cache Hierarchy.
[2020.03.04-16.36.10:776][  0]LogDerivedDataCache: Display: Pak cache opened for reading ../../../Engine/DerivedDataCache/Compressed.ddp.
[2020.03.04-16.36.10:802][  0]LogDerivedDataCache: Using Local data cache path C:/Users/Aleks/AppData/Local/UnrealEngine/Common/DerivedDataCache: Writable
[2020.03.04-16.36.10:802][  0]LogDerivedDataCache: Shared data cache path not found in *engine.ini, will not use an Shared cache.
[2020.03.04-16.36.10:802][  0]LogDerivedDataCache: Unable to find inner node Shared for hierarchical cache Hierarchy.
[2020.03.04-16.36.10:876][  0]LogMaterial: Verifying Global Shaders for PCD3D_SM5
[2020.03.04-16.36.10:932][  0]LogSlate: Using FreeType 2.6.0
[2020.03.04-16.36.11:034][  0]LogSlate: SlateFontServices - WITH_FREETYPE: 1, WITH_HARFBUZZ: 1
[2020.03.04-16.36.12:909][  0]LogAssetRegistry: FAssetRegistry took 0.0438 seconds to start up
[2020.03.04-16.36.16:889][  0]LogInit: Selected Device Profile: [Windows]
[2020.03.04-16.36.18:291][  0]LogSimplygon: Simplygon DLL not present - disabling.
[2020.03.04-16.36.18:428][  0]LogMeshReduction: Using SimplygonSwarm for distributed automatic mesh merging
[2020.03.04-16.36.18:429][  0]LogMeshReduction: Using ProxyLODMeshReduction for automatic mesh merging
[2020.03.04-16.36.18:430][  0]LogMeshReduction: Using QuadricMeshReduction for automatic static mesh reduction
[2020.03.04-16.36.18:430][  0]LogMeshReduction: No automatic skeletal mesh reduction module available
[2020.03.04-16.36.18:819][  0]LogNetVersion: AleksandraPiasecka 1.0.0, NetCL: 4212847, EngineNetVer: 5, GameNetVer: 0 (Checksum: 2078777456)
[2020.03.04-16.36.23:335][  0]LogAssetRegistry: Error: Failed to open file for write C:/Users/Aleks/Documents/Unreal/AleksandraPiasecka/Intermediate/AssetRegistryCache/e2821423.bin
[2020.03.04-16.36.23:354][  0]LogAssetRegistry: Error: Failed to open file for write C:/Users/Aleks/Documents/Unreal/AleksandraPiasecka/Intermediate/AssetRegistryCache/1343d3e0.bin
[2020.03.04-16.36.23:360][  0]LogAssetRegistry: Error: Failed to open file for write C:/Users/Aleks/Documents/Unreal/AleksandraPiasecka/Intermediate/AssetRegistryCache/5cf8275b.bin
[2020.03.04-16.36.23:378][  0]LogAssetRegistry: Error: Failed to open file for write C:/Users/Aleks/Documents/Unreal/AleksandraPiasecka/Intermediate/AssetRegistryCache/5ec6c59b.bin
[2020.03.04-16.36.23:380][  0]LogPackageLocalizationCache: Processed 11 localized package path(s) for 2 prioritized culture(s) in 0.194656 seconds
[2020.03.04-16.36.23:405][  0]LogUObjectArray: 38425 objects as part of root set at end of initial load.
[2020.03.04-16.36.23:405][  0]LogUObjectAllocator: 6690864 out of 0 bytes used by permanent object pool.
[2020.03.04-16.36.23:405][  0]LogUObjectArray: CloseDisregardForGC: 0/0 objects in disregard for GC pool
[2020.03.04-16.36.42:561][  0]LogConfig: Warning: Failed to saved backup for config[InternationalizationExport]
[2020.03.04-16.36.43:839][  0]LogTcpMessaging: Initializing TcpMessaging bridge
[2020.03.04-16.36.43:879][  0]LogUdpMessaging: Initializing bridge on interface 0.0.0.0:0 to multicast group 230.0.0.1:6666.
[2020.03.04-16.36.45:306][  0]LogConfig: Warning: Failed to saved backup for config[SourceControlSettings]
[2020.03.04-16.36.45:313][  0]SourceControl: Source control is disabled
[2020.03.04-16.36.45:314][  0]SourceControl: Source control is disabled
[2020.03.04-16.36.45:395][  0]SourceControl: Source control is disabled
[2020.03.04-16.36.45:423][  0]SourceControl: Source control is disabled
[2020.03.04-16.36.46:888][  0]LogConfig: Warning: Failed to saved backup for config[UnitTestStats]
[2020.03.04-16.36.46:936][  0]LogAndroidPermission: UAndroidPermissionCallbackProxy::GetInstance
[2020.03.04-16.36.47:248][  0]LogOcInput: OculusInput pre-init called
[2020.03.04-16.36.47:981][  0]LogEngine: Initializing Engine...
[2020.03.04-16.36.48:002][  0]LogHMD: Failed to initialize OpenVR with code 110
[2020.03.04-16.36.48:039][  0]LogStats: UGameplayTagsManager::ConstructGameplayTagTree: ImportINI prefixes -  0.001 s
[2020.03.04-16.36.48:039][  0]LogStats: UGameplayTagsManager::ConstructGameplayTagTree: Construct from data asset -  0.000 s
[2020.03.04-16.36.48:039][  0]LogStats: UGameplayTagsManager::ConstructGameplayTagTree: ImportINI -  0.000 s
[2020.03.04-16.36.48:040][  0]LogStats: UGameplayTagsManager::ConstructGameplayTagTree: GameplayTagTreeChangedEvent.Broadcast -  0.001 s
[2020.03.04-16.36.48:780][  0]LogInit: Initializing FReadOnlyCVARCache
[2020.03.04-16.36.49:198][  0]LogAIModule: Creating AISystem for world Untitled
[2020.03.04-16.36.49:482][  0]LogInit: XAudio2 using 'Głośniki (Realtek High Definition Audio)' : 2 channels at 48 kHz using 32 bits per sample (channel mask 0x3)
[2020.03.04-16.36.49:611][  0]LogInit: FAudioDevice initialized.
[2020.03.04-16.36.49:611][  0]LogNetVersion: Set ProjectVersion to 1.0.0.0. Version Checksum will be recalculated on next use.
[2020.03.04-16.36.49:780][  0]LogDerivedDataCache: Saved boot cache 0.17s 71MB C:/Users/Aleks/AppData/Local/UnrealEngine/4.20/DerivedDataCache/Boot.ddc.
[2020.03.04-16.36.49:781][  0]LogInit: Texture streaming: Enabled
[2020.03.04-16.36.49:793][  0]LogEngineSessionManager: EngineSessionManager initialized
[2020.03.04-16.36.49:880][  0]LogInit: Transaction tracking system initialized
[2020.03.04-16.36.50:301][  0]BlueprintLog: New page: Editor Load
[2020.03.04-16.36.51:525][  0]LocalizationService: Localization service is disabled
[2020.03.04-16.36.54:525][  0]LogFileCache: Scanning file cache for directory 'C:/Users/Aleks/Documents/Unreal/AleksandraPiasecka/Content/' took 0.04s
[2020.03.04-16.36.54:525][  0]LogCook: Display: Max memory allowance for cook 16384mb min free memory 0mb
[2020.03.04-16.36.54:526][  0]LogCook: Display: Mobile HDR setting 1
[2020.03.04-16.36.54:534][  0]LogGameplayTags: Display: UGameplayTagsManager::DoneAddingNativeTags. DelegateIsBound: 0
[2020.03.04-16.36.54:534][  0]LogStats: UGameplayTagsManager::ConstructGameplayTagTree: ImportINI prefixes -  0.000 s
[2020.03.04-16.36.54:535][  0]LogStats: UGameplayTagsManager::ConstructGameplayTagTree: Construct from data asset -  0.000 s
[2020.03.04-16.36.54:535][  0]LogStats: UGameplayTagsManager::ConstructGameplayTagTree: ImportINI -  0.000 s
[2020.03.04-16.36.54:535][  0]LogStats: UGameplayTagsManager::ConstructGameplayTagTree: GameplayTagTreeChangedEvent.Broadcast -  0.000 s
[2020.03.04-16.36.57:727][  0]SourceControl: Source control is disabled
[2020.03.04-16.36.57:741][  0]Cmd: MAP LOAD FILE="C:/Users/Aleks/Documents/Unreal/AleksandraPiasecka/Content/StarterContent/Maps/Minimal_Default.umap" TEMPLATE=0 SHOWPROGRESS=1 FEATURELEVEL=3
[2020.03.04-16.36.57:759][  0]LightingResults: New page: Lighting Build
[2020.03.04-16.36.57:882][  0]MapCheck: New page: Map Check
[2020.03.04-16.36.57:882][  0]LightingResults: New page: Lighting Build
[2020.03.04-16.37.00:871][  0]LogAIModule: Creating AISystem for world Minimal_Default
[2020.03.04-16.37.01:309][  0]LogEditorServer: Finished looking for orphan Actors (0.000 secs)
[2020.03.04-16.37.01:419][  0]Cmd: MAP CHECKDEP NOCLEARLOG
[2020.03.04-16.37.01:477][  0]MapCheck: Map check complete: 0 Error(s), 0 Warning(s), took 57,599ms to complete.
[2020.03.04-16.37.01:477][  0]LogFileHelpers: Loading map 'Minimal_Default' took 3.749
[2020.03.04-16.37.02:726][  0]LogSlate: Updating window title bar state: overlay mode, drag disabled, window buttons hidden, title bar hidden
[2020.03.04-16.37.02:744][  0]LogSlate: Updating window title bar state: overlay mode, drag disabled, window buttons hidden, title bar hidden
[2020.03.04-16.37.02:761][  0]LogSlate: Updating window title bar state: overlay mode, drag disabled, window buttons hidden, title bar hidden
[2020.03.04-16.37.02:771][  0]LogSlate: Updating window title bar state: overlay mode, drag disabled, window buttons hidden, title bar hidden
[2020.03.04-16.37.02:865][  0]LogCollectionManager: Loaded 0 collections in 0.003657 seconds
[2020.03.04-16.37.03:000][  0]LogFileCache: Scanning file cache for directory 'C:/Users/Aleks/Documents/Unreal/AleksandraPiasecka/Saved/Collections/' took 0.01s
[2020.03.04-16.37.03:000][  0]LogFileCache: Scanning file cache for directory 'C:/Users/Aleks/Documents/Unreal/AleksandraPiasecka/Content/Developers/Aleks/Collections/' took 0.01s
[2020.03.04-16.37.03:000][  0]LogFileCache: Scanning file cache for directory 'C:/Users/Aleks/Documents/Unreal/AleksandraPiasecka/Content/Collections/' took 0.01s
[2020.03.04-16.37.03:000][  0]LogCollectionManager: Rebuilt the GUID cache for 0 collections in 0.000001 seconds
[2020.03.04-16.37.03:056][  0]LogContentBrowser: Native class hierarchy populated in 0.0377 seconds. Added 2573 classes and 605 folders.
[2020.03.04-16.37.03:143][  0]LogContentBrowser: Native class hierarchy updated for 'WidgetCarousel' in 0.0009 seconds. Added 0 classes and 0 folders.
[2020.03.04-16.37.05:581][  0]LogContentBrowser: Native class hierarchy updated for 'AddContentDialog' in 0.0004 seconds. Added 0 classes and 0 folders.
[2020.03.04-16.37.06:571][  0]LogSlate: Took 0.019155 seconds to synchronously load lazily loaded font '../../../Engine/Content/Slate/Fonts/Roboto-Regular.ttf' (155K)
[2020.03.04-16.37.06:634][  0]LogSlate: Took 0.026342 seconds to synchronously load lazily loaded font '../../../Engine/Content/Slate/Fonts/Roboto-Bold.ttf' (160K)
[2020.03.04-16.37.06:663][  0]LogSlate: Took 0.008588 seconds to synchronously load lazily loaded font '../../../Engine/Content/Editor/Slate/Fonts/FontAwesome.ttf' (139K)
[2020.03.04-16.37.07:070][  0]LogRenderer: Reallocating scene render targets to support 876x476 Format 10 NumSamples 1 (Frame:1).
[2020.03.04-16.37.07:618][  0]LogContentBrowser: Native class hierarchy updated for 'HierarchicalLODOutliner' in 0.0003 seconds. Added 0 classes and 0 folders.
[2020.03.04-16.37.07:618][  0]LogLoad: (Engine Initialization) Total time: 77.81 seconds
[2020.03.04-16.37.07:618][  0]LogLoad: (Engine Initialization) Total Blueprint compile time: 0.00 seconds
[2020.03.04-16.37.07:793][  0]LogContentStreaming: Texture pool size now 1000 MB
[2020.03.04-16.37.07:938][  0]LogRenderer: Reallocating scene render targets to support 876x488 Format 10 NumSamples 1 (Frame:2).
[2020.03.04-16.37.07:939][  0]LogSlate: Took 0.013058 seconds to synchronously load lazily loaded font '../../../Engine/Content/Slate/Fonts/Roboto-Light.ttf' (167K)
[2020.03.04-16.37.08:035][  2]LogAssetRegistry: Asset discovery search completed in 55.1496 seconds
[2020.03.04-16.37.08:038][  2]LogCollectionManager: Rebuilt the object cache for 0 collections in 0.000000 seconds (found 0 objects)
[2020.03.04-16.37.08:038][  2]LogCollectionManager: Fixed up redirectors for 0 collections in 0.000074 seconds (updated 0 objects)
[2020.03.04-16.37.09:002][ 38]LogSlate: Took 0.000470 seconds to synchronously load lazily loaded font '../../../Engine/Content/Slate/Fonts/Roboto-Light.ttf' (167K)
[2020.03.04-16.37.13:343][289]LogSlate: FSceneViewport::OnFocusLost() reason 0
[2020.03.04-16.37.14:365][298]LogAIModule: Creating AISystem for world Level01
[2020.03.04-16.37.14:371][298]LogAssetEditorManager: Opening Asset editor for World /Game/Level01.Level01
[2020.03.04-16.37.14:426][298]Cmd: MAP LOAD FILE="C:/Users/Aleks/Documents/Unreal/AleksandraPiasecka/Content/Level01.umap" TEMPLATE=0 SHOWPROGRESS=1 FEATURELEVEL=3
[2020.03.04-16.37.14:426][298]LightingResults: New page: Lighting Build
[2020.03.04-16.37.14:427][298]LoadErrors: New page: Loading map: Level01.umap
[2020.03.04-16.37.14:449][298]MapCheck: New page: Map Check
[2020.03.04-16.37.14:449][298]LightingResults: New page: Lighting Build
[2020.03.04-16.37.14:605][298]LogEditorServer: Finished looking for orphan Actors (0.000 secs)
[2020.03.04-16.37.14:737][298]Cmd: MAP CHECKDEP NOCLEARLOG
[2020.03.04-16.37.14:822][298]MapCheck: Map check complete: 0 Error(s), 0 Warning(s), took 84,748ms to complete.
[2020.03.04-16.37.14:824][298]LogFileHelpers: Loading map 'Level01' took 0.413
[2020.03.04-16.37.16:970][418]LogEditorViewport: Clicking on Actor (LMB): StaticMeshActor (Ball)
[2020.03.04-16.37.26:113][927]LogSlate: FSceneViewport::OnFocusLost() reason 2
[2020.03.04-16.37.29:092][ 95]LogSlate: FSceneViewport::OnFocusLost() reason 2
[2020.03.04-16.37.29:096][ 95]LogAssetEditorManager: Opening Asset editor for LevelScriptBlueprint /Game/Level01.Level01:PersistentLevel.Level01
[2020.03.04-16.37.30:397][ 95]LogContentBrowser: Native class hierarchy updated for 'BlueprintGraph' in 0.0009 seconds. Added 116 classes and 0 folders.
[2020.03.04-16.37.31:504][ 95]LogSlate: Took 0.032511 seconds to synchronously load lazily loaded font '../../../Engine/Content/Slate/Fonts/Roboto-BoldCondensed.ttf' (158K)
[2020.03.04-16.37.31:866][ 96]LogSlate: Took 0.010352 seconds to synchronously load lazily loaded font '../../../Engine/Content/Slate/Fonts/Roboto-Italic.ttf' (157K)
[2020.03.04-16.38.57:234][104]LogTemp: Repeating last play command: Selected Viewport
[2020.03.04-16.38.57:596][104]LogBlueprintUserMessages: Early PlayInEditor Detection: Level '/Game/Level01.Level01:PersistentLevel' has LevelScriptBlueprint '/Game/Level01.Level01:PersistentLevel.Level01' with GeneratedClass '/Game/Level01.Level01_C' with ClassGeneratedBy '/Game/Level01.Level01:PersistentLevel.Level01'
[2020.03.04-16.38.57:596][104]BlueprintLog: New page: Pre-Play auto-recompile
[2020.03.04-16.38.57:621][104]LogPlayLevel: [PlayLevel] Compiling Level01 before play...
[2020.03.04-16.38.57:917][104]LogPlayLevel: PlayLevel: Blueprint regeneration took 320 ms (1 blueprints)
[2020.03.04-16.38.57:959][104]PIE: New page: PIE session: Level01 (4 mar 2020, 18:38:57)
[2020.03.04-16.38.57:960][104]LogPlayLevel: Creating play world package: /Game/UEDPIE_0_Level01
[2020.03.04-16.38.57:966][104]LogPlayLevel: PIE: StaticDuplicateObject took: (0.006172s)
[2020.03.04-16.38.57:967][104]LogAIModule: Creating AISystem for world Level01
[2020.03.04-16.38.57:967][104]LogPlayLevel: PIE: World Init took: (0.001373s)
[2020.03.04-16.38.57:967][104]LogPlayLevel: PIE: Created PIE world by copying editor world from /Game/Level01.Level01 to /Game/UEDPIE_0_Level01.Level01 (0.007764s)
[2020.03.04-16.38.58:014][104]LogInit: XAudio2 using 'Głośniki (Realtek High Definition Audio)' : 2 channels at 48 kHz using 32 bits per sample (channel mask 0x3)
[2020.03.04-16.38.58:032][104]LogInit: FAudioDevice initialized.
[2020.03.04-16.38.58:096][104]LogLoad: Game class is 'GameModeBase'
[2020.03.04-16.38.58:137][104]LogWorld: Bringing World /Game/UEDPIE_0_Level01.Level01 up for play (max tick rate 60) at 2020.03.04-17.38.58
[2020.03.04-16.38.58:152][104]LogWorld: Bringing up level for play took: 0.015999
[2020.03.04-16.38.58:242][104]LogContentBrowser: Native class hierarchy updated for 'MovieSceneCapture' in 0.0006 seconds. Added 10 classes and 0 folders.
[2020.03.04-16.38.58:267][104]LogBlueprintUserMessages: [Level01_C_0] Witaj w moim labiryncie! Sprawdźmy jak szybko z niego uciekniesz!
[2020.03.04-16.38.58:268][104]PIE: Play in editor start time for /Game/UEDPIE_0_Level01 -0,295
[2020.03.04-16.38.58:268][104]LogBlueprintUserMessages: Late PlayInEditor Detection: Level '/Game/Level01.Level01:PersistentLevel' has LevelScriptBlueprint '/Game/Level01.Level01:PersistentLevel.Level01' with GeneratedClass '/Game/Level01.Level01_C' with ClassGeneratedBy '/Game/Level01.Level01:PersistentLevel.Level01'
[2020.03.04-16.39.05:692][328]LogSlate: FSceneViewport::OnFocusLost() reason 2
[2020.03.04-16.39.13:031][520]LogSlate: Window 'Level01* - Level Blueprint Editor' being destroyed
[2020.03.04-16.39.14:350][599]LogSlate: FSceneViewport::OnFocusLost() reason 0
[2020.03.04-16.39.15:786][685]LogBlueprintUserMessages: Early EndPlayMap Detection: Level '/Game/Level01.Level01:PersistentLevel' has LevelScriptBlueprint '/Game/Level01.Level01:PersistentLevel.Level01' with GeneratedClass '/Game/Level01.Level01_C' with ClassGeneratedBy '/Game/Level01.Level01:PersistentLevel.Level01'
[2020.03.04-16.39.15:786][685]LogSlate: Updating window title bar state: overlay mode, drag disabled, window buttons hidden, title bar hidden
[2020.03.04-16.39.15:829][685]LogPlayLevel: Display: Shutting down PIE online subsystems
[2020.03.04-16.39.15:829][685]LogBlueprintUserMessages: Late EndPlayMap Detection: Level '/Game/Level01.Level01:PersistentLevel' has LevelScriptBlueprint '/Game/Level01.Level01:PersistentLevel.Level01' with GeneratedClass '/Game/Level01.Level01_C' with ClassGeneratedBy '/Game/Level01.Level01:PersistentLevel.Level01'
[2020.03.04-16.39.15:859][685]LogSlate: Updating window title bar state: overlay mode, drag disabled, window buttons hidden, title bar hidden
[2020.03.04-16.39.15:906][686]LogPlayLevel: Display: Destroying online subsystem :Context_3
[2020.03.04-16.39.16:535][724]LogTemp: Repeating last play command: Selected Viewport
[2020.03.04-16.39.16:545][724]LogBlueprintUserMessages: Early PlayInEditor Detection: Level '/Game/Level01.Level01:PersistentLevel' has LevelScriptBlueprint '/Game/Level01.Level01:PersistentLevel.Level01' with GeneratedClass '/Game/Level01.Level01_C' with ClassGeneratedBy '/Game/Level01.Level01:PersistentLevel.Level01'
[2020.03.04-16.39.16:545][724]LogPlayLevel: PlayLevel: No blueprints needed recompiling
[2020.03.04-16.39.16:545][724]PIE: New page: PIE session: Level01 (4 mar 2020, 18:39:16)
[2020.03.04-16.39.16:545][724]LogPlayLevel: Creating play world package: /Game/UEDPIE_0_Level01
[2020.03.04-16.39.16:549][724]LogPlayLevel: PIE: StaticDuplicateObject took: (0.003809s)
[2020.03.04-16.39.16:550][724]LogAIModule: Creating AISystem for world Level01
[2020.03.04-16.39.16:550][724]LogPlayLevel: PIE: World Init took: (0.001158s)
[2020.03.04-16.39.16:550][724]LogPlayLevel: PIE: Created PIE world by copying editor world from /Game/Level01.Level01 to /Game/UEDPIE_0_Level01.Level01 (0.005157s)
[2020.03.04-16.39.16:581][724]LogInit: XAudio2 using 'Głośniki (Realtek High Definition Audio)' : 2 channels at 48 kHz using 32 bits per sample (channel mask 0x3)
[2020.03.04-16.39.16:597][724]LogInit: FAudioDevice initialized.
[2020.03.04-16.39.16:607][724]LogSlate: Updating window title bar state: overlay mode, drag disabled, window buttons hidden, title bar hidden
[2020.03.04-16.39.16:687][724]LogLoad: Game class is 'GameModeBase'
[2020.03.04-16.39.16:688][724]LogWorld: Bringing World /Game/UEDPIE_0_Level01.Level01 up for play (max tick rate 60) at 2020.03.04-17.39.16
[2020.03.04-16.39.16:688][724]LogWorld: Bringing up level for play took: 0.000659
[2020.03.04-16.39.16:701][724]LogBlueprintUserMessages: [Level01_C_0] Witaj w moim labiryncie! Sprawdźmy jak szybko z niego uciekniesz!
[2020.03.04-16.39.16:703][724]PIE: Play in editor start time for /Game/UEDPIE_0_Level01 0,14
[2020.03.04-16.39.16:704][724]LogBlueprintUserMessages: Late PlayInEditor Detection: Level '/Game/Level01.Level01:PersistentLevel' has LevelScriptBlueprint '/Game/Level01.Level01:PersistentLevel.Level01' with GeneratedClass '/Game/Level01.Level01_C' with ClassGeneratedBy '/Game/Level01.Level01:PersistentLevel.Level01'
[2020.03.04-16.39.16:727][724]LogRenderer: Reallocating scene render targets to support 1024x576 Format 10 NumSamples 1 (Frame:1).
[2020.03.04-16.39.21:693][ 15]LogBlueprintUserMessages: Early EndPlayMap Detection: Level '/Game/Level01.Level01:PersistentLevel' has LevelScriptBlueprint '/Game/Level01.Level01:PersistentLevel.Level01' with GeneratedClass '/Game/Level01.Level01_C' with ClassGeneratedBy '/Game/Level01.Level01:PersistentLevel.Level01'
[2020.03.04-16.39.21:693][ 15]LogSlate: Updating window title bar state: overlay mode, drag disabled, window buttons hidden, title bar hidden
[2020.03.04-16.39.21:809][ 15]LogSlate: Window 'AleksandraPiasecka Game Preview Standalone (64-bit/PCD3D_SM5)' being destroyed
[2020.03.04-16.39.21:872][ 15]LogPlayLevel: Display: Shutting down PIE online subsystems
[2020.03.04-16.39.21:872][ 15]LogBlueprintUserMessages: Late EndPlayMap Detection: Level '/Game/Level01.Level01:PersistentLevel' has LevelScriptBlueprint '/Game/Level01.Level01:PersistentLevel.Level01' with GeneratedClass '/Game/Level01.Level01_C' with ClassGeneratedBy '/Game/Level01.Level01:PersistentLevel.Level01'
[2020.03.04-16.39.21:949][ 16]LogPlayLevel: Display: Destroying online subsystem :Context_4
[2020.03.04-16.39.45:291][416]LogTemp: Repeating last play command: Selected Viewport
[2020.03.04-16.39.45:301][416]LogBlueprintUserMessages: Early PlayInEditor Detection: Level '/Game/Level01.Level01:PersistentLevel' has LevelScriptBlueprint '/Game/Level01.Level01:PersistentLevel.Level01' with GeneratedClass '/Game/Level01.Level01_C' with ClassGeneratedBy '/Game/Level01.Level01:PersistentLevel.Level01'
[2020.03.04-16.39.45:301][416]BlueprintLog: New page: Pre-Play auto-recompile
[2020.03.04-16.39.45:308][416]LogPlayLevel: [PlayLevel] Compiling Level01 before play...
[2020.03.04-16.39.45:441][416]LogPlayLevel: PlayLevel: Blueprint regeneration took 140 ms (1 blueprints)
[2020.03.04-16.39.45:441][416]PIE: New page: PIE session: Level01 (4 mar 2020, 18:39:45)
[2020.03.04-16.39.45:441][416]LogPlayLevel: Creating play world package: /Game/UEDPIE_0_Level01
[2020.03.04-16.39.45:444][416]LogPlayLevel: PIE: StaticDuplicateObject took: (0.003110s)
[2020.03.04-16.39.45:445][416]LogAIModule: Creating AISystem for world Level01
[2020.03.04-16.39.45:446][416]LogPlayLevel: PIE: World Init took: (0.001493s)
[2020.03.04-16.39.45:446][416]LogPlayLevel: PIE: Created PIE world by copying editor world from /Game/Level01.Level01 to /Game/UEDPIE_0_Level01.Level01 (0.004810s)
[2020.03.04-16.39.45:478][416]LogInit: XAudio2 using 'Głośniki (Realtek High Definition Audio)' : 2 channels at 48 kHz using 32 bits per sample (channel mask 0x3)
[2020.03.04-16.39.45:494][416]LogInit: FAudioDevice initialized.
[2020.03.04-16.39.45:507][416]LogSlate: Updating window title bar state: overlay mode, drag disabled, window buttons hidden, title bar hidden
[2020.03.04-16.39.45:575][416]LogLoad: Game class is 'GameModeBase'
[2020.03.04-16.39.45:576][416]LogWorld: Bringing World /Game/UEDPIE_0_Level01.Level01 up for play (max tick rate 60) at 2020.03.04-17.39.45
[2020.03.04-16.39.45:576][416]LogWorld: Bringing up level for play took: 0.000711
[2020.03.04-16.39.45:589][416]LogBlueprintUserMessages: [Level01_C_1] Witaj w moim labiryncie! Sprawdźmy jak szybko z niego uciekniesz!
[2020.03.04-16.39.45:589][416]PIE: Play in editor start time for /Game/UEDPIE_0_Level01 1,027
[2020.03.04-16.39.45:590][416]LogBlueprintUserMessages: Late PlayInEditor Detection: Level '/Game/Level01.Level01:PersistentLevel' has LevelScriptBlueprint '/Game/Level01.Level01:PersistentLevel.Level01' with GeneratedClass '/Game/Level01.Level01_C' with ClassGeneratedBy '/Game/Level01.Level01:PersistentLevel.Level01'
[2020.03.04-16.39.47:306][515]LogBlueprintUserMessages: Early EndPlayMap Detection: Level '/Game/Level01.Level01:PersistentLevel' has LevelScriptBlueprint '/Game/Level01.Level01:PersistentLevel.Level01' with GeneratedClass '/Game/Level01.Level01_C' with ClassGeneratedBy '/Game/Level01.Level01:PersistentLevel.Level01'
[2020.03.04-16.39.47:307][515]LogSlate: Updating window title bar state: overlay mode, drag disabled, window buttons hidden, title bar hidden
[2020.03.04-16.39.47:317][515]LogSlate: Window 'AleksandraPiasecka Game Preview Standalone (64-bit/PCD3D_SM5)' being destroyed
[2020.03.04-16.39.47:359][515]LogPlayLevel: Display: Shutting down PIE online subsystems
[2020.03.04-16.39.47:359][515]LogBlueprintUserMessages: Late EndPlayMap Detection: Level '/Game/Level01.Level01:PersistentLevel' has LevelScriptBlueprint '/Game/Level01.Level01:PersistentLevel.Level01' with GeneratedClass '/Game/Level01.Level01_C' with ClassGeneratedBy '/Game/Level01.Level01:PersistentLevel.Level01'
[2020.03.04-16.39.47:441][516]LogPlayLevel: Display: Destroying online subsystem :Context_5
[2020.03.04-16.40.03:909][504]LogTemp: Repeating last play command: Selected Viewport
[2020.03.04-16.40.03:920][504]LogBlueprintUserMessages: Early PlayInEditor Detection: Level '/Game/Level01.Level01:PersistentLevel' has LevelScriptBlueprint '/Game/Level01.Level01:PersistentLevel.Level01' with GeneratedClass '/Game/Level01.Level01_C' with ClassGeneratedBy '/Game/Level01.Level01:PersistentLevel.Level01'
[2020.03.04-16.40.03:920][504]BlueprintLog: New page: Pre-Play auto-recompile
[2020.03.04-16.40.03:926][504]LogPlayLevel: [PlayLevel] Compiling Level01 before play...
[2020.03.04-16.40.04:064][504]LogPlayLevel: PlayLevel: Blueprint regeneration took 143 ms (1 blueprints)
[2020.03.04-16.40.04:064][504]PIE: New page: PIE session: Level01 (4 mar 2020, 18:40:04)
[2020.03.04-16.40.04:064][504]LogPlayLevel: Creating play world package: /Game/UEDPIE_0_Level01
[2020.03.04-16.40.04:068][504]LogPlayLevel: PIE: StaticDuplicateObject took: (0.003557s)
[2020.03.04-16.40.04:069][504]LogAIModule: Creating AISystem for world Level01
[2020.03.04-16.40.04:069][504]LogPlayLevel: PIE: World Init took: (0.001480s)
[2020.03.04-16.40.04:069][504]LogPlayLevel: PIE: Created PIE world by copying editor world from /Game/Level01.Level01 to /Game/UEDPIE_0_Level01.Level01 (0.005225s)
[2020.03.04-16.40.04:101][504]LogInit: XAudio2 using 'Głośniki (Realtek High Definition Audio)' : 2 channels at 48 kHz using 32 bits per sample (channel mask 0x3)
[2020.03.04-16.40.04:120][504]LogInit: FAudioDevice initialized.
[2020.03.04-16.40.04:130][504]LogSlate: Updating window title bar state: overlay mode, drag disabled, window buttons hidden, title bar hidden
[2020.03.04-16.40.04:201][504]LogLoad: Game class is 'GameModeBase'
[2020.03.04-16.40.04:203][504]LogWorld: Bringing World /Game/UEDPIE_0_Level01.Level01 up for play (max tick rate 60) at 2020.03.04-17.40.04
[2020.03.04-16.40.04:203][504]LogWorld: Bringing up level for play took: 0.000624
[2020.03.04-16.40.04:216][504]LogBlueprintUserMessages: [Level01_C_2] Witaj w moim labiryncie! Sprawdźmy jak szybko z niego uciekniesz!
[2020.03.04-16.40.04:217][504]PIE: Play in editor start time for /Game/UEDPIE_0_Level01 -0,346
[2020.03.04-16.40.04:217][504]LogBlueprintUserMessages: Late PlayInEditor Detection: Level '/Game/Level01.Level01:PersistentLevel' has LevelScriptBlueprint '/Game/Level01.Level01:PersistentLevel.Level01' with GeneratedClass '/Game/Level01.Level01_C' with ClassGeneratedBy '/Game/Level01.Level01:PersistentLevel.Level01'
[2020.03.04-16.40.10:450][874]LogBlueprintUserMessages: Early EndPlayMap Detection: Level '/Game/Level01.Level01:PersistentLevel' has LevelScriptBlueprint '/Game/Level01.Level01:PersistentLevel.Level01' with GeneratedClass '/Game/Level01.Level01_C' with ClassGeneratedBy '/Game/Level01.Level01:PersistentLevel.Level01'
[2020.03.04-16.40.10:450][874]LogSlate: Updating window title bar state: overlay mode, drag disabled, window buttons hidden, title bar hidden
[2020.03.04-16.40.10:461][874]LogSlate: Window 'AleksandraPiasecka Game Preview Standalone (64-bit/PCD3D_SM5)' being destroyed
[2020.03.04-16.40.10:504][874]LogPlayLevel: Display: Shutting down PIE online subsystems
[2020.03.04-16.40.10:504][874]LogBlueprintUserMessages: Late EndPlayMap Detection: Level '/Game/Level01.Level01:PersistentLevel' has LevelScriptBlueprint '/Game/Level01.Level01:PersistentLevel.Level01' with GeneratedClass '/Game/Level01.Level01_C' with ClassGeneratedBy '/Game/Level01.Level01:PersistentLevel.Level01'
[2020.03.04-16.40.10:579][875]LogPlayLevel: Display: Destroying online subsystem :Context_6
[2020.03.04-16.40.17:148][269]LogTemp: Repeating last play command: Selected Viewport
[2020.03.04-16.40.17:158][269]LogBlueprintUserMessages: Early PlayInEditor Detection: Level '/Game/Level01.Level01:PersistentLevel' has LevelScriptBlueprint '/Game/Level01.Level01:PersistentLevel.Level01' with GeneratedClass '/Game/Level01.Level01_C' with ClassGeneratedBy '/Game/Level01.Level01:PersistentLevel.Level01'
[2020.03.04-16.40.17:158][269]BlueprintLog: New page: Pre-Play auto-recompile
[2020.03.04-16.40.17:166][269]LogPlayLevel: [PlayLevel] Compiling Level01 before play...
[2020.03.04-16.40.17:300][269]LogPlayLevel: PlayLevel: Blueprint regeneration took 142 ms (1 blueprints)
[2020.03.04-16.40.17:301][269]PIE: New page: PIE session: Level01 (4 mar 2020, 18:40:17)
[2020.03.04-16.40.17:301][269]LogPlayLevel: Creating play world package: /Game/UEDPIE_0_Level01
[2020.03.04-16.40.17:304][269]LogPlayLevel: PIE: StaticDuplicateObject took: (0.003216s)
[2020.03.04-16.40.17:305][269]LogAIModule: Creating AISystem for world Level01
[2020.03.04-16.40.17:306][269]LogPlayLevel: PIE: World Init took: (0.001568s)
[2020.03.04-16.40.17:306][269]LogPlayLevel: PIE: Created PIE world by copying editor world from /Game/Level01.Level01 to /Game/UEDPIE_0_Level01.Level01 (0.004986s)
[2020.03.04-16.40.17:336][269]LogInit: XAudio2 using 'Głośniki (Realtek High Definition Audio)' : 2 channels at 48 kHz using 32 bits per sample (channel mask 0x3)
[2020.03.04-16.40.17:352][269]LogInit: FAudioDevice initialized.
[2020.03.04-16.40.17:362][269]LogSlate: Updating window title bar state: overlay mode, drag disabled, window buttons hidden, title bar hidden
[2020.03.04-16.40.17:441][269]LogLoad: Game class is 'GameModeBase'
[2020.03.04-16.40.17:443][269]LogWorld: Bringing World /Game/UEDPIE_0_Level01.Level01 up for play (max tick rate 60) at 2020.03.04-17.40.17
[2020.03.04-16.40.17:444][269]LogWorld: Bringing up level for play took: 0.001505
[2020.03.04-16.40.17:457][269]LogBlueprintUserMessages: [Level01_C_3] Witaj w moim labiryncie! Sprawdźmy jak szybko z niego uciekniesz!
[2020.03.04-16.40.17:458][269]PIE: Play in editor start time for /Game/UEDPIE_0_Level01 0,895
[2020.03.04-16.40.17:459][269]LogBlueprintUserMessages: Late PlayInEditor Detection: Level '/Game/Level01.Level01:PersistentLevel' has LevelScriptBlueprint '/Game/Level01.Level01:PersistentLevel.Level01' with GeneratedClass '/Game/Level01.Level01_C' with ClassGeneratedBy '/Game/Level01.Level01:PersistentLevel.Level01'
[2020.03.04-16.40.21:749][522]LogBlueprintUserMessages: Early EndPlayMap Detection: Level '/Game/Level01.Level01:PersistentLevel' has LevelScriptBlueprint '/Game/Level01.Level01:PersistentLevel.Level01' with GeneratedClass '/Game/Level01.Level01_C' with ClassGeneratedBy '/Game/Level01.Level01:PersistentLevel.Level01'
[2020.03.04-16.40.21:749][522]LogSlate: Updating window title bar state: overlay mode, drag disabled, window buttons hidden, title bar hidden
[2020.03.04-16.40.21:760][522]LogSlate: Window 'AleksandraPiasecka Game Preview Standalone (64-bit/PCD3D_SM5)' being destroyed
[2020.03.04-16.40.21:798][522]LogPlayLevel: Display: Shutting down PIE online subsystems
[2020.03.04-16.40.21:798][522]LogBlueprintUserMessages: Late EndPlayMap Detection: Level '/Game/Level01.Level01:PersistentLevel' has LevelScriptBlueprint '/Game/Level01.Level01:PersistentLevel.Level01' with GeneratedClass '/Game/Level01.Level01_C' with ClassGeneratedBy '/Game/Level01.Level01:PersistentLevel.Level01'
[2020.03.04-16.40.21:873][523]LogPlayLevel: Display: Destroying online subsystem :Context_7
[2020.03.04-16.41.16:772][816]LogTemp: Repeating last play command: Selected Viewport
[2020.03.04-16.41.16:782][816]LogBlueprintUserMessages: Early PlayInEditor Detection: Level '/Game/Level01.Level01:PersistentLevel' has LevelScriptBlueprint '/Game/Level01.Level01:PersistentLevel.Level01' with GeneratedClass '/Game/Level01.Level01_C' with ClassGeneratedBy '/Game/Level01.Level01:PersistentLevel.Level01'
[2020.03.04-16.41.16:782][816]BlueprintLog: New page: Pre-Play auto-recompile
[2020.03.04-16.41.16:789][816]LogPlayLevel: [PlayLevel] Compiling Level01 before play...
[2020.03.04-16.41.16:924][816]LogPlayLevel: PlayLevel: Blueprint regeneration took 141 ms (1 blueprints)
[2020.03.04-16.41.16:924][816]PIE: New page: PIE session: Level01 (4 mar 2020, 18:41:16)
[2020.03.04-16.41.16:924][816]LogPlayLevel: Creating play world package: /Game/UEDPIE_0_Level01
[2020.03.04-16.41.16:926][816]LogPlayLevel: PIE: StaticDuplicateObject took: (0.003234s)
[2020.03.04-16.41.16:927][816]LogAIModule: Creating AISystem for world Level01
[2020.03.04-16.41.16:928][816]LogPlayLevel: PIE: World Init took: (0.001391s)
[2020.03.04-16.41.16:928][816]LogPlayLevel: PIE: Created PIE world by copying editor world from /Game/Level01.Level01 to /Game/UEDPIE_0_Level01.Level01 (0.004812s)
[2020.03.04-16.41.16:960][816]LogInit: XAudio2 using 'Głośniki (Realtek High Definition Audio)' : 2 channels at 48 kHz using 32 bits per sample (channel mask 0x3)
[2020.03.04-16.41.16:977][816]LogInit: FAudioDevice initialized.
[2020.03.04-16.41.16:988][816]LogSlate: Updating window title bar state: overlay mode, drag disabled, window buttons hidden, title bar hidden
[2020.03.04-16.41.17:062][816]LogLoad: Game class is 'GameModeBase'
[2020.03.04-16.41.17:063][816]LogWorld: Bringing World /Game/UEDPIE_0_Level01.Level01 up for play (max tick rate 60) at 2020.03.04-17.41.17
[2020.03.04-16.41.17:063][816]LogWorld: Bringing up level for play took: 0.000741
[2020.03.04-16.41.17:076][816]LogBlueprintUserMessages: [Level01_C_4] Witaj w moim labiryncie! Sprawdźmy jak szybko z niego uciekniesz!
[2020.03.04-16.41.17:077][816]PIE: Play in editor start time for /Game/UEDPIE_0_Level01 0,514
[2020.03.04-16.41.17:077][816]LogBlueprintUserMessages: Late PlayInEditor Detection: Level '/Game/Level01.Level01:PersistentLevel' has LevelScriptBlueprint '/Game/Level01.Level01:PersistentLevel.Level01' with GeneratedClass '/Game/Level01.Level01_C' with ClassGeneratedBy '/Game/Level01.Level01:PersistentLevel.Level01'
[2020.03.04-16.41.56:738][171]LogBlueprintUserMessages: [Level01_C_4] Bardzo dobrze! Przeszedłes labirynt w 39,67 sekund!
[2020.03.04-16.42.01:434][451]LogNet: Browse: /Game/Level01
[2020.03.04-16.42.01:434][451]LogLoad: LoadMap: /Game/Level01
[2020.03.04-16.42.01:564][451]LogPlayLevel: Creating play world package: /Game/UEDPIE_0_Level01
[2020.03.04-16.42.01:578][451]LogPlayLevel: PIE: StaticDuplicateObject took: (0.015313s)
[2020.03.04-16.42.01:580][451]LogAIModule: Creating AISystem for world Level01
[2020.03.04-16.42.01:581][451]LogPlayLevel: PIE: World Init took: (0.002074s)
[2020.03.04-16.42.01:581][451]LogPlayLevel: PIE: Created PIE world by copying editor world from /Game/Level01.Level01 to /Game/UEDPIE_0_Level01.Level01 (0.017975s)
[2020.03.04-16.42.01:581][451]LogLoad: Game class is 'GameModeBase'
[2020.03.04-16.42.01:585][451]LogWorld: Bringing World /Game/UEDPIE_0_Level01.Level01 up for play (max tick rate 60) at 2020.03.04-17.42.01
[2020.03.04-16.42.01:585][451]LogWorld: Bringing up level for play took: 0.001906
[2020.03.04-16.42.01:589][451]LogBlueprintUserMessages: [Level01_C_4] Witaj w moim labiryncie! Sprawdźmy jak szybko z niego uciekniesz!
[2020.03.04-16.42.01:589][451]LogLoad: Took 0.155173 seconds to LoadMap(/Game/UEDPIE_0_Level01)
[2020.03.04-16.42.13:528][167]LogBlueprintUserMessages: Early EndPlayMap Detection: Level '/Game/Level01.Level01:PersistentLevel' has LevelScriptBlueprint '/Game/Level01.Level01:PersistentLevel.Level01' with GeneratedClass '/Game/Level01.Level01_C' with ClassGeneratedBy '/Game/Level01.Level01:PersistentLevel.Level01'
[2020.03.04-16.42.13:528][167]LogSlate: Updating window title bar state: overlay mode, drag disabled, window buttons hidden, title bar hidden
[2020.03.04-16.42.13:539][167]LogSlate: Window 'AleksandraPiasecka Game Preview Standalone (64-bit/PCD3D_SM5)' being destroyed
[2020.03.04-16.42.13:580][167]LogPlayLevel: Display: Shutting down PIE online subsystems
[2020.03.04-16.42.13:580][167]LogBlueprintUserMessages: Late EndPlayMap Detection: Level '/Game/Level01.Level01:PersistentLevel' has LevelScriptBlueprint '/Game/Level01.Level01:PersistentLevel.Level01' with GeneratedClass '/Game/Level01.Level01_C' with ClassGeneratedBy '/Game/Level01.Level01:PersistentLevel.Level01'
[2020.03.04-16.42.13:660][168]LogPlayLevel: Display: Destroying online subsystem :Context_8
[2020.03.04-16.42.17:759][385]Cmd: OBJ SAVEPACKAGE PACKAGE="/Game/Level01" FILE="C:/Users/Aleks/Documents/Unreal/AleksandraPiasecka/Content/Level01.umap" SILENT=true AUTOSAVING=false KEEPDIRTY=false
[2020.03.04-16.42.18:099][385]LogSavePackage: Moving 'C:/Users/Aleks/Documents/Unreal/AleksandraPiasecka/Saved/Level01DDB3DF7C45851E6460A9808AC39B327D.tmp' to 'C:/Users/Aleks/Documents/Unreal/AleksandraPiasecka/Content/Level01.umap'
[2020.03.04-16.42.18:151][385]LogFileHelpers: Saving map 'Level01' took 0.478
[2020.03.04-16.42.33:733][290]LogSlate: Window 'AleksandraPiasecka - Unreal Editor' being destroyed
[2020.03.04-16.42.33:734][290]LogWindowsTextInputMethodSystem: Display: IME system now deactivated.
[2020.03.04-16.42.33:921][291]Cmd: QUIT_EDITOR
[2020.03.04-16.42.34:578][291]LogExit: Preparing to exit.
[2020.03.04-16.42.35:122][291]LogExit: Editor shut down
[2020.03.04-16.42.35:123][291]LogExit: Transaction tracking system shut down
[2020.03.04-16.42.35:537][291]LogExit: Object subsystem successfully closed.
[2020.03.04-16.42.35:557][291]LogShaderCompilers: Display: Shaders left to compile 0
[2020.03.04-16.42.35:562][291]LogD3D11RHI: Shutdown
[2020.03.04-16.42.35:562][291]LogD3D11RHI: CleanupD3DDevice
[2020.03.04-16.42.35:564][291]LogD3D11RHI: ~FD3D11DynamicRHI
[2020.03.04-16.42.35:581][291]LogModuleManager: Shutting down and abandoning module MovieSceneCapture (616)
[2020.03.04-16.42.35:581][291]LogModuleManager: Shutting down and abandoning module Voice (614)
[2020.03.04-16.42.35:581][291]LogModuleManager: Shutting down and abandoning module BlueprintGraph (612)
[2020.03.04-16.42.35:581][291]LogModuleManager: Shutting down and abandoning module HierarchicalLODOutliner (610)
[2020.03.04-16.42.35:581][291]LogModuleManager: Shutting down and abandoning module AddContentDialog (608)
[2020.03.04-16.42.35:582][291]LogModuleManager: Shutting down and abandoning module WidgetCarousel (607)
[2020.03.04-16.42.35:582][291]LogModuleManager: Shutting down and abandoning module EditorWidgets (604)
[2020.03.04-16.42.35:582][291]LogModuleManager: Shutting down and abandoning module CollectionManager (602)
[2020.03.04-16.42.35:582][291]LogModuleManager: Shutting down and abandoning module SceneOutliner (600)
[2020.03.04-16.42.35:582][291]LogModuleManager: Shutting down and abandoning module StatsViewer (598)
[2020.03.04-16.42.35:582][291]LogModuleManager: Shutting down and abandoning module FoliageEdit (596)
[2020.03.04-16.42.35:582][291]LogModuleManager: Shutting down and abandoning module LandscapeEditor (594)
[2020.03.04-16.42.35:582][291]LogModuleManager: Shutting down and abandoning module MeshPaintMode (592)
[2020.03.04-16.42.35:582][291]LogModuleManager: Shutting down and abandoning module SceneDepthPickerMode (590)
[2020.03.04-16.42.35:582][291]LogModuleManager: Shutting down and abandoning module ActorPickerMode (588)
[2020.03.04-16.42.35:582][291]LogModuleManager: Shutting down and abandoning module GeometryMode (586)
[2020.03.04-16.42.35:582][291]LogModuleManager: Shutting down and abandoning module TextureAlignMode (584)
[2020.03.04-16.42.35:582][291]LogModuleManager: Shutting down and abandoning module BspMode (582)
[2020.03.04-16.42.35:582][291]LogModuleManager: Shutting down and abandoning module PIEPreviewDeviceProfileSelector (580)
[2020.03.04-16.42.35:582][291]LogModuleManager: Shutting down and abandoning module SequenceRecorderSections (578)
[2020.03.04-16.42.35:582][291]LogModuleManager: Shutting down and abandoning module AutomationWorker (576)
[2020.03.04-16.42.35:583][291]LogModuleManager: Shutting down and abandoning module AudioCaptureEditor (574)
[2020.03.04-16.42.35:583][291]LogModuleManager: Shutting down and abandoning module SequenceRecorder (573)
[2020.03.04-16.42.35:583][291]LogModuleManager: Shutting down and abandoning module MatineeToLevelSequence (570)
[2020.03.04-16.42.35:583][291]LogModuleManager: Shutting down and abandoning module LevelSequenceEditor (568)
[2020.03.04-16.42.35:583][291]LogModuleManager: Shutting down and abandoning module PlacementMode (567)
[2020.03.04-16.42.35:583][291]LogModuleManager: Shutting down and abandoning module MaterialEditor (566)
[2020.03.04-16.42.35:583][291]LogModuleManager: Shutting down and abandoning module WmfMediaFactory (562)
[2020.03.04-16.42.35:583][291]LogModuleManager: Shutting down and abandoning module WmfMediaEditor (560)
[2020.03.04-16.42.35:583][291]LogModuleManager: Shutting down and abandoning module MediaPlayerEditor (558)
[2020.03.04-16.42.35:583][291]LogModuleManager: Shutting down and abandoning module OpenExrWrapper (556)
[2020.03.04-16.42.35:583][291]LogModuleManager: Shutting down and abandoning module ImgMediaFactory (554)
[2020.03.04-16.42.35:583][291]LogModuleManager: Shutting down and abandoning module ImgMediaEditor (552)
[2020.03.04-16.42.35:583][291]LogModuleManager: Shutting down and abandoning module AvfMediaFactory (550)
[2020.03.04-16.42.35:583][291]LogModuleManager: Shutting down and abandoning module AvfMediaEditor (548)
[2020.03.04-16.42.35:583][291]LogModuleManager: Shutting down and abandoning module AndroidMediaFactory (546)
[2020.03.04-16.42.35:583][291]LogModuleManager: Shutting down and abandoning module AndroidMediaEditor (544)
[2020.03.04-16.42.35:583][291]LogModuleManager: Shutting down and abandoning module MagicLeapCameraPreviewFactory (542)
[2020.03.04-16.42.35:583][291]LogModuleManager: Shutting down and abandoning module MagicLeapMediaFactory (540)
[2020.03.04-16.42.35:583][291]LogModuleManager: Shutting down and abandoning module MagicLeapMediaEditor (538)
[2020.03.04-16.42.35:583][291]LogModuleManager: Shutting down and abandoning module CharacterAI (536)
[2020.03.04-16.42.35:583][291]LogModuleManager: Shutting down and abandoning module SmartSnapping (534)
[2020.03.04-16.42.35:583][291]LogModuleManager: Shutting down and abandoning module SessionServices (532)
[2020.03.04-16.42.35:583][291]LogModuleManager: Shutting down and abandoning module ViewportSnapping (530)
[2020.03.04-16.42.35:583][291]LogModuleManager: Shutting down and abandoning module ViewportInteraction (528)
[2020.03.04-16.42.35:583][291]LogModuleManager: Shutting down and abandoning module ClothPainter (526)
[2020.03.04-16.42.35:583][291]LogModuleManager: Shutting down and abandoning module SkeletalMeshEditor (525)
[2020.03.04-16.42.35:583][291]LogModuleManager: Shutting down and abandoning module LogVisualizer (522)
[2020.03.04-16.42.35:583][291]LogModuleManager: Shutting down and abandoning module IntroTutorials (520)
[2020.03.04-16.42.35:583][291]LogModuleManager: Shutting down and abandoning module GameProjectGeneration (519)
[2020.03.04-16.42.35:583][291]LogModuleManager: Shutting down and abandoning module LuminPlatformEditor (516)
[2020.03.04-16.42.35:583][291]LogModuleManager: Shutting down and abandoning module IOSPlatformEditor (514)
[2020.03.04-16.42.35:583][291]LogModuleManager: Shutting down and abandoning module HTML5PlatformEditor (512)
[2020.03.04-16.42.35:583][291]LogModuleManager: Shutting down and abandoning module AndroidPlatformEditor (510)
[2020.03.04-16.42.35:583][291]LogModuleManager: Shutting down and abandoning module AndroidDeviceDetection (509)
[2020.03.04-16.42.36:025][291]LogModuleManager: Shutting down and abandoning module WindowsPlatformEditor (506)
[2020.03.04-16.42.36:025][291]LogModuleManager: Shutting down and abandoning module LuminRuntimeSettings (504)
[2020.03.04-16.42.36:025][291]LogModuleManager: Shutting down and abandoning module IOSRuntimeSettings (502)
[2020.03.04-16.42.36:025][291]LogModuleManager: Shutting down and abandoning module AndroidRuntimeSettings (500)
[2020.03.04-16.42.36:025][291]LogModuleManager: Shutting down and abandoning module InputBindingEditor (498)
[2020.03.04-16.42.36:025][291]LogModuleManager: Shutting down and abandoning module MergeActors (496)
[2020.03.04-16.42.36:026][291]LogModuleManager: Shutting down and abandoning module LocalizationDashboard (494)
[2020.03.04-16.42.36:026][291]LogModuleManager: Shutting down and abandoning module LocalizationService (493)
[2020.03.04-16.42.36:026][291]LogModuleManager: Shutting down and abandoning module HardwareTargeting (490)
[2020.03.04-16.42.36:026][291]LogModuleManager: Shutting down and abandoning module DeviceProfileEditor (488)
[2020.03.04-16.42.36:026][291]LogModuleManager: Shutting down and abandoning module UndoHistory (486)
[2020.03.04-16.42.36:026][291]LogModuleManager: Shutting down and abandoning module XmlParser (484)
[2020.03.04-16.42.36:026][291]LogModuleManager: Shutting down and abandoning module Blutility (482)
[2020.03.04-16.42.36:026][291]LogModuleManager: Shutting down and abandoning module ProjectSettingsViewer (480)
[2020.03.04-16.42.36:026][291]LogModuleManager: Shutting down and abandoning module ProjectTargetPlatformEditor (479)
[2020.03.04-16.42.36:027][291]LogModuleManager: Shutting down and abandoning module EditorSettingsViewer (476)
[2020.03.04-16.42.36:027][291]LogModuleManager: Shutting down and abandoning module SettingsEditor (474)
[2020.03.04-16.42.36:027][291]LogModuleManager: Shutting down and abandoning module ProjectLauncher (472)
[2020.03.04-16.42.36:027][291]LogModuleManager: Shutting down and abandoning module SessionFrontend (470)
[2020.03.04-16.42.36:027][291]LogModuleManager: Shutting down and abandoning module ProfilerClient (468)
[2020.03.04-16.42.36:027][291]LogModuleManager: Shutting down and abandoning module DeviceManager (466)
[2020.03.04-16.42.36:027][291]LogModuleManager: Shutting down and abandoning module TargetDeviceServices (465)
[2020.03.04-16.42.36:081][291]LogModuleManager: Shutting down and abandoning module AutomationController (462)
[2020.03.04-16.42.36:081][291]LogModuleManager: Shutting down and abandoning module AutomationWindow (460)
[2020.03.04-16.42.36:081][291]LogModuleManager: Shutting down and abandoning module Layers (458)
[2020.03.04-16.42.36:081][291]LogModuleManager: Shutting down and abandoning module ComponentVisualizers (456)
[2020.03.04-16.42.36:081][291]LogModuleManager: Shutting down and abandoning module DetailCustomizations (454)
[2020.03.04-16.42.36:081][291]LogModuleManager: Shutting down and abandoning module PackagesDialog (452)
[2020.03.04-16.42.36:082][291]LogModuleManager: Shutting down and abandoning module Persona (450)
[2020.03.04-16.42.36:082][291]LogModuleManager: Shutting down and abandoning module AdvancedPreviewScene (449)
[2020.03.04-16.42.36:082][291]LogModuleManager: Shutting down and abandoning module AnimGraph (447)
[2020.03.04-16.42.36:082][291]LogModuleManager: Shutting down and abandoning module Kismet (444)
[2020.03.04-16.42.36:093][291]LogModuleManager: Shutting down and abandoning module GraphEditor (442)
[2020.03.04-16.42.36:093][291]LogModuleManager: Shutting down and abandoning module ClassViewer (440)
[2020.03.04-16.42.36:093][291]LogModuleManager: Shutting down and abandoning module Toolbox (438)
[2020.03.04-16.42.36:093][291]LogModuleManager: Shutting down and abandoning module ModuleUI (436)
[2020.03.04-16.42.36:093][291]LogModuleManager: Shutting down and abandoning module MovieSceneTools (434)
[2020.03.04-16.42.36:094][291]LogModuleManager: Shutting down and abandoning module OutputLog (432)
[2020.03.04-16.42.36:094][291]LogModuleManager: Shutting down and abandoning module GammaUI (430)
[2020.03.04-16.42.36:094][291]LogModuleManager: Shutting down and abandoning module Documentation (428)
[2020.03.04-16.42.36:094][291]LogModuleManager: Shutting down and abandoning module MovieSceneTracks (426)
[2020.03.04-16.42.36:094][291]LogModuleManager: Shutting down and abandoning module MovieScene (424)
[2020.03.04-16.42.36:094][291]LogModuleManager: Shutting down and abandoning module StreamingPauseRendering (422)
[2020.03.04-16.42.36:094][291]LogModuleManager: Shutting down and abandoning module LauncherPlatform (420)
[2020.03.04-16.42.36:094][291]LogModuleManager: Shutting down and abandoning module AnalyticsET (418)
[2020.03.04-16.42.36:094][291]LogModuleManager: Shutting down and abandoning module PortalServices (416)
[2020.03.04-16.42.36:094][291]LogModuleManager: Shutting down and abandoning module PortalRpc (414)
[2020.03.04-16.42.36:094][291]LogModuleManager: Shutting down and abandoning module MessagingRpc (412)
[2020.03.04-16.42.36:095][291]LogModuleManager: Shutting down and abandoning module AIModule (410)
[2020.03.04-16.42.36:095][291]LogModuleManager: Shutting down and abandoning module GameplayDebugger (409)
[2020.03.04-16.42.36:095][291]LogModuleManager: Shutting down and abandoning module AITestSuite (407)
[2020.03.04-16.42.36:095][291]LogModuleManager: Shutting down and abandoning module NavigationSystem (405)
[2020.03.04-16.42.36:095][291]LogModuleManager: Shutting down and abandoning module DesktopPlatform (402)
[2020.03.04-16.42.36:095][291]LogModuleManager: Shutting down and abandoning module ProfilerService (400)
[2020.03.04-16.42.36:139][291]LogModuleManager: Shutting down and abandoning module TaskGraph (398)
[2020.03.04-16.42.36:139][291]LogModuleManager: Shutting down and abandoning module SteamVRController (396)
[2020.03.04-16.42.36:140][291]LogModuleManager: Shutting down and abandoning module ProceduralMeshComponentEditor (394)
[2020.03.04-16.42.36:140][291]LogModuleManager: Shutting down and abandoning module ProceduralMeshComponent (392)
[2020.03.04-16.42.36:140][291]LogModuleManager: Shutting down and abandoning module OculusInput (390)
[2020.03.04-16.42.36:140][291]LogModuleManager: Shutting down and abandoning module MobilePatchingUtils (388)
[2020.03.04-16.42.36:140][291]LogModuleManager: Shutting down and abandoning module EditableMesh (386)
[2020.03.04-16.42.36:140][291]LogModuleManager: Shutting down and abandoning module CustomMeshComponent (384)
[2020.03.04-16.42.36:140][291]LogModuleManager: Shutting down and abandoning module CableComponent (382)
[2020.03.04-16.42.36:140][291]LogModuleManager: Shutting down and abandoning module AudioCapture (380)
[2020.03.04-16.42.36:140][291]LogModuleManager: Shutting down and abandoning module ArchVisCharacter (378)
[2020.03.04-16.42.36:140][291]LogModuleManager: Shutting down and abandoning module AndroidPermission (376)
[2020.03.04-16.42.36:140][291]LogModuleManager: Shutting down and abandoning module NUTUnrealEngine4 (374)
[2020.03.04-16.42.36:140][291]LogModuleManager: Shutting down and abandoning module NetcodeUnitTest (372)
[2020.03.04-16.42.36:141][291]LogModuleManager: Shutting down and abandoning module MediaCompositingEditor (370)
[2020.03.04-16.42.36:141][291]LogModuleManager: Shutting down and abandoning module MediaCompositing (368)
[2020.03.04-16.42.36:141][291]LogModuleManager: Shutting down and abandoning module LinearTimecode (366)
[2020.03.04-16.42.36:141][291]LogModuleManager: Shutting down and abandoning module ImgMedia (364)
[2020.03.04-16.42.36:150][291]LogModuleManager: Shutting down and abandoning module HTML5Networking (362)
[2020.03.04-16.42.36:150][291]LogModuleManager: Shutting down and abandoning module GeometryCacheTracks (360)
[2020.03.04-16.42.36:150][291]LogModuleManager: Shutting down and abandoning module GeometryCacheSequencer (358)
[2020.03.04-16.42.36:150][291]LogModuleManager: Shutting down and abandoning module BackChannel (356)
[2020.03.04-16.42.36:150][291]LogModuleManager: Shutting down and abandoning module AppleVision (354)
[2020.03.04-16.42.36:151][291]LogModuleManager: Shutting down and abandoning module AppleImageUtils (352)
[2020.03.04-16.42.36:151][291]LogModuleManager: Shutting down and abandoning module AlembicImporter (350)
[2020.03.04-16.42.36:151][291]LogModuleManager: Shutting down and abandoning module AlembicLibrary (349)
[2020.03.04-16.42.36:151][291]LogModuleManager: Shutting down and abandoning module GeometryCache (348)
[2020.03.04-16.42.36:151][291]LogModuleManager: Shutting down and abandoning module GeometryCacheEd (347)
[2020.03.04-16.42.36:151][291]LogModuleManager: Shutting down and abandoning module DatasmithContentEditor (342)
[2020.03.04-16.42.36:151][291]LogModuleManager: Shutting down and abandoning module DatasmithContent (340)
[2020.03.04-16.42.36:152][291]LogModuleManager: Shutting down and abandoning module SpeedTreeImporter (338)
[2020.03.04-16.42.36:152][291]LogModuleManager: Shutting down and abandoning module PluginBrowser (336)
[2020.03.04-16.42.36:152][291]LogModuleManager: Shutting down and abandoning module MobileLauncherProfileWizard (334)
[2020.03.04-16.42.36:152][291]LogModuleManager: Shutting down and abandoning module PolygonModeling (332)
[2020.03.04-16.42.36:152][291]LogModuleManager: Shutting down and abandoning module MeshEditor (330)
[2020.03.04-16.42.36:152][291]LogModuleManager: Shutting down and abandoning module CryptoKeysOpenSSL (328)
[2020.03.04-16.42.36:153][291]LogModuleManager: Shutting down and abandoning module CryptoKeys (326)
[2020.03.04-16.42.36:153][291]LogModuleManager: Shutting down and abandoning module VisualStudioSourceCodeAccess (324)
[2020.03.04-16.42.36:153][291]LogModuleManager: Shutting down and abandoning module VisualStudioCodeSourceCodeAccess (322)
[2020.03.04-16.42.36:153][291]LogModuleManager: Shutting down and abandoning module UObjectPlugin (320)
[2020.03.04-16.42.36:153][291]LogModuleManager: Shutting down and abandoning module SubversionSourceControl (318)
[2020.03.04-16.42.36:153][291]LogModuleManager: Shutting down and abandoning module PerforceSourceControl (316)
[2020.03.04-16.42.36:153][291]LogModuleManager: Shutting down and abandoning module GitSourceControl (314)
[2020.03.04-16.42.36:153][291]LogModuleManager: Shutting down and abandoning module SourceControl (313)
[2020.03.04-16.42.36:153][291]LogModuleManager: Shutting down and abandoning module CLionSourceCodeAccess (310)
[2020.03.04-16.42.36:153][291]LogModuleManager: Shutting down and abandoning module LightPropagationVolumeEditor (308)
[2020.03.04-16.42.36:153][291]LogModuleManager: Shutting down and abandoning module PaperTiledImporter (306)
[2020.03.04-16.42.36:154][291]LogModuleManager: Shutting down and abandoning module PaperSpriteSheetImporter (304)
[2020.03.04-16.42.36:154][291]LogModuleManager: Shutting down and abandoning module Paper2DEditor (302)
[2020.03.04-16.42.36:154][291]LogModuleManager: Shutting down and abandoning module MeshPaint (301)
[2020.03.04-16.42.36:154][291]LogModuleManager: Shutting down and abandoning module RuntimePhysXCooking (298)
[2020.03.04-16.42.36:154][291]LogModuleManager: Shutting down and abandoning module PhysXVehiclesEditor (296)
[2020.03.04-16.42.36:154][291]LogModuleManager: Shutting down and abandoning module PhysXVehicles (294)
[2020.03.04-16.42.36:154][291]LogModuleManager: Shutting down and abandoning module OculusEditor (292)
[2020.03.04-16.42.36:154][291]LogModuleManager: Shutting down and abandoning module LocationServicesBPLibrary (290)
[2020.03.04-16.42.36:154][291]LogModuleManager: Shutting down and abandoning module ImmediatePhysicsEditor (288)
[2020.03.04-16.42.36:154][291]LogModuleManager: Shutting down and abandoning module ImmediatePhysics (286)
[2020.03.04-16.42.36:154][291]LogModuleManager: Shutting down and abandoning module ActorSequence (284)
[2020.03.04-16.42.36:154][291]LogModuleManager: Shutting down and abandoning module UdpMessaging (282)
[2020.03.04-16.42.36:255][291]LogModuleManager: Shutting down and abandoning module TcpMessaging (280)
[2020.03.04-16.42.36:356][291]LogModuleManager: Shutting down and abandoning module MagicLeapAudio (278)
[2020.03.04-16.42.36:356][291]LogModuleManager: Shutting down and abandoning module GameplayTagsEditor (276)
[2020.03.04-16.42.36:356][291]LogModuleManager: Shutting down and abandoning module FacialAnimationEditor (274)
[2020.03.04-16.42.36:356][291]LogModuleManager: Shutting down and abandoning module FacialAnimation (272)
[2020.03.04-16.42.36:356][291]LogModuleManager: Shutting down and abandoning module DataValidation (270)
[2020.03.04-16.42.36:356][291]LogModuleManager: Shutting down and abandoning module AssetManagerEditor (268)
[2020.03.04-16.42.36:357][291]LogModuleManager: Shutting down and abandoning module LevelEditor (267)
[2020.03.04-16.42.36:358][291]LogModuleManager: Shutting down and abandoning module PixelInspectorModule (266)
[2020.03.04-16.42.36:359][291]LogModuleManager: Shutting down and abandoning module CommonMenuExtensions (264)
[2020.03.04-16.42.36:359][291]LogModuleManager: Shutting down and abandoning module MainFrame (262)
[2020.03.04-16.42.36:359][291]LogModuleManager: Shutting down and abandoning module HotReload (261)
[2020.03.04-16.42.36:360][291]LogModuleManager: Shutting down and abandoning module ContentBrowser (257)
[2020.03.04-16.42.36:363][291]LogModuleManager: Shutting down and abandoning module TreeMap (255)
[2020.03.04-16.42.36:363][291]LogModuleManager: Shutting down and abandoning module LightPropagationVolumeRuntime (252)
[2020.03.04-16.42.36:363][291]LogModuleManager: Shutting down and abandoning module AISupportModule (250)
[2020.03.04-16.42.36:363][291]LogModuleManager: Shutting down and abandoning module Paper2D (248)
[2020.03.04-16.42.36:363][291]LogModuleManager: Shutting down and abandoning module WindowsMoviePlayer (246)
[2020.03.04-16.42.36:363][291]LogModuleManager: Shutting down and abandoning module WmfMedia (244)
[2020.03.04-16.42.36:366][291]LogModuleManager: Shutting down and abandoning module Media (243)
[2020.03.04-16.42.36:373][291]LogModuleManager: Shutting down and abandoning module PacketHandler (240)
[2020.03.04-16.42.36:373][291]LogModuleManager: Shutting down and abandoning module ClothingSystemEditor (238)
[2020.03.04-16.42.36:374][291]LogModuleManager: Shutting down and abandoning module ClothingSystemRuntime (236)
[2020.03.04-16.42.36:374][291]LogModuleManager: Shutting down and abandoning module MediaAssets (234)
[2020.03.04-16.42.36:374][291]LogModuleManager: Shutting down and abandoning module Overlay (232)
[2020.03.04-16.42.36:374][291]LogModuleManager: Shutting down and abandoning module OverlayEditor (231)
[2020.03.04-16.42.36:374][291]LogModuleManager: Shutting down and abandoning module VREditor (228)
[2020.03.04-16.42.36:374][291]LogModuleManager: Shutting down and abandoning module StringTableEditor (226)
[2020.03.04-16.42.36:374][291]LogModuleManager: Shutting down and abandoning module GameplayTasksEditor (224)
[2020.03.04-16.42.36:374][291]LogModuleManager: Shutting down and abandoning module BehaviorTreeEditor (222)
[2020.03.04-16.42.36:374][291]LogModuleManager: Shutting down and abandoning module FunctionalTesting (220)
[2020.03.04-16.42.36:374][291]LogModuleManager: Shutting down and abandoning module CollisionAnalyzer (218)
[2020.03.04-16.42.36:374][291]LogModuleManager: Shutting down and abandoning module WorkspaceMenuStructure (217)
[2020.03.04-16.42.36:375][291]LogModuleManager: Shutting down and abandoning module UMG (214)
[2020.03.04-16.42.36:375][291]LogModuleManager: Shutting down and abandoning module UMGEditor (213)
[2020.03.04-16.42.36:375][291]LogModuleManager: Shutting down and abandoning module Sequencer (212)
[2020.03.04-16.42.36:375][291]LogModuleManager: Shutting down and abandoning module MessageLog (209)
[2020.03.04-16.42.36:375][291]LogModuleManager: Shutting down and abandoning module SlateReflector (204)
[2020.03.04-16.42.36:375][291]LogModuleManager: Shutting down and abandoning module Slate (202)
[2020.03.04-16.42.36:375][291]LogModuleManager: Shutting down and abandoning module EditorStyle (200)
[2020.03.04-16.42.36:380][291]LogModuleManager: Shutting down and abandoning module MRMesh (198)
[2020.03.04-16.42.36:380][291]LogModuleManager: Shutting down and abandoning module SourceCodeAccess (196)
[2020.03.04-16.42.36:380][291]LogModuleManager: Shutting down and abandoning module HeadMountedDisplay (194)
[2020.03.04-16.42.36:380][291]LogModuleManager: Shutting down and abandoning module XAudio2 (192)
[2020.03.04-16.42.36:380][291]LogModuleManager: Shutting down and abandoning module Networking (190)
[2020.03.04-16.42.36:380][291]LogModuleManager: Shutting down and abandoning module Core (188)
[2020.03.04-16.42.36:380][291]LogModuleManager: Shutting down and abandoning module LevelSequence (186)
[2020.03.04-16.42.36:380][291]LogModuleManager: Shutting down and abandoning module KismetCompiler (184)
[2020.03.04-16.42.36:380][291]LogModuleManager: Shutting down and abandoning module MeshUtilities (182)
[2020.03.04-16.42.36:381][291]LogModuleManager: Shutting down and abandoning module MeshMergeUtilities (181)
[2020.03.04-16.42.36:381][291]LogModuleManager: Shutting down and abandoning module MeshReductionInterface (180)
[2020.03.04-16.42.36:381][291]LogModuleManager: Shutting down and abandoning module SimplygonSwarm (179)
[2020.03.04-16.42.36:381][291]LogModuleManager: Shutting down and abandoning module ProxyLODMeshReduction (177)
[2020.03.04-16.42.36:381][291]LogModuleManager: Shutting down and abandoning module SimplygonMeshReduction (175)
[2020.03.04-16.42.36:381][291]LogModuleManager: Shutting down and abandoning module QuadricMeshReduction (173)
[2020.03.04-16.42.36:381][291]LogModuleManager: Shutting down and abandoning module MaterialBaking (169)
[2020.03.04-16.42.36:381][291]LogModuleManager: Shutting down and abandoning module DirectoryWatcher (165)
[2020.03.04-16.42.36:381][291]LogModuleManager: Shutting down and abandoning module DerivedDataCache (162)
[2020.03.04-16.42.36:464][291]LogDerivedDataCache: Shutdown
[2020.03.04-16.42.36:464][291]LogModuleManager: Shutting down and abandoning module XGEController (160)
[2020.03.04-16.42.36:464][291]LogModuleManager: Shutting down and abandoning module TargetPlatform (158)
[2020.03.04-16.42.36:464][291]LogModuleManager: Shutting down and abandoning module VulkanShaderFormat (157)
[2020.03.04-16.42.36:464][291]LogModuleManager: Shutting down and abandoning module ShaderFormatVectorVM (155)
[2020.03.04-16.42.36:464][291]LogModuleManager: Shutting down and abandoning module ShaderFormatOpenGL (153)
[2020.03.04-16.42.36:465][291]LogModuleManager: Shutting down and abandoning module ShaderFormatD3D (151)
[2020.03.04-16.42.36:465][291]LogModuleManager: Shutting down and abandoning module MetalShaderFormat (149)
[2020.03.04-16.42.36:465][291]LogModuleManager: Shutting down and abandoning module TextureFormatUncompressed (147)
[2020.03.04-16.42.36:465][291]LogModuleManager: Shutting down and abandoning module TextureFormatPVR (145)
[2020.03.04-16.42.36:465][291]LogModuleManager: Shutting down and abandoning module TextureFormatDXT (143)
[2020.03.04-16.42.36:465][291]LogModuleManager: Shutting down and abandoning module TextureFormatIntelISPCTexComp (141)
[2020.03.04-16.42.36:465][291]LogModuleManager: Shutting down and abandoning module TextureFormatASTC (139)
[2020.03.04-16.42.36:465][291]LogModuleManager: Shutting down and abandoning module ImageWrapper (138)
[2020.03.04-16.42.36:465][291]LogModuleManager: Shutting down and abandoning module TextureFormatAndroid (135)
[2020.03.04-16.42.36:465][291]LogModuleManager: Shutting down and abandoning module AudioFormatOpus (133)
[2020.03.04-16.42.36:466][291]LogModuleManager: Shutting down and abandoning module AudioFormatOgg (131)
[2020.03.04-16.42.36:466][291]LogModuleManager: Shutting down and abandoning module AudioFormatADPCM (129)
[2020.03.04-16.42.36:466][291]LogModuleManager: Shutting down and abandoning module LuminTargetPlatform (127)
[2020.03.04-16.42.36:466][291]LogModuleManager: Shutting down and abandoning module LinuxTargetPlatform (125)
[2020.03.04-16.42.36:466][291]LogModuleManager: Shutting down and abandoning module LinuxServerTargetPlatform (123)
[2020.03.04-16.42.36:466][291]LogModuleManager: Shutting down and abandoning module LinuxNoEditorTargetPlatform (121)
[2020.03.04-16.42.36:466][291]LogModuleManager: Shutting down and abandoning module LinuxClientTargetPlatform (119)
[2020.03.04-16.42.36:466][291]LogModuleManager: Shutting down and abandoning module TVOSTargetPlatform (117)
[2020.03.04-16.42.36:468][291]LogModuleManager: Shutting down and abandoning module Messaging (115)
[2020.03.04-16.42.36:468][291]LogModuleManager: Shutting down and abandoning module IOSTargetPlatform (113)
[2020.03.04-16.42.36:470][291]LogModuleManager: Shutting down and abandoning module HTML5TargetPlatform (111)
[2020.03.04-16.42.36:470][291]LogModuleManager: Shutting down and abandoning module AndroidTargetPlatform (109)
[2020.03.04-16.42.36:485][291]LogModuleManager: Shutting down and abandoning module WindowsTargetPlatform (107)
[2020.03.04-16.42.36:485][291]LogModuleManager: Shutting down and abandoning module WindowsServerTargetPlatform (105)
[2020.03.04-16.42.36:485][291]LogModuleManager: Shutting down and abandoning module WindowsNoEditorTargetPlatform (103)
[2020.03.04-16.42.36:485][291]LogModuleManager: Shutting down and abandoning module WindowsClientTargetPlatform (101)
[2020.03.04-16.42.36:485][291]LogModuleManager: Shutting down and abandoning module MacTargetPlatform (99)
[2020.03.04-16.42.36:485][291]LogModuleManager: Shutting down and abandoning module MacServerTargetPlatform (97)
[2020.03.04-16.42.36:485][291]LogModuleManager: Shutting down and abandoning module MacNoEditorTargetPlatform (95)
[2020.03.04-16.42.36:486][291]LogModuleManager: Shutting down and abandoning module MacClientTargetPlatform (93)
[2020.03.04-16.42.36:486][291]LogModuleManager: Shutting down and abandoning module AllDesktopTargetPlatform (91)
[2020.03.04-16.42.36:486][291]LogModuleManager: Shutting down and abandoning module InputCore (88)
[2020.03.04-16.42.36:486][291]LogModuleManager: Shutting down and abandoning module Settings (86)
[2020.03.04-16.42.36:486][291]LogModuleManager: Shutting down and abandoning module PhysXCooking (84)
[2020.03.04-16.42.36:486][291]LogModuleManager: Shutting down and abandoning module SteamVR (82)
[2020.03.04-16.42.36:486][291]LogModuleManager: Shutting down and abandoning module OculusHMD (80)
[2020.03.04-16.42.36:486][291]LogModuleManager: Shutting down and abandoning module ExampleDeviceProfileSelector (78)
[2020.03.04-16.42.36:486][291]LogModuleManager: Shutting down and abandoning module LauncherChunkInstaller (76)
[2020.03.04-16.42.36:486][291]LogModuleManager: Shutting down and abandoning module OnlineBlueprintSupport (74)
[2020.03.04-16.42.36:486][291]LogModuleManager: Shutting down and abandoning module OnlineSubsystem (70)
[2020.03.04-16.42.36:488][291]LogModuleManager: Shutting down and abandoning module XMPP (65)
[2020.03.04-16.42.36:488][291]LogModuleManager: Shutting down and abandoning module WebSockets (64)
[2020.03.04-16.42.36:511][291]LogModuleManager: Shutting down and abandoning module HTTP (61)
[2020.03.04-16.42.36:511][291]LogHttp: Display: Http module shutting down, but needs to wait on 1 outstanding Http requests:
[2020.03.04-16.42.36:512][291]LogHttp: Display: 	verb=[POST] url=[https://datarouter.ol.epicgames.com/datarouter/api/v1/public/data?SessionID=%7B26A2B9E1-4594-2156-56A6-FFA054514904%7D&AppID=UEEditor.Rocket.Release&AppVersion=4.20.3-4369336%2B%2B%2BUE4%2BRelease-4.20&UserID=690fa309472e4f0b8e580bb882b3695f%7Ca945e6a91e9e4c7688433fa9731885df%7C71bf6c6d-b959-40ab-b61c-422ecceb12e5&AppEnvironment=datacollector-binary&UploadType=eteventstream] status=Processing
[2020.03.04-16.42.36:528][291]LogModuleManager: Shutting down and abandoning module SSL (60)
[2020.03.04-16.42.36:531][291]LogModuleManager: Shutting down and abandoning module MagicLeapEmulator (56)
[2020.03.04-16.42.36:531][291]LogModuleManager: Shutting down and abandoning module MagicLeapPrivileges (54)
[2020.03.04-16.42.36:531][291]LogModuleManager: Shutting down and abandoning module MagicLeapIdentity (52)
[2020.03.04-16.42.36:532][291]LogModuleManager: Shutting down and abandoning module MagicLeapHelperVulkan (50)
[2020.03.04-16.42.36:532][291]LogModuleManager: Shutting down and abandoning module MagicLeapHelperOpenGL (48)
[2020.03.04-16.42.36:532][291]LogModuleManager: Shutting down and abandoning module MagicLeapSecureStorage (46)
[2020.03.04-16.42.36:532][291]LogModuleManager: Shutting down and abandoning module MagicLeapGestures (44)
[2020.03.04-16.42.36:532][291]LogModuleManager: Shutting down and abandoning module MagicLeapEyeTracker (42)
[2020.03.04-16.42.36:532][291]LogModuleManager: Shutting down and abandoning module MagicLeapController (40)
[2020.03.04-16.42.36:532][291]LogSlate: Slate User Destroyed.  User Index 0, Is Virtual User: 0
[2020.03.04-16.42.36:532][291]LogModuleManager: Shutting down and abandoning module MagicLeap (38)
[2020.03.04-16.42.36:533][291]LogModuleManager: Shutting down and abandoning module AnimationModifiers (36)
[2020.03.04-16.42.36:533][291]LogModuleManager: Shutting down and abandoning module PropertyEditor (35)
[2020.03.04-16.42.36:533][291]LogModuleManager: Shutting down and abandoning module AudioEditor (32)
[2020.03.04-16.42.36:533][291]LogModuleManager: Shutting down and abandoning module TextureCompressor (30)
[2020.03.04-16.42.36:534][291]LogModuleManager: Shutting down and abandoning module ShaderCore (28)
[2020.03.04-16.42.36:534][291]LogModuleManager: Shutting down and abandoning module Landscape (26)
[2020.03.04-16.42.36:534][291]LogModuleManager: Shutting down and abandoning module SlateRHIRenderer (24)
[2020.03.04-16.42.36:535][291]LogModuleManager: Shutting down and abandoning module OpenGLDrv (22)
[2020.03.04-16.42.36:535][291]LogModuleManager: Shutting down and abandoning module D3D11RHI (20)
[2020.03.04-16.42.36:535][291]LogModuleManager: Shutting down and abandoning module AnimGraphRuntime (18)
[2020.03.04-16.42.36:535][291]LogModuleManager: Shutting down and abandoning module Renderer (16)
[2020.03.04-16.42.36:535][291]LogModuleManager: Shutting down and abandoning module Engine (14)
[2020.03.04-16.42.36:535][291]LogModuleManager: Shutting down and abandoning module CoreUObject (12)
[2020.03.04-16.42.36:536][291]LogModuleManager: Shutting down and abandoning module NetworkFile (10)
[2020.03.04-16.42.36:536][291]LogModuleManager: Shutting down and abandoning module CookedIterativeFile (8)
[2020.03.04-16.42.36:536][291]LogModuleManager: Shutting down and abandoning module StreamingFile (6)
[2020.03.04-16.42.36:536][291]LogModuleManager: Shutting down and abandoning module SandboxFile (4)
[2020.03.04-16.42.36:536][291]LogModuleManager: Shutting down and abandoning module PakFile (2)
[2020.03.04-16.42.36:544][291]LogExit: Exiting.
[2020.03.04-16.42.36:555][291]Log file closed, 03/04/20 17:42:36
