Log file open, 03/03/20 18:20:33
LogWindows: Failed to load 'aqProf.dll' (GetLastError=126)
LogWindows: File 'aqProf.dll' does not exist
LogWindows: Failed to load 'VSPerf140.dll' (GetLastError=126)
LogWindows: File 'VSPerf140.dll' does not exist
LogWindows: Failed to load 'VtuneApi.dll' (GetLastError=126)
LogWindows: File 'VtuneApi.dll' does not exist
LogWindows: Failed to load 'VtuneApi32e.dll' (GetLastError=126)
LogWindows: File 'VtuneApi32e.dll' does not exist
LogInit: Display: Running engine for game: AleksandraPiasecka
LogPlatformFile: Not using cached read wrapper
LogTaskGraph: Started task graph with 5 named threads and 14 total threads with 3 sets of task threads.
LogStats: Stats thread started at 0.180166
LogD3D11RHI: Loaded GFSDK_Aftermath_Lib.x64.dll
LogICUInternationalization: Display: ICU TimeZone Detection - Raw Offset: +1:00, Platform Override: ''
LogConfig: Warning: Failed to saved backup for config[Game]
LogConfig: Warning: Failed to saved backup for config[Input]
LogConfig: Warning: Failed to saved backup for config[EditorPerProjectUserSettings]
LogConfig: Warning: Failed to saved backup for config[EditorSettings]
LogConfig: Warning: Failed to saved backup for config[EditorLayout]
LogConfig: Warning: Failed to saved backup for config[EditorKeyBindings]
LogConfig: Warning: Failed to saved backup for config[Compat]
LogConfig: Warning: Failed to saved backup for config[Lightmass]
LogConfig: Warning: Failed to saved backup for config[Scalability]
LogConfig: Warning: Failed to saved backup for config[Hardware]
LogPluginManager: Mounting plugin Paper2D
LogPluginManager: Mounting plugin AISupport
LogPluginManager: Mounting plugin LightPropagationVolume
LogPluginManager: Mounting plugin CLionSourceCodeAccess
LogPluginManager: Mounting plugin CodeLiteSourceCodeAccess
LogPluginManager: Mounting plugin GitSourceControl
LogPluginManager: Mounting plugin KDevelopSourceCodeAccess
LogPluginManager: Mounting plugin NullSourceCodeAccess
LogPluginManager: Mounting plugin PerforceSourceControl
LogPluginManager: Mounting plugin SubversionSourceControl
LogConfig: Warning: Failed to saved backup for config[SubversionSourceControl]
LogPluginManager: Mounting plugin UObjectPlugin
LogPluginManager: Mounting plugin VisualStudioCodeSourceCodeAccess
LogPluginManager: Mounting plugin VisualStudioSourceCodeAccess
LogPluginManager: Mounting plugin XCodeSourceCodeAccess
LogPluginManager: Mounting plugin AssetManagerEditor
LogPluginManager: Mounting plugin CryptoKeys
LogPluginManager: Mounting plugin DataValidation
LogPluginManager: Mounting plugin FacialAnimation
LogPluginManager: Mounting plugin GameplayTagsEditor
LogConfig: Warning: Failed to saved backup for config[GameplayTagsEditor]
LogPluginManager: Mounting plugin MacGraphicsSwitching
LogPluginManager: Mounting plugin MeshEditor
LogPluginManager: Mounting plugin MobileLauncherProfileWizard
LogPluginManager: Mounting plugin PluginBrowser
LogPluginManager: Mounting plugin SpeedTreeImporter
LogPluginManager: Mounting plugin DatasmithContent
LogPluginManager: Mounting plugin AlembicImporter
LogConfig: Warning: Failed to saved backup for config[AlembicImporter]
LogPluginManager: Mounting plugin AppleImageUtils
LogPluginManager: Mounting plugin AppleVision
LogPluginManager: Mounting plugin BackChannel
LogPluginManager: Mounting plugin CharacterAI
LogPluginManager: Mounting plugin GeometryCache
LogPluginManager: Mounting plugin HTML5Networking
LogPluginManager: Mounting plugin ProxyLODPlugin
LogPluginManager: Mounting plugin MagicLeap
LogPluginManager: Mounting plugin MagicLeapEmulator
LogConfig: Warning: Failed to saved backup for config[MagicLeapEmulator]
LogPluginManager: Mounting plugin MagicLeapMedia
LogConfig: Warning: Failed to saved backup for config[MagicLeapMedia]
LogPluginManager: Mounting plugin AndroidMedia
LogConfig: Warning: Failed to saved backup for config[AndroidMedia]
LogPluginManager: Mounting plugin AvfMedia
LogPluginManager: Mounting plugin ImgMedia
LogPluginManager: Mounting plugin LinearTimecode
LogPluginManager: Mounting plugin MediaCompositing
LogPluginManager: Mounting plugin MediaPlayerEditor
LogPluginManager: Mounting plugin WmfMedia
LogPluginManager: Mounting plugin TcpMessaging
LogPluginManager: Mounting plugin UdpMessaging
LogPluginManager: Mounting plugin ActorSequence
LogPluginManager: Mounting plugin LevelSequenceEditor
LogPluginManager: Mounting plugin MatineeToLevelSequence
LogPluginManager: Mounting plugin NetcodeUnitTest
LogPluginManager: Mounting plugin NUTUnrealEngine4
LogPluginManager: Mounting plugin OnlineSubsystemGooglePlay
LogPluginManager: Mounting plugin OnlineSubsystemIOS
LogConfig: Warning: Failed to saved backup for config[OnlineSubsystemIOS]
LogPluginManager: Mounting plugin OnlineSubsystem
LogConfig: Warning: Failed to saved backup for config[OnlineSubsystem]
LogPluginManager: Mounting plugin OnlineSubsystemNull
LogPluginManager: Mounting plugin OnlineSubsystemUtils
LogPluginManager: Mounting plugin LauncherChunkInstaller
LogPluginManager: Mounting plugin AndroidDeviceProfileSelector
LogPluginManager: Mounting plugin AndroidMoviePlayer
LogPluginManager: Mounting plugin AndroidPermission
LogConfig: Warning: Failed to saved backup for config[AndroidPermission]
LogPluginManager: Mounting plugin AppleMoviePlayer
LogPluginManager: Mounting plugin ArchVisCharacter
LogPluginManager: Mounting plugin AudioCapture
LogPluginManager: Mounting plugin CableComponent
LogPluginManager: Mounting plugin CustomMeshComponent
LogPluginManager: Mounting plugin EditableMesh
LogPluginManager: Mounting plugin ExampleDeviceProfileSelector
LogPluginManager: Mounting plugin GoogleCloudMessaging
LogPluginManager: Mounting plugin ImmediatePhysics
LogPluginManager: Mounting plugin IOSDeviceProfileSelector
LogPluginManager: Mounting plugin LinuxDeviceProfileSelector
LogPluginManager: Mounting plugin LocationServicesBPLibrary
LogPluginManager: Mounting plugin MobilePatchingUtils
LogConfig: Warning: Failed to saved backup for config[MobilePatchingUtils]
LogPluginManager: Mounting plugin OculusVR
LogPluginManager: Plugin shader directory ../../../Engine/Plugins/Runtime/Oculus/OculusVR/Shaders found
LogPluginManager: Mapping shader source directory ../../../Engine/Plugins/Runtime/Oculus/OculusVR/Shaders to virtual directory /Plugin/OculusVR
LogConfig: Warning: Failed to saved backup for config[OculusVR]
LogPluginManager: Mounting plugin PhysXVehicles
LogConfig: Warning: Failed to saved backup for config[PhysXVehicles]
LogPluginManager: Mounting plugin ProceduralMeshComponent
LogConfig: Warning: Failed to saved backup for config[ProceduralMeshComponent]
LogPluginManager: Mounting plugin RuntimePhysXCooking
LogPluginManager: Mounting plugin SteamVR
LogConfig: Warning: Failed to saved backup for config[SteamVR]
LogPluginManager: Mounting plugin WindowsMoviePlayer
LogStreaming: Display: Took  0.355s to configure plugins.
LogInit: Using libcurl 7.55.1-DEV
LogInit:  - built for x86_64-pc-win32
LogInit:  - supports SSL with OpenSSL/1.0.2h
LogInit:  - supports HTTP deflate (compression) using libz 1.2.8
LogInit:  - other features:
LogInit:      CURL_VERSION_SSL
LogInit:      CURL_VERSION_LIBZ
LogInit:      CURL_VERSION_IPV6
LogInit:      CURL_VERSION_ASYNCHDNS
LogInit:      CURL_VERSION_LARGEFILE
LogInit:      CURL_VERSION_IDN
LogInit:  CurlRequestOptions (configurable via config and command line):
LogInit:  - bVerifyPeer = false  - Libcurl will NOT verify peer certificate
LogInit:  - bUseHttpProxy = false  - Libcurl will NOT use HTTP proxy
LogInit:  - bDontReuseConnections = false  - Libcurl will reuse connections
LogInit:  - CertBundlePath = nullptr  - Libcurl will use whatever was configured at build time.
LogInit:  - MaxHostConnections = 16  - Libcurl will limit the number of connections to a host
LogInit:  - LocalHostAddr = Default
LogInit:  - BufferSize = 65536
LogInit: WinSock: version 1.1 (2.2), MaxSocks=32767, MaxUdp=65467
LogInit: Build: ++UE4+Release-4.20-CL-4369336
LogInit: Engine Version: 4.20.3-4369336+++UE4+Release-4.20
LogInit: Compatible Engine Version: 4.20.0-4212847+++UE4+Release-4.20
LogInit: Net CL: 4212847
LogInit: OS: Windows 10 (), CPU: Intel(R) Core(TM) i5-7300HQ CPU @ 2.50GHz, GPU: Intel(R) HD Graphics 630
LogInit: Compiled (64-bit): Sep 17 2018 12:26:19
LogInit: Compiled with Visual C++: 19.13.26129.00
LogInit: Build Configuration: Development
LogInit: Branch Name: ++UE4+Release-4.20
LogInit: Command Line:  
LogInit: Base Directory: E:/Program Files/UE_4.20/Engine/Binaries/Win64/
LogInit: Installed Engine Build: 1
LogDevObjectVersion: Number of dev versions registered: 20
LogDevObjectVersion:   Dev-Blueprints (B0D832E4-1F89-4F0D-ACCF-7EB736FD4AA2): 10
LogDevObjectVersion:   Dev-Build (E1C64328-A22C-4D53-A36C-8E866417BD8C): 0
LogDevObjectVersion:   Dev-Core (375EC13C-06E4-48FB-B500-84F0262A717E): 2
LogDevObjectVersion:   Dev-Editor (E4B068ED-F494-42E9-A231-DA0B2E46BB41): 24
LogDevObjectVersion:   Dev-Framework (CFFC743F-43B0-4480-9391-14DF171D2073): 34
LogDevObjectVersion:   Dev-Mobile (B02B49B5-BB20-44E9-A304-32B752E40360): 2
LogDevObjectVersion:   Dev-Networking (A4E4105C-59A1-49B5-A7C5-40C4547EDFEE): 0
LogDevObjectVersion:   Dev-Online (39C831C9-5AE6-47DC-9A44-9C173E1C8E7C): 0
LogDevObjectVersion:   Dev-Physics (78F01B33-EBEA-4F98-B9B4-84EACCB95AA2): 0
LogDevObjectVersion:   Dev-Platform (6631380F-2D4D-43E0-8009-CF276956A95A): 0
LogDevObjectVersion:   Dev-Rendering (12F88B9F-8875-4AFC-A67C-D90C383ABD29): 26
LogDevObjectVersion:   Dev-Sequencer (7B5AE74C-D270-4C10-A958-57980B212A5A): 9
LogDevObjectVersion:   Dev-VR (D7296918-1DD6-4BDD-9DE2-64A83CC13884): 2
LogDevObjectVersion:   Dev-LoadTimes (C2A15278-BFE7-4AFE-6C17-90FF531DF755): 1
LogDevObjectVersion:   Private-Geometry (6EACA3D4-40EC-4CC1-B786-8BED09428FC5): 3
LogDevObjectVersion:   Dev-AnimPhys (29E575DD-E0A3-4627-9D10-D276232CDCEA): 17
LogDevObjectVersion:   Dev-ReflectionCapture (6B266CEC-1EC7-4B8F-A30B-E4D90942FC07): 1
LogDevObjectVersion:   Dev-Automation (0DF73D61-A23F-47EA-B727-89E90C41499A): 1
LogDevObjectVersion:   FortniteMain (601D1886-AC64-4F84-AA16-D3DE0DEAC7D6): 12
LogDevObjectVersion:   Dev-Enterprise (9DFFBCD6-494F-0158-E221-12823C92A888): 1
LogStreaming: Display: Took  0.002s to delete old logs.
LogInit: Presizing for max 8388607 objects, including 0 objects not considered by GC, pre-allocating 0 bytes for permanent pool.
LogInit: Object subsystem initialized
[2020.03.03-17.20.36:446][  0]LogInit: Selected Device Profile: [Windows]
[2020.03.03-17.20.36:447][  0]LogInit: Applying CVar settings loaded from the selected device profile: [Windows]
[2020.03.03-17.20.36:500][  0]LogConfig: Warning: Failed to saved backup for config[DeviceProfiles]
[2020.03.03-17.20.36:521][  0]LogHAL: Display: Platform has ~ 16 GB [17066790912 / 17179869184 / 16], which maps to Larger [LargestMinGB=32, LargerMinGB=12, DefaultMinGB=8, SmallerMinGB=6, SmallestMinGB=0)
[2020.03.03-17.20.36:531][  0]LogInit: Setting Device Profile CVar: [[r.Vulkan.UseRealUBs:1]]
[2020.03.03-17.20.36:531][  0]LogInit: Going up to parent DeviceProfile []
[2020.03.03-17.20.36:559][  0]LogInit: Computer: LAPTOP-2E2LEE5I
[2020.03.03-17.20.36:559][  0]LogInit: User: Aleks
[2020.03.03-17.20.36:559][  0]LogInit: CPU Page size=4096, Cores=4
[2020.03.03-17.20.36:559][  0]LogInit: High frequency timer resolution =10.000000 MHz
[2020.03.03-17.20.36:559][  0]LogMemory: Memory total: Physical=15.9GB (16GB approx)
[2020.03.03-17.20.36:560][  0]LogMemory: Platform Memory Stats for Windows
[2020.03.03-17.20.36:560][  0]LogMemory: Process Physical Memory: 100.79 MB used, 100.79 MB peak
[2020.03.03-17.20.36:560][  0]LogMemory: Process Virtual Memory: 84.17 MB used, 84.17 MB peak
[2020.03.03-17.20.36:560][  0]LogMemory: Physical Memory: 7898.42 MB used,  8377.74 MB free, 16276.16 MB total
[2020.03.03-17.20.36:560][  0]LogMemory: Virtual Memory: 4608.60 MB used,  8377.74 MB free, 134217728.00 MB total
[2020.03.03-17.20.37:324][  0]LogInit: Using OS detected language (pl-PL).
[2020.03.03-17.20.37:324][  0]LogInit: Using OS detected locale (pl-PL).
[2020.03.03-17.20.37:422][  0]LogTextLocalizationManager: No specific localization for 'pl-PL' exists, so the 'pl' localization will be used.
[2020.03.03-17.20.37:620][  0]LogStreaming: Display: Took  0.271s to InitEngineTextLocalization.
[2020.03.03-17.20.37:621][  0]LogInit: Setting process to per monitor DPI aware
[2020.03.03-17.20.38:197][  0]LogSlate: New Slate User Created.  User Index 0, Is Virtual User: 0
[2020.03.03-17.20.38:197][  0]LogSlate: Slate User Registered.  User Index 0, Is Virtual User: 0
[2020.03.03-17.20.40:875][  0]LogHMD: Failed to initialize OpenVR with code 110
[2020.03.03-17.20.40:875][  0]LogD3D11RHI: D3D11 adapters:
[2020.03.03-17.20.41:260][  0]LogD3D11RHI:    0. 'NVIDIA GeForce GTX 1050' (Feature Level 11_0)
[2020.03.03-17.20.41:260][  0]LogD3D11RHI:       4021/0/8138 MB DedicatedVideo/DedicatedSystem/SharedSystem, Outputs:1, VendorId:0x10de
[2020.03.03-17.20.41:275][  0]LogD3D11RHI:    1. 'Intel(R) HD Graphics 630' (Feature Level 11_0)
[2020.03.03-17.20.41:275][  0]LogD3D11RHI:       128/0/8138 MB DedicatedVideo/DedicatedSystem/SharedSystem, Outputs:0, VendorId:0x8086
[2020.03.03-17.20.41:280][  0]LogD3D11RHI:    2. 'Microsoft Basic Render Driver' (Feature Level 11_0)
[2020.03.03-17.20.41:280][  0]LogD3D11RHI:       0/0/8138 MB DedicatedVideo/DedicatedSystem/SharedSystem, Outputs:0, VendorId:0x1414
[2020.03.03-17.20.41:280][  0]LogD3D11RHI: Chosen D3D11 Adapter: 0
[2020.03.03-17.20.41:332][  0]LogD3D11RHI: Creating new Direct3DDevice
[2020.03.03-17.20.41:333][  0]LogD3D11RHI:     GPU DeviceId: 0x1c8d (for the marketing name, search the web for "GPU Device Id")
[2020.03.03-17.20.41:430][  0]LogWindows: EnumDisplayDevices:
[2020.03.03-17.20.41:430][  0]LogWindows:    0. 'Intel(R) HD Graphics 630' (P:1 D:1)
[2020.03.03-17.20.41:432][  0]LogWindows:    1. 'Intel(R) HD Graphics 630' (P:0 D:0)
[2020.03.03-17.20.41:433][  0]LogWindows:    2. 'Intel(R) HD Graphics 630' (P:0 D:0)
[2020.03.03-17.20.41:434][  0]LogWindows: DebugString: PrimaryIsNotTheChoosenAdapter PrimaryIsNotTheChoosenAdapter PrimaryIsNotTheChoosenAdapter FoundDriverCount:0 
[2020.03.03-17.20.41:434][  0]LogD3D11RHI:     Adapter Name: NVIDIA GeForce GTX 1050
[2020.03.03-17.20.41:434][  0]LogD3D11RHI:   Driver Version: Unknown (internal:Unknown, unified:Unknown)
[2020.03.03-17.20.41:434][  0]LogD3D11RHI:      Driver Date: Unknown
[2020.03.03-17.20.41:434][  0]LogRHI: Texture pool is 2814 MB (70% of 4021 MB)
[2020.03.03-17.20.41:547][  0]LogD3D11RHI: Async texture creation enabled
[2020.03.03-17.20.41:825][  0]LogD3D11RHI: GPU Timing Frequency: 1000.000000 (Debug: 2 2)
[2020.03.03-17.20.41:870][  0]LogShaderCompilers: Guid format shader working directory is -5 characters bigger than the processId version (C:/Users/Aleks/Documents/Unreal/AleksandraPiasecka/Intermediate/Shaders/WorkingDirectory/12188/).
[2020.03.03-17.20.41:871][  0]LogShaderCompilers: Cleaned the shader compiler working directory 'C:/Users/Aleks/AppData/Local/Temp/UnrealShaderWorkingDir/20C81D674DD718247AB7D39747170EFC/'.
[2020.03.03-17.20.42:723][  0]LogTemp: Display: Loaded TP AllDesktopTargetPlatform
[2020.03.03-17.20.42:737][  0]LogTemp: Display: Loaded TP MacClientTargetPlatform
[2020.03.03-17.20.42:751][  0]LogTemp: Display: Loaded TP MacNoEditorTargetPlatform
[2020.03.03-17.20.42:764][  0]LogTemp: Display: Loaded TP MacServerTargetPlatform
[2020.03.03-17.20.42:778][  0]LogTemp: Display: Loaded TP MacTargetPlatform
[2020.03.03-17.20.42:792][  0]LogTemp: Display: Loaded TP WindowsClientTargetPlatform
[2020.03.03-17.20.42:806][  0]LogTemp: Display: Loaded TP WindowsNoEditorTargetPlatform
[2020.03.03-17.20.42:820][  0]LogTemp: Display: Loaded TP WindowsServerTargetPlatform
[2020.03.03-17.20.42:826][  0]LogTemp: Display: Loaded TP WindowsTargetPlatform
[2020.03.03-17.20.42:913][  0]LogTemp: Display: Loaded TP AndroidTargetPlatform
[2020.03.03-17.20.42:913][  0]LogTemp: Display: Loaded TP AndroidTargetPlatform
[2020.03.03-17.20.42:913][  0]LogTemp: Display: Loaded TP AndroidTargetPlatform
[2020.03.03-17.20.42:913][  0]LogTemp: Display: Loaded TP AndroidTargetPlatform
[2020.03.03-17.20.42:913][  0]LogTemp: Display: Loaded TP AndroidTargetPlatform
[2020.03.03-17.20.42:913][  0]LogTemp: Display: Loaded TP AndroidTargetPlatform
[2020.03.03-17.20.42:913][  0]LogTemp: Display: Loaded TP AndroidTargetPlatform
[2020.03.03-17.20.42:913][  0]LogTemp: Display: Loaded TP AndroidTargetPlatform
[2020.03.03-17.20.42:913][  0]LogTemp: Display: Loaded TP AndroidTargetPlatform
[2020.03.03-17.20.42:913][  0]LogTemp: Display: Loaded TP AndroidTargetPlatform
[2020.03.03-17.20.42:913][  0]LogTemp: Display: Loaded TP AndroidTargetPlatform
[2020.03.03-17.20.42:913][  0]LogTemp: Display: Loaded TP AndroidTargetPlatform
[2020.03.03-17.20.42:913][  0]LogTemp: Display: Loaded TP AndroidTargetPlatform
[2020.03.03-17.20.42:913][  0]LogTemp: Display: Loaded TP AndroidTargetPlatform
[2020.03.03-17.20.42:913][  0]LogTemp: Display: Loaded TP AndroidTargetPlatform
[2020.03.03-17.20.42:913][  0]LogTemp: Display: Loaded TP AndroidTargetPlatform
[2020.03.03-17.20.42:913][  0]LogTemp: Display: Loaded TP AndroidTargetPlatform
[2020.03.03-17.20.42:913][  0]LogTemp: Display: Loaded TP AndroidTargetPlatform
[2020.03.03-17.20.42:914][  0]LogTemp: Display: Loaded TP HTML5TargetPlatform
[2020.03.03-17.20.42:975][  0]LogTemp: Display: Loaded TP IOSTargetPlatform
[2020.03.03-17.20.42:975][  0]LogTemp: Display: Loaded TP IOSTargetPlatform
[2020.03.03-17.20.43:000][  0]LogTemp: Display: Loaded TP TVOSTargetPlatform
[2020.03.03-17.20.43:000][  0]LogTemp: Display: Loaded TP TVOSTargetPlatform
[2020.03.03-17.20.43:013][  0]LogTemp: Display: Loaded TP LinuxClientTargetPlatform
[2020.03.03-17.20.43:026][  0]LogTemp: Display: Loaded TP LinuxNoEditorTargetPlatform
[2020.03.03-17.20.43:053][  0]LogTemp: Display: Loaded TP LinuxServerTargetPlatform
[2020.03.03-17.20.43:074][  0]LogTemp: Display: Loaded TP LinuxTargetPlatform
[2020.03.03-17.20.43:101][  0]LogTemp: Display: Loaded TP LuminTargetPlatform
[2020.03.03-17.20.43:101][  0]LogTargetPlatformManager: Display: Building Assets For Windows
[2020.03.03-17.20.43:843][  0]LogXGEController: Cannot use XGE Controller as Incredibuild is not installed on this machine.
[2020.03.03-17.20.43:843][  0]LogShaderCompilers: Cannot use XGE Shader Compiler as Incredibuild is not installed on this machine.
[2020.03.03-17.20.43:843][  0]LogShaderCompilers: Display: Using Local Shader Compiler.
[2020.03.03-17.20.46:757][  0]LogDerivedDataCache: Display: Max Cache Size: 512 MB
[2020.03.03-17.20.47:339][  0]LogDerivedDataCache: Loaded boot cache 0.58s 71MB C:/Users/Aleks/AppData/Local/UnrealEngine/4.20/DerivedDataCache/Boot.ddc.
[2020.03.03-17.20.47:339][  0]LogDerivedDataCache: Display: Loaded Boot cache: C:/Users/Aleks/AppData/Local/UnrealEngine/4.20/DerivedDataCache/Boot.ddc
[2020.03.03-17.20.47:340][  0]LogDerivedDataCache: FDerivedDataBackendGraph:  Pak pak cache file C:/Users/Aleks/Documents/Unreal/AleksandraPiasecka/DerivedDataCache/DDC.ddp not found, will not use a pak cache.
[2020.03.03-17.20.47:340][  0]LogDerivedDataCache: Unable to find inner node Pak for hierarchical cache Hierarchy.
[2020.03.03-17.20.47:340][  0]LogDerivedDataCache: FDerivedDataBackendGraph:  CompressedPak pak cache file C:/Users/Aleks/Documents/Unreal/AleksandraPiasecka/DerivedDataCache/Compressed.ddp not found, will not use a pak cache.
[2020.03.03-17.20.47:340][  0]LogDerivedDataCache: Unable to find inner node CompressedPak for hierarchical cache Hierarchy.
[2020.03.03-17.20.47:477][  0]LogDerivedDataCache: Display: Pak cache opened for reading ../../../Engine/DerivedDataCache/Compressed.ddp.
[2020.03.03-17.20.47:503][  0]LogDerivedDataCache: Using Local data cache path C:/Users/Aleks/AppData/Local/UnrealEngine/Common/DerivedDataCache: Writable
[2020.03.03-17.20.47:503][  0]LogDerivedDataCache: Shared data cache path not found in *engine.ini, will not use an Shared cache.
[2020.03.03-17.20.47:503][  0]LogDerivedDataCache: Unable to find inner node Shared for hierarchical cache Hierarchy.
[2020.03.03-17.20.47:545][  0]LogMaterial: Verifying Global Shaders for PCD3D_SM5
[2020.03.03-17.20.47:603][  0]LogSlate: Using FreeType 2.6.0
[2020.03.03-17.20.47:711][  0]LogSlate: SlateFontServices - WITH_FREETYPE: 1, WITH_HARFBUZZ: 1
[2020.03.03-17.20.49:674][  0]LogAssetRegistry: FAssetRegistry took 0.0495 seconds to start up
[2020.03.03-17.20.52:663][  0]LogInit: Selected Device Profile: [Windows]
[2020.03.03-17.20.54:899][  0]LogSimplygon: Simplygon DLL not present - disabling.
[2020.03.03-17.20.55:064][  0]LogMeshReduction: Using SimplygonSwarm for distributed automatic mesh merging
[2020.03.03-17.20.55:065][  0]LogMeshReduction: Using ProxyLODMeshReduction for automatic mesh merging
[2020.03.03-17.20.55:067][  0]LogMeshReduction: Using QuadricMeshReduction for automatic static mesh reduction
[2020.03.03-17.20.55:067][  0]LogMeshReduction: No automatic skeletal mesh reduction module available
[2020.03.03-17.20.55:352][  0]LogNetVersion: AleksandraPiasecka 1.0.0, NetCL: 4212847, EngineNetVer: 5, GameNetVer: 0 (Checksum: 2078777456)
[2020.03.03-17.20.56:956][  0]LogConfig: Warning: Failed to saved backup for config[GameplayTagsList]
[2020.03.03-17.20.59:405][  0]LogAssetRegistry: Error: Failed to open file for write C:/Users/Aleks/Documents/Unreal/AleksandraPiasecka/Intermediate/AssetRegistryCache/c868b3e3.bin
[2020.03.03-17.20.59:584][  0]LogPackageLocalizationCache: Processed 11 localized package path(s) for 2 prioritized culture(s) in 0.186051 seconds
[2020.03.03-17.20.59:618][  0]LogUObjectArray: 38425 objects as part of root set at end of initial load.
[2020.03.03-17.20.59:618][  0]LogUObjectAllocator: 6690864 out of 0 bytes used by permanent object pool.
[2020.03.03-17.20.59:618][  0]LogUObjectArray: CloseDisregardForGC: 0/0 objects in disregard for GC pool
[2020.03.03-17.21.23:671][  0]LogTcpMessaging: Initializing TcpMessaging bridge
[2020.03.03-17.21.23:710][  0]LogUdpMessaging: Initializing bridge on interface 0.0.0.0:0 to multicast group 230.0.0.1:6666.
[2020.03.03-17.21.25:015][  0]SourceControl: Source control is disabled
[2020.03.03-17.21.25:015][  0]SourceControl: Source control is disabled
[2020.03.03-17.21.25:129][  0]SourceControl: Source control is disabled
[2020.03.03-17.21.25:156][  0]SourceControl: Source control is disabled
[2020.03.03-17.21.26:594][  0]LogAndroidPermission: UAndroidPermissionCallbackProxy::GetInstance
[2020.03.03-17.21.26:828][  0]LogOcInput: OculusInput pre-init called
[2020.03.03-17.21.27:633][  0]LogEngine: Initializing Engine...
[2020.03.03-17.21.27:670][  0]LogHMD: Failed to initialize OpenVR with code 110
[2020.03.03-17.21.27:707][  0]LogStats: UGameplayTagsManager::ConstructGameplayTagTree: ImportINI prefixes -  0.002 s
[2020.03.03-17.21.27:707][  0]LogStats: UGameplayTagsManager::ConstructGameplayTagTree: Construct from data asset -  0.000 s
[2020.03.03-17.21.27:708][  0]LogStats: UGameplayTagsManager::ConstructGameplayTagTree: ImportINI -  0.000 s
[2020.03.03-17.21.27:709][  0]LogStats: UGameplayTagsManager::ConstructGameplayTagTree: GameplayTagTreeChangedEvent.Broadcast -  0.000 s
[2020.03.03-17.21.28:413][  0]LogInit: Initializing FReadOnlyCVARCache
[2020.03.03-17.21.28:790][  0]LogAIModule: Creating AISystem for world Untitled
[2020.03.03-17.21.28:988][  0]LogInit: XAudio2 using 'Głośniki (Realtek High Definition Audio)' : 2 channels at 48 kHz using 32 bits per sample (channel mask 0x3)
[2020.03.03-17.21.29:167][  0]LogInit: FAudioDevice initialized.
[2020.03.03-17.21.29:167][  0]LogNetVersion: Set ProjectVersion to 1.0.0.0. Version Checksum will be recalculated on next use.
[2020.03.03-17.21.29:338][  0]LogDerivedDataCache: Saved boot cache 0.17s 71MB C:/Users/Aleks/AppData/Local/UnrealEngine/4.20/DerivedDataCache/Boot.ddc.
[2020.03.03-17.21.29:344][  0]LogInit: Texture streaming: Enabled
[2020.03.03-17.21.29:357][  0]LogEngineSessionManager: EngineSessionManager initialized
[2020.03.03-17.21.29:438][  0]LogInit: Transaction tracking system initialized
[2020.03.03-17.21.29:846][  0]BlueprintLog: New page: Editor Load
[2020.03.03-17.21.30:979][  0]LogConfig: Warning: Failed to saved backup for config[LocalizationServiceSettings]
[2020.03.03-17.21.30:985][  0]LocalizationService: Localization service is disabled
[2020.03.03-17.21.33:742][  0]LogFileCache: Scanning file cache for directory 'C:/Users/Aleks/Documents/Unreal/AleksandraPiasecka/Content/' took 0.02s
[2020.03.03-17.21.33:742][  0]LogCook: Display: Max memory allowance for cook 16384mb min free memory 0mb
[2020.03.03-17.21.33:752][  0]LogCook: Display: Mobile HDR setting 1
[2020.03.03-17.21.33:762][  0]LogGameplayTags: Display: UGameplayTagsManager::DoneAddingNativeTags. DelegateIsBound: 0
[2020.03.03-17.21.33:762][  0]LogStats: UGameplayTagsManager::ConstructGameplayTagTree: ImportINI prefixes -  0.000 s
[2020.03.03-17.21.33:762][  0]LogStats: UGameplayTagsManager::ConstructGameplayTagTree: Construct from data asset -  0.000 s
[2020.03.03-17.21.33:763][  0]LogStats: UGameplayTagsManager::ConstructGameplayTagTree: ImportINI -  0.000 s
[2020.03.03-17.21.33:763][  0]LogStats: UGameplayTagsManager::ConstructGameplayTagTree: GameplayTagTreeChangedEvent.Broadcast -  0.000 s
[2020.03.03-17.21.37:468][  0]SourceControl: Source control is disabled
[2020.03.03-17.21.37:483][  0]Cmd: MAP LOAD FILE="C:/Users/Aleks/Documents/Unreal/AleksandraPiasecka/Content/StarterContent/Maps/Minimal_Default.umap" TEMPLATE=0 SHOWPROGRESS=1 FEATURELEVEL=3
[2020.03.03-17.21.37:508][  0]LightingResults: New page: Lighting Build
[2020.03.03-17.21.37:690][  0]MapCheck: New page: Map Check
[2020.03.03-17.21.37:690][  0]LightingResults: New page: Lighting Build
[2020.03.03-17.21.39:767][  0]LogAIModule: Creating AISystem for world Minimal_Default
[2020.03.03-17.21.40:142][  0]LogEditorServer: Finished looking for orphan Actors (0.000 secs)
[2020.03.03-17.21.40:237][  0]Cmd: MAP CHECKDEP NOCLEARLOG
[2020.03.03-17.21.40:290][  0]MapCheck: Map check complete: 0 Error(s), 0 Warning(s), took 52,931ms to complete.
[2020.03.03-17.21.40:290][  0]LogFileHelpers: Loading map 'Minimal_Default' took 2.821
[2020.03.03-17.21.41:592][  0]LogSlate: Updating window title bar state: overlay mode, drag disabled, window buttons hidden, title bar hidden
[2020.03.03-17.21.41:621][  0]LogSlate: Updating window title bar state: overlay mode, drag disabled, window buttons hidden, title bar hidden
[2020.03.03-17.21.41:637][  0]LogSlate: Updating window title bar state: overlay mode, drag disabled, window buttons hidden, title bar hidden
[2020.03.03-17.21.41:651][  0]LogSlate: Updating window title bar state: overlay mode, drag disabled, window buttons hidden, title bar hidden
[2020.03.03-17.21.41:782][  0]LogCollectionManager: Loaded 0 collections in 0.002129 seconds
[2020.03.03-17.21.41:918][  0]LogFileCache: Scanning file cache for directory 'C:/Users/Aleks/Documents/Unreal/AleksandraPiasecka/Saved/Collections/' took 0.01s
[2020.03.03-17.21.41:918][  0]LogFileCache: Scanning file cache for directory 'C:/Users/Aleks/Documents/Unreal/AleksandraPiasecka/Content/Developers/Aleks/Collections/' took 0.01s
[2020.03.03-17.21.41:918][  0]LogFileCache: Scanning file cache for directory 'C:/Users/Aleks/Documents/Unreal/AleksandraPiasecka/Content/Collections/' took 0.01s
[2020.03.03-17.21.41:918][  0]LogCollectionManager: Rebuilt the GUID cache for 0 collections in 0.000001 seconds
[2020.03.03-17.21.41:954][  0]LogContentBrowser: Native class hierarchy populated in 0.0316 seconds. Added 2573 classes and 605 folders.
[2020.03.03-17.21.42:085][  0]LogContentBrowser: Native class hierarchy updated for 'WidgetCarousel' in 0.0009 seconds. Added 0 classes and 0 folders.
[2020.03.03-17.21.44:522][  0]LogContentBrowser: Native class hierarchy updated for 'AddContentDialog' in 0.0009 seconds. Added 0 classes and 0 folders.
[2020.03.03-17.21.45:546][  0]LogSlate: Took 0.019560 seconds to synchronously load lazily loaded font '../../../Engine/Content/Slate/Fonts/Roboto-Regular.ttf' (155K)
[2020.03.03-17.21.45:610][  0]LogSlate: Took 0.026957 seconds to synchronously load lazily loaded font '../../../Engine/Content/Slate/Fonts/Roboto-Bold.ttf' (160K)
[2020.03.03-17.21.45:638][  0]LogSlate: Took 0.009121 seconds to synchronously load lazily loaded font '../../../Engine/Content/Editor/Slate/Fonts/FontAwesome.ttf' (139K)
[2020.03.03-17.21.45:957][  0]LogRenderer: Reallocating scene render targets to support 1008x448 Format 10 NumSamples 1 (Frame:1).
[2020.03.03-17.21.46:617][  0]LogContentBrowser: Native class hierarchy updated for 'HierarchicalLODOutliner' in 0.0007 seconds. Added 0 classes and 0 folders.
[2020.03.03-17.21.46:617][  0]LogLoad: (Engine Initialization) Total time: 76.44 seconds
[2020.03.03-17.21.46:617][  0]LogLoad: (Engine Initialization) Total Blueprint compile time: 0.00 seconds
[2020.03.03-17.21.46:734][  0]LogContentStreaming: Texture pool size now 1000 MB
[2020.03.03-17.21.46:948][  0]LogRenderer: Reallocating scene render targets to support 1008x460 Format 10 NumSamples 1 (Frame:3).
[2020.03.03-17.21.46:949][  0]LogSlate: Took 0.015186 seconds to synchronously load lazily loaded font '../../../Engine/Content/Slate/Fonts/Roboto-Light.ttf' (167K)
[2020.03.03-17.21.47:125][  2]LogAssetRegistry: Asset discovery search completed in 57.4772 seconds
[2020.03.03-17.21.47:127][  2]LogCollectionManager: Rebuilt the object cache for 0 collections in 0.000000 seconds (found 0 objects)
[2020.03.03-17.21.47:127][  2]LogCollectionManager: Fixed up redirectors for 0 collections in 0.000064 seconds (updated 0 objects)
[2020.03.03-17.21.47:689][ 59]LogSlate: Took 0.000148 seconds to synchronously load lazily loaded font '../../../Engine/Content/Slate/Fonts/Roboto-Light.ttf' (167K)
[2020.03.03-17.21.51:156][446]LogSlate: FSceneViewport::OnFocusLost() reason 0
[2020.03.03-17.21.53:676][637]LogAIModule: Creating AISystem for world Level01
[2020.03.03-17.21.53:684][637]LogAssetEditorManager: Opening Asset editor for World /Game/Level01.Level01
[2020.03.03-17.21.53:731][637]Cmd: MAP LOAD FILE="C:/Users/Aleks/Documents/Unreal/AleksandraPiasecka/Content/Level01.umap" TEMPLATE=0 SHOWPROGRESS=1 FEATURELEVEL=3
[2020.03.03-17.21.53:731][637]LightingResults: New page: Lighting Build
[2020.03.03-17.21.53:732][637]LoadErrors: New page: Loading map: Level01.umap
[2020.03.03-17.21.53:732][637]MapCheck: New page: Map Check
[2020.03.03-17.21.53:733][637]LightingResults: New page: Lighting Build
[2020.03.03-17.21.53:853][637]LogEditorServer: Finished looking for orphan Actors (0.000 secs)
[2020.03.03-17.21.53:927][637]Cmd: MAP CHECKDEP NOCLEARLOG
[2020.03.03-17.21.53:985][637]MapCheck: Map check complete: 0 Error(s), 0 Warning(s), took 58,599ms to complete.
[2020.03.03-17.21.53:985][637]LogFileHelpers: Loading map 'Level01' took 0.260
[2020.03.03-17.21.57:755][ 33]LogRenderer: Reallocating scene render targets to support 1008x464 Format 10 NumSamples 1 (Frame:397).
[2020.03.03-17.21.57:800][ 34]LogRenderer: Reallocating scene render targets to support 1008x480 Format 10 NumSamples 1 (Frame:399).
[2020.03.03-17.21.57:842][ 35]LogRenderer: Reallocating scene render targets to support 1008x492 Format 10 NumSamples 1 (Frame:401).
[2020.03.03-17.21.57:886][ 36]LogRenderer: Reallocating scene render targets to support 1008x496 Format 10 NumSamples 1 (Frame:403).
[2020.03.03-17.23.00:948][550]LogTemp: Repeating last play command: Selected Viewport
[2020.03.03-17.23.01:318][550]LogBlueprintUserMessages: Early PlayInEditor Detection: Level '/Game/Level01.Level01:PersistentLevel' has LevelScriptBlueprint '/Game/Level01.Level01:PersistentLevel.Level01' with GeneratedClass '/Game/Level01.Level01_C' with ClassGeneratedBy '/Game/Level01.Level01:PersistentLevel.Level01'
[2020.03.03-17.23.01:319][550]LogPlayLevel: PlayLevel: No blueprints needed recompiling
[2020.03.03-17.23.01:407][550]PIE: New page: PIE session: Level01 (3 mar 2020, 19:23:01)
[2020.03.03-17.23.01:408][550]LogPlayLevel: Creating play world package: /Game/UEDPIE_0_Level01
[2020.03.03-17.23.01:451][550]LogPlayLevel: PIE: StaticDuplicateObject took: (0.043722s)
[2020.03.03-17.23.01:453][550]LogAIModule: Creating AISystem for world Level01
[2020.03.03-17.23.01:454][550]LogPlayLevel: PIE: World Init took: (0.002709s)
[2020.03.03-17.23.01:454][550]LogPlayLevel: PIE: Created PIE world by copying editor world from /Game/Level01.Level01 to /Game/UEDPIE_0_Level01.Level01 (0.046963s)
[2020.03.03-17.23.01:509][550]LogInit: XAudio2 using 'Głośniki (Realtek High Definition Audio)' : 2 channels at 48 kHz using 32 bits per sample (channel mask 0x3)
[2020.03.03-17.23.01:532][550]LogInit: FAudioDevice initialized.
[2020.03.03-17.23.01:599][550]LogLoad: Game class is 'GameModeBase'
[2020.03.03-17.23.01:618][550]LogWorld: Bringing World /Game/UEDPIE_0_Level01.Level01 up for play (max tick rate 0) at 2020.03.03-18.23.01
[2020.03.03-17.23.01:666][550]LogWorld: Bringing up level for play took: 0.048217
[2020.03.03-17.23.01:744][550]LogContentBrowser: Native class hierarchy updated for 'MovieSceneCapture' in 0.0010 seconds. Added 10 classes and 0 folders.
[2020.03.03-17.23.01:792][550]LogBlueprintUserMessages: [Level01_C_16] Witaj w moim labiryncie! Sprawdźmy jak szybko z niego uciekniesz!
[2020.03.03-17.23.01:794][550]PIE: Play in editor start time for /Game/UEDPIE_0_Level01 1,075
[2020.03.03-17.23.01:794][550]LogBlueprintUserMessages: Late PlayInEditor Detection: Level '/Game/Level01.Level01:PersistentLevel' has LevelScriptBlueprint '/Game/Level01.Level01:PersistentLevel.Level01' with GeneratedClass '/Game/Level01.Level01_C' with ClassGeneratedBy '/Game/Level01.Level01:PersistentLevel.Level01'
[2020.03.03-17.23.19:405][648]LogBlueprintUserMessages: Early EndPlayMap Detection: Level '/Game/Level01.Level01:PersistentLevel' has LevelScriptBlueprint '/Game/Level01.Level01:PersistentLevel.Level01' with GeneratedClass '/Game/Level01.Level01_C' with ClassGeneratedBy '/Game/Level01.Level01:PersistentLevel.Level01'
[2020.03.03-17.23.19:407][648]LogSlate: Updating window title bar state: overlay mode, drag disabled, window buttons hidden, title bar hidden
[2020.03.03-17.23.19:443][648]LogPlayLevel: Display: Shutting down PIE online subsystems
[2020.03.03-17.23.19:443][648]LogBlueprintUserMessages: Late EndPlayMap Detection: Level '/Game/Level01.Level01:PersistentLevel' has LevelScriptBlueprint '/Game/Level01.Level01:PersistentLevel.Level01' with GeneratedClass '/Game/Level01.Level01_C' with ClassGeneratedBy '/Game/Level01.Level01:PersistentLevel.Level01'
[2020.03.03-17.23.19:468][648]LogSlate: Updating window title bar state: overlay mode, drag disabled, window buttons hidden, title bar hidden
[2020.03.03-17.23.19:516][650]LogPlayLevel: Display: Destroying online subsystem :Context_1
[2020.03.03-17.23.22:626][ 19]LogSlate: FSceneViewport::OnFocusLost() reason 2
[2020.03.03-17.23.26:640][429]LogSlate: FSceneViewport::OnFocusLost() reason 2
[2020.03.03-17.23.26:644][429]LogAssetEditorManager: Opening Asset editor for LevelScriptBlueprint /Game/Level01.Level01:PersistentLevel.Level01
[2020.03.03-17.23.27:938][429]LogContentBrowser: Native class hierarchy updated for 'BlueprintGraph' in 0.0013 seconds. Added 116 classes and 0 folders.
[2020.03.03-17.23.29:465][429]LogSlate: Took 0.020631 seconds to synchronously load lazily loaded font '../../../Engine/Content/Slate/Fonts/Roboto-BoldCondensed.ttf' (158K)
[2020.03.03-17.23.29:905][430]LogSlate: Took 0.018981 seconds to synchronously load lazily loaded font '../../../Engine/Content/Slate/Fonts/Roboto-Italic.ttf' (157K)
[2020.03.03-17.29.27:681][602]LogSlate: FSceneViewport::OnFocusLost() reason 2
[2020.03.03-17.29.44:508][536]LogSlate: Window 'Level01 - Level Blueprint Editor' being destroyed
[2020.03.03-17.30.04:497][885]LogSlate: FSceneViewport::OnFocusLost() reason 0
[2020.03.03-17.33.04:354][922]LogEditorViewport: Clicking on Actor (LMB): StaticMeshActor (Maze_01)
[2020.03.03-17.33.29:959][935]LogSlate: FSceneViewport::OnFocusLost() reason 0
[2020.03.03-17.34.01:964][467]LogEditorViewport: Clicking on Actor (LMB): StaticMeshActor (Ball)
[2020.03.03-17.34.07:596][131]LogSlate: FSceneViewport::OnFocusLost() reason 0
[2020.03.03-17.51.42:808][998]LogEditorViewport: Clicking on Actor (LMB): StaticMeshActor (Ball)
[2020.03.03-17.51.43:289][ 54]LogEditorViewport: Clicking on Actor (LMB): StaticMeshActor (Ball)
[2020.03.03-17.51.43:748][107]LogEditorViewport: Clicking on Actor (LMB): StaticMeshActor (Ball)
[2020.03.03-17.51.47:957][609]LogSlate: FSceneViewport::OnFocusLost() reason 0
[2020.03.03-17.52.43:614][146]Cmd: OBJ SAVEPACKAGE PACKAGE="/Game/Level01" FILE="C:/Users/Aleks/Documents/Unreal/AleksandraPiasecka/Saved/Autosaves/Game/Level01_Auto1.umap" SILENT=true AUTOSAVING=true KEEPDIRTY=false
[2020.03.03-17.52.44:047][146]LogSavePackage: Moving 'C:/Users/Aleks/Documents/Unreal/AleksandraPiasecka/Saved/Level01_Auto1A0D5DE7840EB7A3A819BA5A386B1D9FA.tmp' to 'C:/Users/Aleks/Documents/Unreal/AleksandraPiasecka/Saved/Autosaves/Game/Level01_Auto1.umap'
[2020.03.03-17.52.44:083][146]LogFileHelpers: Editor autosave (incl. sublevels) for '/Game/Level01' took 0.533
[2020.03.03-17.52.44:083][146]LogFileHelpers: Editor autosave (incl. sublevels) for all levels took 0.533
[2020.03.03-17.54.15:591][887]Cmd: OBJ SAVEPACKAGE PACKAGE="/Game/Level01" FILE="C:/Users/Aleks/Documents/Unreal/AleksandraPiasecka/Content/Level01.umap" SILENT=true AUTOSAVING=false KEEPDIRTY=false
[2020.03.03-17.54.15:858][887]LogSavePackage: Moving 'C:/Users/Aleks/Documents/Unreal/AleksandraPiasecka/Saved/Level01D64465664C21ACCC4EED66ADDB0A22B0.tmp' to 'C:/Users/Aleks/Documents/Unreal/AleksandraPiasecka/Content/Level01.umap'
[2020.03.03-17.54.15:881][887]LogFileHelpers: Saving map 'Level01' took 0.369
[2020.03.03-17.54.17:005][972]LogSlate: Window 'AleksandraPiasecka - Unreal Editor' being destroyed
[2020.03.03-17.54.17:259][973]Cmd: QUIT_EDITOR
[2020.03.03-17.54.17:487][973]LogWindowsTextInputMethodSystem: Display: IME system now deactivated.
[2020.03.03-17.54.17:531][973]LogExit: Preparing to exit.
[2020.03.03-17.54.17:786][973]LogExit: Editor shut down
[2020.03.03-17.54.17:787][973]LogExit: Transaction tracking system shut down
[2020.03.03-17.54.18:450][973]LogExit: Object subsystem successfully closed.
[2020.03.03-17.54.18:465][973]LogShaderCompilers: Display: Shaders left to compile 0
[2020.03.03-17.54.18:469][973]LogD3D11RHI: Shutdown
[2020.03.03-17.54.18:469][973]LogD3D11RHI: CleanupD3DDevice
[2020.03.03-17.54.18:470][973]LogD3D11RHI: ~FD3D11DynamicRHI
[2020.03.03-17.54.18:480][973]LogModuleManager: Shutting down and abandoning module BlueprintGraph (616)
[2020.03.03-17.54.18:480][973]LogModuleManager: Shutting down and abandoning module MovieSceneCapture (614)
[2020.03.03-17.54.18:480][973]LogModuleManager: Shutting down and abandoning module Voice (612)
[2020.03.03-17.54.18:573][973]LogModuleManager: Shutting down and abandoning module HierarchicalLODOutliner (610)
[2020.03.03-17.54.18:573][973]LogModuleManager: Shutting down and abandoning module AddContentDialog (608)
[2020.03.03-17.54.18:575][973]LogModuleManager: Shutting down and abandoning module WidgetCarousel (607)
[2020.03.03-17.54.18:575][973]LogModuleManager: Shutting down and abandoning module EditorWidgets (604)
[2020.03.03-17.54.18:575][973]LogModuleManager: Shutting down and abandoning module CollectionManager (602)
[2020.03.03-17.54.18:575][973]LogModuleManager: Shutting down and abandoning module SceneOutliner (600)
[2020.03.03-17.54.18:576][973]LogModuleManager: Shutting down and abandoning module StatsViewer (598)
[2020.03.03-17.54.18:576][973]LogModuleManager: Shutting down and abandoning module FoliageEdit (596)
[2020.03.03-17.54.18:576][973]LogModuleManager: Shutting down and abandoning module LandscapeEditor (594)
[2020.03.03-17.54.18:576][973]LogModuleManager: Shutting down and abandoning module MeshPaintMode (592)
[2020.03.03-17.54.18:576][973]LogModuleManager: Shutting down and abandoning module SceneDepthPickerMode (590)
[2020.03.03-17.54.18:576][973]LogModuleManager: Shutting down and abandoning module ActorPickerMode (588)
[2020.03.03-17.54.18:576][973]LogModuleManager: Shutting down and abandoning module GeometryMode (586)
[2020.03.03-17.54.18:576][973]LogModuleManager: Shutting down and abandoning module TextureAlignMode (584)
[2020.03.03-17.54.18:576][973]LogModuleManager: Shutting down and abandoning module BspMode (582)
[2020.03.03-17.54.18:576][973]LogModuleManager: Shutting down and abandoning module PIEPreviewDeviceProfileSelector (580)
[2020.03.03-17.54.18:576][973]LogModuleManager: Shutting down and abandoning module SequenceRecorderSections (578)
[2020.03.03-17.54.18:576][973]LogModuleManager: Shutting down and abandoning module AutomationWorker (576)
[2020.03.03-17.54.18:576][973]LogModuleManager: Shutting down and abandoning module AudioCaptureEditor (574)
[2020.03.03-17.54.18:577][973]LogModuleManager: Shutting down and abandoning module SequenceRecorder (573)
[2020.03.03-17.54.18:577][973]LogModuleManager: Shutting down and abandoning module MatineeToLevelSequence (570)
[2020.03.03-17.54.18:577][973]LogModuleManager: Shutting down and abandoning module LevelSequenceEditor (568)
[2020.03.03-17.54.18:577][973]LogModuleManager: Shutting down and abandoning module PlacementMode (567)
[2020.03.03-17.54.18:577][973]LogModuleManager: Shutting down and abandoning module MaterialEditor (566)
[2020.03.03-17.54.18:577][973]LogModuleManager: Shutting down and abandoning module WmfMediaFactory (562)
[2020.03.03-17.54.18:578][973]LogModuleManager: Shutting down and abandoning module WmfMediaEditor (560)
[2020.03.03-17.54.18:578][973]LogModuleManager: Shutting down and abandoning module MediaPlayerEditor (558)
[2020.03.03-17.54.18:578][973]LogModuleManager: Shutting down and abandoning module OpenExrWrapper (556)
[2020.03.03-17.54.18:578][973]LogModuleManager: Shutting down and abandoning module ImgMediaFactory (554)
[2020.03.03-17.54.18:578][973]LogModuleManager: Shutting down and abandoning module ImgMediaEditor (552)
[2020.03.03-17.54.18:578][973]LogModuleManager: Shutting down and abandoning module AvfMediaFactory (550)
[2020.03.03-17.54.18:578][973]LogModuleManager: Shutting down and abandoning module AvfMediaEditor (548)
[2020.03.03-17.54.18:578][973]LogModuleManager: Shutting down and abandoning module AndroidMediaFactory (546)
[2020.03.03-17.54.18:578][973]LogModuleManager: Shutting down and abandoning module AndroidMediaEditor (544)
[2020.03.03-17.54.18:578][973]LogModuleManager: Shutting down and abandoning module MagicLeapCameraPreviewFactory (542)
[2020.03.03-17.54.18:578][973]LogModuleManager: Shutting down and abandoning module MagicLeapMediaFactory (540)
[2020.03.03-17.54.18:578][973]LogModuleManager: Shutting down and abandoning module MagicLeapMediaEditor (538)
[2020.03.03-17.54.18:578][973]LogModuleManager: Shutting down and abandoning module CharacterAI (536)
[2020.03.03-17.54.18:578][973]LogModuleManager: Shutting down and abandoning module SmartSnapping (534)
[2020.03.03-17.54.18:579][973]LogModuleManager: Shutting down and abandoning module SessionServices (532)
[2020.03.03-17.54.18:579][973]LogModuleManager: Shutting down and abandoning module ViewportSnapping (530)
[2020.03.03-17.54.18:579][973]LogModuleManager: Shutting down and abandoning module ViewportInteraction (528)
[2020.03.03-17.54.18:579][973]LogModuleManager: Shutting down and abandoning module ClothPainter (526)
[2020.03.03-17.54.18:579][973]LogModuleManager: Shutting down and abandoning module SkeletalMeshEditor (525)
[2020.03.03-17.54.18:579][973]LogModuleManager: Shutting down and abandoning module LogVisualizer (522)
[2020.03.03-17.54.18:579][973]LogModuleManager: Shutting down and abandoning module IntroTutorials (520)
[2020.03.03-17.54.18:579][973]LogModuleManager: Shutting down and abandoning module GameProjectGeneration (519)
[2020.03.03-17.54.18:579][973]LogModuleManager: Shutting down and abandoning module LuminPlatformEditor (516)
[2020.03.03-17.54.18:579][973]LogModuleManager: Shutting down and abandoning module IOSPlatformEditor (514)
[2020.03.03-17.54.18:579][973]LogModuleManager: Shutting down and abandoning module HTML5PlatformEditor (512)
[2020.03.03-17.54.18:580][973]LogModuleManager: Shutting down and abandoning module AndroidPlatformEditor (510)
[2020.03.03-17.54.18:580][973]LogModuleManager: Shutting down and abandoning module AndroidDeviceDetection (509)
[2020.03.03-17.54.19:463][973]LogModuleManager: Shutting down and abandoning module WindowsPlatformEditor (506)
[2020.03.03-17.54.19:463][973]LogModuleManager: Shutting down and abandoning module LuminRuntimeSettings (504)
[2020.03.03-17.54.19:463][973]LogModuleManager: Shutting down and abandoning module IOSRuntimeSettings (502)
[2020.03.03-17.54.19:463][973]LogModuleManager: Shutting down and abandoning module AndroidRuntimeSettings (500)
[2020.03.03-17.54.19:463][973]LogModuleManager: Shutting down and abandoning module InputBindingEditor (498)
[2020.03.03-17.54.19:463][973]LogModuleManager: Shutting down and abandoning module MergeActors (496)
[2020.03.03-17.54.19:463][973]LogModuleManager: Shutting down and abandoning module LocalizationDashboard (494)
[2020.03.03-17.54.19:463][973]LogModuleManager: Shutting down and abandoning module LocalizationService (493)
[2020.03.03-17.54.19:463][973]LogModuleManager: Shutting down and abandoning module HardwareTargeting (490)
[2020.03.03-17.54.19:463][973]LogModuleManager: Shutting down and abandoning module DeviceProfileEditor (488)
[2020.03.03-17.54.19:463][973]LogModuleManager: Shutting down and abandoning module UndoHistory (486)
[2020.03.03-17.54.19:463][973]LogModuleManager: Shutting down and abandoning module XmlParser (484)
[2020.03.03-17.54.19:463][973]LogModuleManager: Shutting down and abandoning module Blutility (482)
[2020.03.03-17.54.19:463][973]LogModuleManager: Shutting down and abandoning module ProjectSettingsViewer (480)
[2020.03.03-17.54.19:464][973]LogModuleManager: Shutting down and abandoning module ProjectTargetPlatformEditor (479)
[2020.03.03-17.54.19:464][973]LogModuleManager: Shutting down and abandoning module EditorSettingsViewer (476)
[2020.03.03-17.54.19:464][973]LogModuleManager: Shutting down and abandoning module SettingsEditor (474)
[2020.03.03-17.54.19:464][973]LogModuleManager: Shutting down and abandoning module ProjectLauncher (472)
[2020.03.03-17.54.19:464][973]LogModuleManager: Shutting down and abandoning module SessionFrontend (470)
[2020.03.03-17.54.19:464][973]LogModuleManager: Shutting down and abandoning module ProfilerClient (468)
[2020.03.03-17.54.19:464][973]LogModuleManager: Shutting down and abandoning module DeviceManager (466)
[2020.03.03-17.54.19:464][973]LogModuleManager: Shutting down and abandoning module TargetDeviceServices (465)
[2020.03.03-17.54.19:518][973]LogModuleManager: Shutting down and abandoning module AutomationController (462)
[2020.03.03-17.54.19:518][973]LogModuleManager: Shutting down and abandoning module AutomationWindow (460)
[2020.03.03-17.54.19:518][973]LogModuleManager: Shutting down and abandoning module Layers (458)
[2020.03.03-17.54.19:518][973]LogModuleManager: Shutting down and abandoning module ComponentVisualizers (456)
[2020.03.03-17.54.19:518][973]LogModuleManager: Shutting down and abandoning module DetailCustomizations (454)
[2020.03.03-17.54.19:518][973]LogModuleManager: Shutting down and abandoning module PackagesDialog (452)
[2020.03.03-17.54.19:518][973]LogModuleManager: Shutting down and abandoning module Persona (450)
[2020.03.03-17.54.19:518][973]LogModuleManager: Shutting down and abandoning module AdvancedPreviewScene (449)
[2020.03.03-17.54.19:518][973]LogModuleManager: Shutting down and abandoning module AnimGraph (447)
[2020.03.03-17.54.19:518][973]LogModuleManager: Shutting down and abandoning module Kismet (444)
[2020.03.03-17.54.19:524][973]LogModuleManager: Shutting down and abandoning module GraphEditor (442)
[2020.03.03-17.54.19:524][973]LogModuleManager: Shutting down and abandoning module ClassViewer (440)
[2020.03.03-17.54.19:524][973]LogModuleManager: Shutting down and abandoning module Toolbox (438)
[2020.03.03-17.54.19:524][973]LogModuleManager: Shutting down and abandoning module ModuleUI (436)
[2020.03.03-17.54.19:524][973]LogModuleManager: Shutting down and abandoning module MovieSceneTools (434)
[2020.03.03-17.54.19:524][973]LogModuleManager: Shutting down and abandoning module OutputLog (432)
[2020.03.03-17.54.19:525][973]LogModuleManager: Shutting down and abandoning module GammaUI (430)
[2020.03.03-17.54.19:525][973]LogModuleManager: Shutting down and abandoning module Documentation (428)
[2020.03.03-17.54.19:525][973]LogModuleManager: Shutting down and abandoning module MovieSceneTracks (426)
[2020.03.03-17.54.19:525][973]LogModuleManager: Shutting down and abandoning module MovieScene (424)
[2020.03.03-17.54.19:525][973]LogModuleManager: Shutting down and abandoning module StreamingPauseRendering (422)
[2020.03.03-17.54.19:525][973]LogModuleManager: Shutting down and abandoning module LauncherPlatform (420)
[2020.03.03-17.54.19:525][973]LogModuleManager: Shutting down and abandoning module AnalyticsET (418)
[2020.03.03-17.54.19:525][973]LogModuleManager: Shutting down and abandoning module PortalServices (416)
[2020.03.03-17.54.19:525][973]LogModuleManager: Shutting down and abandoning module PortalRpc (414)
[2020.03.03-17.54.19:525][973]LogModuleManager: Shutting down and abandoning module MessagingRpc (412)
[2020.03.03-17.54.19:525][973]LogModuleManager: Shutting down and abandoning module AIModule (410)
[2020.03.03-17.54.19:525][973]LogModuleManager: Shutting down and abandoning module GameplayDebugger (409)
[2020.03.03-17.54.19:525][973]LogModuleManager: Shutting down and abandoning module AITestSuite (407)
[2020.03.03-17.54.19:525][973]LogModuleManager: Shutting down and abandoning module NavigationSystem (405)
[2020.03.03-17.54.19:525][973]LogModuleManager: Shutting down and abandoning module DesktopPlatform (402)
[2020.03.03-17.54.19:525][973]LogModuleManager: Shutting down and abandoning module ProfilerService (400)
[2020.03.03-17.54.19:647][973]LogModuleManager: Shutting down and abandoning module TaskGraph (398)
[2020.03.03-17.54.19:647][973]LogModuleManager: Shutting down and abandoning module SteamVRController (396)
[2020.03.03-17.54.19:647][973]LogModuleManager: Shutting down and abandoning module ProceduralMeshComponentEditor (394)
[2020.03.03-17.54.19:647][973]LogModuleManager: Shutting down and abandoning module ProceduralMeshComponent (392)
[2020.03.03-17.54.19:647][973]LogModuleManager: Shutting down and abandoning module OculusInput (390)
[2020.03.03-17.54.19:647][973]LogModuleManager: Shutting down and abandoning module MobilePatchingUtils (388)
[2020.03.03-17.54.19:648][973]LogModuleManager: Shutting down and abandoning module EditableMesh (386)
[2020.03.03-17.54.19:648][973]LogModuleManager: Shutting down and abandoning module CustomMeshComponent (384)
[2020.03.03-17.54.19:648][973]LogModuleManager: Shutting down and abandoning module CableComponent (382)
[2020.03.03-17.54.19:648][973]LogModuleManager: Shutting down and abandoning module AudioCapture (380)
[2020.03.03-17.54.19:648][973]LogModuleManager: Shutting down and abandoning module ArchVisCharacter (378)
[2020.03.03-17.54.19:648][973]LogModuleManager: Shutting down and abandoning module AndroidPermission (376)
[2020.03.03-17.54.19:648][973]LogModuleManager: Shutting down and abandoning module NUTUnrealEngine4 (374)
[2020.03.03-17.54.19:648][973]LogModuleManager: Shutting down and abandoning module NetcodeUnitTest (372)
[2020.03.03-17.54.19:648][973]LogModuleManager: Shutting down and abandoning module MediaCompositingEditor (370)
[2020.03.03-17.54.19:648][973]LogModuleManager: Shutting down and abandoning module MediaCompositing (368)
[2020.03.03-17.54.19:648][973]LogModuleManager: Shutting down and abandoning module LinearTimecode (366)
[2020.03.03-17.54.19:648][973]LogModuleManager: Shutting down and abandoning module ImgMedia (364)
[2020.03.03-17.54.19:660][973]LogModuleManager: Shutting down and abandoning module HTML5Networking (362)
[2020.03.03-17.54.19:660][973]LogModuleManager: Shutting down and abandoning module GeometryCacheTracks (360)
[2020.03.03-17.54.19:660][973]LogModuleManager: Shutting down and abandoning module GeometryCacheSequencer (358)
[2020.03.03-17.54.19:660][973]LogModuleManager: Shutting down and abandoning module BackChannel (356)
[2020.03.03-17.54.19:660][973]LogModuleManager: Shutting down and abandoning module AppleVision (354)
[2020.03.03-17.54.19:660][973]LogModuleManager: Shutting down and abandoning module AppleImageUtils (352)
[2020.03.03-17.54.19:660][973]LogModuleManager: Shutting down and abandoning module AlembicImporter (350)
[2020.03.03-17.54.19:660][973]LogModuleManager: Shutting down and abandoning module AlembicLibrary (349)
[2020.03.03-17.54.19:660][973]LogModuleManager: Shutting down and abandoning module GeometryCache (348)
[2020.03.03-17.54.19:660][973]LogModuleManager: Shutting down and abandoning module GeometryCacheEd (347)
[2020.03.03-17.54.19:660][973]LogModuleManager: Shutting down and abandoning module DatasmithContentEditor (342)
[2020.03.03-17.54.19:660][973]LogModuleManager: Shutting down and abandoning module DatasmithContent (340)
[2020.03.03-17.54.19:661][973]LogModuleManager: Shutting down and abandoning module SpeedTreeImporter (338)
[2020.03.03-17.54.19:661][973]LogModuleManager: Shutting down and abandoning module PluginBrowser (336)
[2020.03.03-17.54.19:661][973]LogModuleManager: Shutting down and abandoning module MobileLauncherProfileWizard (334)
[2020.03.03-17.54.19:661][973]LogModuleManager: Shutting down and abandoning module PolygonModeling (332)
[2020.03.03-17.54.19:661][973]LogModuleManager: Shutting down and abandoning module MeshEditor (330)
[2020.03.03-17.54.19:661][973]LogModuleManager: Shutting down and abandoning module CryptoKeysOpenSSL (328)
[2020.03.03-17.54.19:661][973]LogModuleManager: Shutting down and abandoning module CryptoKeys (326)
[2020.03.03-17.54.19:661][973]LogModuleManager: Shutting down and abandoning module VisualStudioSourceCodeAccess (324)
[2020.03.03-17.54.19:661][973]LogModuleManager: Shutting down and abandoning module VisualStudioCodeSourceCodeAccess (322)
[2020.03.03-17.54.19:661][973]LogModuleManager: Shutting down and abandoning module UObjectPlugin (320)
[2020.03.03-17.54.19:661][973]LogModuleManager: Shutting down and abandoning module SubversionSourceControl (318)
[2020.03.03-17.54.19:661][973]LogModuleManager: Shutting down and abandoning module PerforceSourceControl (316)
[2020.03.03-17.54.19:661][973]LogModuleManager: Shutting down and abandoning module GitSourceControl (314)
[2020.03.03-17.54.19:661][973]LogModuleManager: Shutting down and abandoning module SourceControl (313)
[2020.03.03-17.54.19:662][973]LogModuleManager: Shutting down and abandoning module CLionSourceCodeAccess (310)
[2020.03.03-17.54.19:662][973]LogModuleManager: Shutting down and abandoning module LightPropagationVolumeEditor (308)
[2020.03.03-17.54.19:662][973]LogModuleManager: Shutting down and abandoning module PaperTiledImporter (306)
[2020.03.03-17.54.19:662][973]LogModuleManager: Shutting down and abandoning module PaperSpriteSheetImporter (304)
[2020.03.03-17.54.19:662][973]LogModuleManager: Shutting down and abandoning module Paper2DEditor (302)
[2020.03.03-17.54.19:662][973]LogModuleManager: Shutting down and abandoning module MeshPaint (301)
[2020.03.03-17.54.19:662][973]LogModuleManager: Shutting down and abandoning module RuntimePhysXCooking (298)
[2020.03.03-17.54.19:662][973]LogModuleManager: Shutting down and abandoning module PhysXVehiclesEditor (296)
[2020.03.03-17.54.19:662][973]LogModuleManager: Shutting down and abandoning module PhysXVehicles (294)
[2020.03.03-17.54.19:662][973]LogModuleManager: Shutting down and abandoning module OculusEditor (292)
[2020.03.03-17.54.19:662][973]LogModuleManager: Shutting down and abandoning module LocationServicesBPLibrary (290)
[2020.03.03-17.54.19:662][973]LogModuleManager: Shutting down and abandoning module ImmediatePhysicsEditor (288)
[2020.03.03-17.54.19:662][973]LogModuleManager: Shutting down and abandoning module ImmediatePhysics (286)
[2020.03.03-17.54.19:662][973]LogModuleManager: Shutting down and abandoning module ActorSequence (284)
[2020.03.03-17.54.19:662][973]LogModuleManager: Shutting down and abandoning module UdpMessaging (282)
[2020.03.03-17.54.19:763][973]LogModuleManager: Shutting down and abandoning module TcpMessaging (280)
[2020.03.03-17.54.19:863][973]LogModuleManager: Shutting down and abandoning module MagicLeapAudio (278)
[2020.03.03-17.54.19:863][973]LogModuleManager: Shutting down and abandoning module GameplayTagsEditor (276)
[2020.03.03-17.54.19:863][973]LogModuleManager: Shutting down and abandoning module FacialAnimationEditor (274)
[2020.03.03-17.54.19:863][973]LogModuleManager: Shutting down and abandoning module FacialAnimation (272)
[2020.03.03-17.54.19:863][973]LogModuleManager: Shutting down and abandoning module DataValidation (270)
[2020.03.03-17.54.19:863][973]LogModuleManager: Shutting down and abandoning module AssetManagerEditor (268)
[2020.03.03-17.54.19:863][973]LogModuleManager: Shutting down and abandoning module LevelEditor (267)
[2020.03.03-17.54.19:866][973]LogModuleManager: Shutting down and abandoning module PixelInspectorModule (266)
[2020.03.03-17.54.19:866][973]LogModuleManager: Shutting down and abandoning module CommonMenuExtensions (264)
[2020.03.03-17.54.19:867][973]LogModuleManager: Shutting down and abandoning module MainFrame (262)
[2020.03.03-17.54.19:867][973]LogModuleManager: Shutting down and abandoning module HotReload (261)
[2020.03.03-17.54.19:868][973]LogModuleManager: Shutting down and abandoning module ContentBrowser (257)
[2020.03.03-17.54.19:872][973]LogModuleManager: Shutting down and abandoning module TreeMap (255)
[2020.03.03-17.54.19:872][973]LogModuleManager: Shutting down and abandoning module LightPropagationVolumeRuntime (252)
[2020.03.03-17.54.19:872][973]LogModuleManager: Shutting down and abandoning module AISupportModule (250)
[2020.03.03-17.54.19:872][973]LogModuleManager: Shutting down and abandoning module Paper2D (248)
[2020.03.03-17.54.19:872][973]LogModuleManager: Shutting down and abandoning module WindowsMoviePlayer (246)
[2020.03.03-17.54.19:872][973]LogModuleManager: Shutting down and abandoning module WmfMedia (244)
[2020.03.03-17.54.19:876][973]LogModuleManager: Shutting down and abandoning module Media (243)
[2020.03.03-17.54.19:883][973]LogModuleManager: Shutting down and abandoning module PacketHandler (240)
[2020.03.03-17.54.19:883][973]LogModuleManager: Shutting down and abandoning module ClothingSystemEditor (238)
[2020.03.03-17.54.19:883][973]LogModuleManager: Shutting down and abandoning module ClothingSystemRuntime (236)
[2020.03.03-17.54.19:884][973]LogModuleManager: Shutting down and abandoning module MediaAssets (234)
[2020.03.03-17.54.19:884][973]LogModuleManager: Shutting down and abandoning module Overlay (232)
[2020.03.03-17.54.19:884][973]LogModuleManager: Shutting down and abandoning module OverlayEditor (231)
[2020.03.03-17.54.19:884][973]LogModuleManager: Shutting down and abandoning module VREditor (228)
[2020.03.03-17.54.19:884][973]LogModuleManager: Shutting down and abandoning module StringTableEditor (226)
[2020.03.03-17.54.19:884][973]LogModuleManager: Shutting down and abandoning module GameplayTasksEditor (224)
[2020.03.03-17.54.19:884][973]LogModuleManager: Shutting down and abandoning module BehaviorTreeEditor (222)
[2020.03.03-17.54.19:884][973]LogModuleManager: Shutting down and abandoning module FunctionalTesting (220)
[2020.03.03-17.54.19:884][973]LogModuleManager: Shutting down and abandoning module CollisionAnalyzer (218)
[2020.03.03-17.54.19:884][973]LogModuleManager: Shutting down and abandoning module WorkspaceMenuStructure (217)
[2020.03.03-17.54.19:884][973]LogModuleManager: Shutting down and abandoning module UMG (214)
[2020.03.03-17.54.19:885][973]LogModuleManager: Shutting down and abandoning module UMGEditor (213)
[2020.03.03-17.54.19:885][973]LogModuleManager: Shutting down and abandoning module Sequencer (212)
[2020.03.03-17.54.19:885][973]LogModuleManager: Shutting down and abandoning module MessageLog (209)
[2020.03.03-17.54.19:885][973]LogModuleManager: Shutting down and abandoning module SlateReflector (204)
[2020.03.03-17.54.19:885][973]LogModuleManager: Shutting down and abandoning module Slate (202)
[2020.03.03-17.54.19:885][973]LogModuleManager: Shutting down and abandoning module EditorStyle (200)
[2020.03.03-17.54.19:891][973]LogModuleManager: Shutting down and abandoning module MRMesh (198)
[2020.03.03-17.54.19:891][973]LogModuleManager: Shutting down and abandoning module SourceCodeAccess (196)
[2020.03.03-17.54.19:891][973]LogModuleManager: Shutting down and abandoning module HeadMountedDisplay (194)
[2020.03.03-17.54.19:892][973]LogModuleManager: Shutting down and abandoning module XAudio2 (192)
[2020.03.03-17.54.19:892][973]LogModuleManager: Shutting down and abandoning module Networking (190)
[2020.03.03-17.54.19:892][973]LogModuleManager: Shutting down and abandoning module Core (188)
[2020.03.03-17.54.19:892][973]LogModuleManager: Shutting down and abandoning module LevelSequence (186)
[2020.03.03-17.54.19:892][973]LogModuleManager: Shutting down and abandoning module KismetCompiler (184)
[2020.03.03-17.54.19:892][973]LogModuleManager: Shutting down and abandoning module MeshUtilities (182)
[2020.03.03-17.54.19:892][973]LogModuleManager: Shutting down and abandoning module MeshMergeUtilities (181)
[2020.03.03-17.54.19:892][973]LogModuleManager: Shutting down and abandoning module MeshReductionInterface (180)
[2020.03.03-17.54.19:892][973]LogModuleManager: Shutting down and abandoning module SimplygonSwarm (179)
[2020.03.03-17.54.19:892][973]LogModuleManager: Shutting down and abandoning module ProxyLODMeshReduction (177)
[2020.03.03-17.54.19:892][973]LogModuleManager: Shutting down and abandoning module SimplygonMeshReduction (175)
[2020.03.03-17.54.19:892][973]LogModuleManager: Shutting down and abandoning module QuadricMeshReduction (173)
[2020.03.03-17.54.19:893][973]LogModuleManager: Shutting down and abandoning module MaterialBaking (169)
[2020.03.03-17.54.19:893][973]LogModuleManager: Shutting down and abandoning module DirectoryWatcher (165)
[2020.03.03-17.54.19:893][973]LogModuleManager: Shutting down and abandoning module DerivedDataCache (162)
[2020.03.03-17.54.19:959][973]LogDerivedDataCache: Shutdown
[2020.03.03-17.54.19:959][973]LogModuleManager: Shutting down and abandoning module XGEController (160)
[2020.03.03-17.54.19:959][973]LogModuleManager: Shutting down and abandoning module TargetPlatform (158)
[2020.03.03-17.54.19:959][973]LogModuleManager: Shutting down and abandoning module VulkanShaderFormat (157)
[2020.03.03-17.54.19:959][973]LogModuleManager: Shutting down and abandoning module ShaderFormatVectorVM (155)
[2020.03.03-17.54.19:959][973]LogModuleManager: Shutting down and abandoning module ShaderFormatOpenGL (153)
[2020.03.03-17.54.19:959][973]LogModuleManager: Shutting down and abandoning module ShaderFormatD3D (151)
[2020.03.03-17.54.19:959][973]LogModuleManager: Shutting down and abandoning module MetalShaderFormat (149)
[2020.03.03-17.54.19:959][973]LogModuleManager: Shutting down and abandoning module TextureFormatUncompressed (147)
[2020.03.03-17.54.19:959][973]LogModuleManager: Shutting down and abandoning module TextureFormatPVR (145)
[2020.03.03-17.54.19:959][973]LogModuleManager: Shutting down and abandoning module TextureFormatDXT (143)
[2020.03.03-17.54.19:959][973]LogModuleManager: Shutting down and abandoning module TextureFormatIntelISPCTexComp (141)
[2020.03.03-17.54.19:959][973]LogModuleManager: Shutting down and abandoning module TextureFormatASTC (139)
[2020.03.03-17.54.19:960][973]LogModuleManager: Shutting down and abandoning module ImageWrapper (138)
[2020.03.03-17.54.19:960][973]LogModuleManager: Shutting down and abandoning module TextureFormatAndroid (135)
[2020.03.03-17.54.19:960][973]LogModuleManager: Shutting down and abandoning module AudioFormatOpus (133)
[2020.03.03-17.54.19:960][973]LogModuleManager: Shutting down and abandoning module AudioFormatOgg (131)
[2020.03.03-17.54.19:960][973]LogModuleManager: Shutting down and abandoning module AudioFormatADPCM (129)
[2020.03.03-17.54.19:960][973]LogModuleManager: Shutting down and abandoning module LuminTargetPlatform (127)
[2020.03.03-17.54.19:960][973]LogModuleManager: Shutting down and abandoning module LinuxTargetPlatform (125)
[2020.03.03-17.54.19:960][973]LogModuleManager: Shutting down and abandoning module LinuxServerTargetPlatform (123)
[2020.03.03-17.54.19:960][973]LogModuleManager: Shutting down and abandoning module LinuxNoEditorTargetPlatform (121)
[2020.03.03-17.54.19:960][973]LogModuleManager: Shutting down and abandoning module LinuxClientTargetPlatform (119)
[2020.03.03-17.54.19:960][973]LogModuleManager: Shutting down and abandoning module TVOSTargetPlatform (117)
[2020.03.03-17.54.19:967][973]LogModuleManager: Shutting down and abandoning module Messaging (115)
[2020.03.03-17.54.19:967][973]LogModuleManager: Shutting down and abandoning module IOSTargetPlatform (113)
[2020.03.03-17.54.19:972][973]LogModuleManager: Shutting down and abandoning module HTML5TargetPlatform (111)
[2020.03.03-17.54.19:973][973]LogModuleManager: Shutting down and abandoning module AndroidTargetPlatform (109)
[2020.03.03-17.54.20:001][973]LogModuleManager: Shutting down and abandoning module WindowsTargetPlatform (107)
[2020.03.03-17.54.20:001][973]LogModuleManager: Shutting down and abandoning module WindowsServerTargetPlatform (105)
[2020.03.03-17.54.20:001][973]LogModuleManager: Shutting down and abandoning module WindowsNoEditorTargetPlatform (103)
[2020.03.03-17.54.20:001][973]LogModuleManager: Shutting down and abandoning module WindowsClientTargetPlatform (101)
[2020.03.03-17.54.20:001][973]LogModuleManager: Shutting down and abandoning module MacTargetPlatform (99)
[2020.03.03-17.54.20:001][973]LogModuleManager: Shutting down and abandoning module MacServerTargetPlatform (97)
[2020.03.03-17.54.20:001][973]LogModuleManager: Shutting down and abandoning module MacNoEditorTargetPlatform (95)
[2020.03.03-17.54.20:001][973]LogModuleManager: Shutting down and abandoning module MacClientTargetPlatform (93)
[2020.03.03-17.54.20:002][973]LogModuleManager: Shutting down and abandoning module AllDesktopTargetPlatform (91)
[2020.03.03-17.54.20:002][973]LogModuleManager: Shutting down and abandoning module InputCore (88)
[2020.03.03-17.54.20:002][973]LogModuleManager: Shutting down and abandoning module Settings (86)
[2020.03.03-17.54.20:002][973]LogModuleManager: Shutting down and abandoning module PhysXCooking (84)
[2020.03.03-17.54.20:002][973]LogModuleManager: Shutting down and abandoning module SteamVR (82)
[2020.03.03-17.54.20:002][973]LogModuleManager: Shutting down and abandoning module OculusHMD (80)
[2020.03.03-17.54.20:002][973]LogModuleManager: Shutting down and abandoning module ExampleDeviceProfileSelector (78)
[2020.03.03-17.54.20:002][973]LogModuleManager: Shutting down and abandoning module LauncherChunkInstaller (76)
[2020.03.03-17.54.20:002][973]LogModuleManager: Shutting down and abandoning module OnlineBlueprintSupport (74)
[2020.03.03-17.54.20:002][973]LogModuleManager: Shutting down and abandoning module OnlineSubsystem (70)
[2020.03.03-17.54.20:003][973]LogModuleManager: Shutting down and abandoning module XMPP (65)
[2020.03.03-17.54.20:003][973]LogModuleManager: Shutting down and abandoning module WebSockets (64)
[2020.03.03-17.54.20:007][973]LogModuleManager: Shutting down and abandoning module HTTP (61)
[2020.03.03-17.54.20:007][973]LogHttp: Display: Http module shutting down, but needs to wait on 1 outstanding Http requests:
[2020.03.03-17.54.20:007][973]LogHttp: Display: 	verb=[POST] url=[https://datarouter.ol.epicgames.com/datarouter/api/v1/public/data?SessionID=%7BEE708E56-4506-BEDE-F649-9BB44DD02F56%7D&AppID=UEEditor.Rocket.Release&AppVersion=4.20.3-4369336%2B%2B%2BUE4%2BRelease-4.20&UserID=690fa309472e4f0b8e580bb882b3695f%7Ca945e6a91e9e4c7688433fa9731885df%7C71bf6c6d-b959-40ab-b61c-422ecceb12e5&AppEnvironment=datacollector-binary&UploadType=eteventstream] status=Processing
[2020.03.03-17.54.20:012][973]LogModuleManager: Shutting down and abandoning module SSL (60)
[2020.03.03-17.54.20:013][973]LogModuleManager: Shutting down and abandoning module MagicLeapEmulator (56)
[2020.03.03-17.54.20:013][973]LogModuleManager: Shutting down and abandoning module MagicLeapPrivileges (54)
[2020.03.03-17.54.20:013][973]LogModuleManager: Shutting down and abandoning module MagicLeapIdentity (52)
[2020.03.03-17.54.20:013][973]LogModuleManager: Shutting down and abandoning module MagicLeapHelperVulkan (50)
[2020.03.03-17.54.20:013][973]LogModuleManager: Shutting down and abandoning module MagicLeapHelperOpenGL (48)
[2020.03.03-17.54.20:013][973]LogModuleManager: Shutting down and abandoning module MagicLeapSecureStorage (46)
[2020.03.03-17.54.20:013][973]LogModuleManager: Shutting down and abandoning module MagicLeapGestures (44)
[2020.03.03-17.54.20:013][973]LogModuleManager: Shutting down and abandoning module MagicLeapEyeTracker (42)
[2020.03.03-17.54.20:013][973]LogModuleManager: Shutting down and abandoning module MagicLeapController (40)
[2020.03.03-17.54.20:014][973]LogSlate: Slate User Destroyed.  User Index 0, Is Virtual User: 0
[2020.03.03-17.54.20:014][973]LogModuleManager: Shutting down and abandoning module MagicLeap (38)
[2020.03.03-17.54.20:014][973]LogModuleManager: Shutting down and abandoning module AnimationModifiers (36)
[2020.03.03-17.54.20:014][973]LogModuleManager: Shutting down and abandoning module PropertyEditor (35)
[2020.03.03-17.54.20:014][973]LogModuleManager: Shutting down and abandoning module AudioEditor (32)
[2020.03.03-17.54.20:014][973]LogModuleManager: Shutting down and abandoning module TextureCompressor (30)
[2020.03.03-17.54.20:014][973]LogModuleManager: Shutting down and abandoning module ShaderCore (28)
[2020.03.03-17.54.20:014][973]LogModuleManager: Shutting down and abandoning module Landscape (26)
[2020.03.03-17.54.20:014][973]LogModuleManager: Shutting down and abandoning module SlateRHIRenderer (24)
[2020.03.03-17.54.20:015][973]LogModuleManager: Shutting down and abandoning module OpenGLDrv (22)
[2020.03.03-17.54.20:015][973]LogModuleManager: Shutting down and abandoning module D3D11RHI (20)
[2020.03.03-17.54.20:015][973]LogModuleManager: Shutting down and abandoning module AnimGraphRuntime (18)
[2020.03.03-17.54.20:015][973]LogModuleManager: Shutting down and abandoning module Renderer (16)
[2020.03.03-17.54.20:015][973]LogModuleManager: Shutting down and abandoning module Engine (14)
[2020.03.03-17.54.20:015][973]LogModuleManager: Shutting down and abandoning module CoreUObject (12)
[2020.03.03-17.54.20:015][973]LogModuleManager: Shutting down and abandoning module NetworkFile (10)
[2020.03.03-17.54.20:015][973]LogModuleManager: Shutting down and abandoning module CookedIterativeFile (8)
[2020.03.03-17.54.20:016][973]LogModuleManager: Shutting down and abandoning module StreamingFile (6)
[2020.03.03-17.54.20:016][973]LogModuleManager: Shutting down and abandoning module SandboxFile (4)
[2020.03.03-17.54.20:016][973]LogModuleManager: Shutting down and abandoning module PakFile (2)
[2020.03.03-17.54.20:022][973]LogExit: Exiting.
[2020.03.03-17.54.20:026][973]Log file closed, 03/03/20 18:54:20
