Log file open, 01/23/20 12:52:06
LogWindows: Failed to load 'aqProf.dll' (GetLastError=126)
LogWindows: File 'aqProf.dll' does not exist
LogWindows: Failed to load 'VSPerf140.dll' (GetLastError=126)
LogWindows: File 'VSPerf140.dll' does not exist
LogWindows: Failed to load 'VtuneApi.dll' (GetLastError=126)
LogWindows: File 'VtuneApi.dll' does not exist
LogWindows: Failed to load 'VtuneApi32e.dll' (GetLastError=126)
LogWindows: File 'VtuneApi32e.dll' does not exist
LogInit: Display: Running engine for game: AleksandraPiasecka
LogPlatformFile: Not using cached read wrapper
LogTaskGraph: Started task graph with 5 named threads and 14 total threads with 3 sets of task threads.
LogStats: Stats thread started at 3.768894
LogD3D11RHI: Loaded GFSDK_Aftermath_Lib.x64.dll
LogICUInternationalization: Display: ICU TimeZone Detection - Raw Offset: +1:00, Platform Override: ''
LogPluginManager: Mounting plugin Paper2D
LogPluginManager: Mounting plugin AISupport
LogPluginManager: Mounting plugin LightPropagationVolume
LogPluginManager: Mounting plugin CLionSourceCodeAccess
LogPluginManager: Mounting plugin CodeLiteSourceCodeAccess
LogPluginManager: Mounting plugin GitSourceControl
LogPluginManager: Mounting plugin KDevelopSourceCodeAccess
LogPluginManager: Mounting plugin NullSourceCodeAccess
LogPluginManager: Mounting plugin PerforceSourceControl
LogPluginManager: Mounting plugin SubversionSourceControl
LogPluginManager: Mounting plugin UObjectPlugin
LogPluginManager: Mounting plugin VisualStudioCodeSourceCodeAccess
LogPluginManager: Mounting plugin VisualStudioSourceCodeAccess
LogPluginManager: Mounting plugin XCodeSourceCodeAccess
LogPluginManager: Mounting plugin AssetManagerEditor
LogPluginManager: Mounting plugin CryptoKeys
LogPluginManager: Mounting plugin DataValidation
LogPluginManager: Mounting plugin FacialAnimation
LogPluginManager: Mounting plugin GameplayTagsEditor
LogPluginManager: Mounting plugin MacGraphicsSwitching
LogPluginManager: Mounting plugin MeshEditor
LogPluginManager: Mounting plugin MobileLauncherProfileWizard
LogPluginManager: Mounting plugin PluginBrowser
LogPluginManager: Mounting plugin SpeedTreeImporter
LogPluginManager: Mounting plugin DatasmithContent
LogPluginManager: Mounting plugin AlembicImporter
LogPluginManager: Mounting plugin AppleImageUtils
LogPluginManager: Mounting plugin AppleVision
LogPluginManager: Mounting plugin BackChannel
LogPluginManager: Mounting plugin CharacterAI
LogPluginManager: Mounting plugin GeometryCache
LogPluginManager: Mounting plugin HTML5Networking
LogPluginManager: Mounting plugin ProxyLODPlugin
LogPluginManager: Mounting plugin MagicLeap
LogPluginManager: Mounting plugin MagicLeapEmulator
LogPluginManager: Mounting plugin MagicLeapMedia
LogPluginManager: Mounting plugin AndroidMedia
LogPluginManager: Mounting plugin AvfMedia
LogPluginManager: Mounting plugin ImgMedia
LogPluginManager: Mounting plugin LinearTimecode
LogPluginManager: Mounting plugin MediaCompositing
LogPluginManager: Mounting plugin MediaPlayerEditor
LogPluginManager: Mounting plugin WmfMedia
LogPluginManager: Mounting plugin TcpMessaging
LogPluginManager: Mounting plugin UdpMessaging
LogPluginManager: Mounting plugin ActorSequence
LogPluginManager: Mounting plugin LevelSequenceEditor
LogPluginManager: Mounting plugin MatineeToLevelSequence
LogPluginManager: Mounting plugin NetcodeUnitTest
LogPluginManager: Mounting plugin NUTUnrealEngine4
LogPluginManager: Mounting plugin OnlineSubsystemGooglePlay
LogPluginManager: Mounting plugin OnlineSubsystemIOS
LogPluginManager: Mounting plugin OnlineSubsystem
LogPluginManager: Mounting plugin OnlineSubsystemNull
LogPluginManager: Mounting plugin OnlineSubsystemUtils
LogPluginManager: Mounting plugin LauncherChunkInstaller
LogPluginManager: Mounting plugin AndroidDeviceProfileSelector
LogPluginManager: Mounting plugin AndroidMoviePlayer
LogPluginManager: Mounting plugin AndroidPermission
LogPluginManager: Mounting plugin AppleMoviePlayer
LogPluginManager: Mounting plugin ArchVisCharacter
LogPluginManager: Mounting plugin AudioCapture
LogPluginManager: Mounting plugin CableComponent
LogPluginManager: Mounting plugin CustomMeshComponent
LogPluginManager: Mounting plugin EditableMesh
LogPluginManager: Mounting plugin ExampleDeviceProfileSelector
LogPluginManager: Mounting plugin GoogleCloudMessaging
LogPluginManager: Mounting plugin ImmediatePhysics
LogPluginManager: Mounting plugin IOSDeviceProfileSelector
LogPluginManager: Mounting plugin LinuxDeviceProfileSelector
LogPluginManager: Mounting plugin LocationServicesBPLibrary
LogPluginManager: Mounting plugin MobilePatchingUtils
LogPluginManager: Mounting plugin OculusVR
LogPluginManager: Plugin shader directory ../../../Engine/Plugins/Runtime/Oculus/OculusVR/Shaders found
LogPluginManager: Mapping shader source directory ../../../Engine/Plugins/Runtime/Oculus/OculusVR/Shaders to virtual directory /Plugin/OculusVR
LogPluginManager: Mounting plugin PhysXVehicles
LogPluginManager: Mounting plugin ProceduralMeshComponent
LogPluginManager: Mounting plugin RuntimePhysXCooking
LogPluginManager: Mounting plugin SteamVR
LogPluginManager: Mounting plugin WindowsMoviePlayer
LogStreaming: Display: Took  0.289s to configure plugins.
LogInit: Using libcurl 7.55.1-DEV
LogInit:  - built for x86_64-pc-win32
LogInit:  - supports SSL with OpenSSL/1.0.2h
LogInit:  - supports HTTP deflate (compression) using libz 1.2.8
LogInit:  - other features:
LogInit:      CURL_VERSION_SSL
LogInit:      CURL_VERSION_LIBZ
LogInit:      CURL_VERSION_IPV6
LogInit:      CURL_VERSION_ASYNCHDNS
LogInit:      CURL_VERSION_LARGEFILE
LogInit:      CURL_VERSION_IDN
LogInit:  CurlRequestOptions (configurable via config and command line):
LogInit:  - bVerifyPeer = false  - Libcurl will NOT verify peer certificate
LogInit:  - bUseHttpProxy = false  - Libcurl will NOT use HTTP proxy
LogInit:  - bDontReuseConnections = false  - Libcurl will reuse connections
LogInit:  - CertBundlePath = nullptr  - Libcurl will use whatever was configured at build time.
LogInit:  - MaxHostConnections = 16  - Libcurl will limit the number of connections to a host
LogInit:  - LocalHostAddr = Default
LogInit:  - BufferSize = 65536
LogInit: WinSock: version 1.1 (2.2), MaxSocks=32767, MaxUdp=65467
LogInit: Build: ++UE4+Release-4.20-CL-4369336
LogInit: Engine Version: 4.20.3-4369336+++UE4+Release-4.20
LogInit: Compatible Engine Version: 4.20.0-4212847+++UE4+Release-4.20
LogInit: Net CL: 4212847
LogInit: OS: Windows 10 (), CPU: Intel(R) Core(TM) i5-7300HQ CPU @ 2.50GHz, GPU: Intel(R) HD Graphics 630
LogInit: Compiled (64-bit): Sep 17 2018 12:26:19
LogInit: Compiled with Visual C++: 19.13.26129.00
LogInit: Build Configuration: Development
LogInit: Branch Name: ++UE4+Release-4.20
LogInit: Command Line:  
LogInit: Base Directory: E:/Program Files/UE_4.20/Engine/Binaries/Win64/
LogInit: Installed Engine Build: 1
LogDevObjectVersion: Number of dev versions registered: 20
LogDevObjectVersion:   Dev-Blueprints (B0D832E4-1F89-4F0D-ACCF-7EB736FD4AA2): 10
LogDevObjectVersion:   Dev-Build (E1C64328-A22C-4D53-A36C-8E866417BD8C): 0
LogDevObjectVersion:   Dev-Core (375EC13C-06E4-48FB-B500-84F0262A717E): 2
LogDevObjectVersion:   Dev-Editor (E4B068ED-F494-42E9-A231-DA0B2E46BB41): 24
LogDevObjectVersion:   Dev-Framework (CFFC743F-43B0-4480-9391-14DF171D2073): 34
LogDevObjectVersion:   Dev-Mobile (B02B49B5-BB20-44E9-A304-32B752E40360): 2
LogDevObjectVersion:   Dev-Networking (A4E4105C-59A1-49B5-A7C5-40C4547EDFEE): 0
LogDevObjectVersion:   Dev-Online (39C831C9-5AE6-47DC-9A44-9C173E1C8E7C): 0
LogDevObjectVersion:   Dev-Physics (78F01B33-EBEA-4F98-B9B4-84EACCB95AA2): 0
LogDevObjectVersion:   Dev-Platform (6631380F-2D4D-43E0-8009-CF276956A95A): 0
LogDevObjectVersion:   Dev-Rendering (12F88B9F-8875-4AFC-A67C-D90C383ABD29): 26
LogDevObjectVersion:   Dev-Sequencer (7B5AE74C-D270-4C10-A958-57980B212A5A): 9
LogDevObjectVersion:   Dev-VR (D7296918-1DD6-4BDD-9DE2-64A83CC13884): 2
LogDevObjectVersion:   Dev-LoadTimes (C2A15278-BFE7-4AFE-6C17-90FF531DF755): 1
LogDevObjectVersion:   Private-Geometry (6EACA3D4-40EC-4CC1-B786-8BED09428FC5): 3
LogDevObjectVersion:   Dev-AnimPhys (29E575DD-E0A3-4627-9D10-D276232CDCEA): 17
LogDevObjectVersion:   Dev-ReflectionCapture (6B266CEC-1EC7-4B8F-A30B-E4D90942FC07): 1
LogDevObjectVersion:   Dev-Automation (0DF73D61-A23F-47EA-B727-89E90C41499A): 1
LogDevObjectVersion:   FortniteMain (601D1886-AC64-4F84-AA16-D3DE0DEAC7D6): 12
LogDevObjectVersion:   Dev-Enterprise (9DFFBCD6-494F-0158-E221-12823C92A888): 1
LogStreaming: Display: Took  0.003s to delete old logs.
LogInit: Presizing for max 8388607 objects, including 0 objects not considered by GC, pre-allocating 0 bytes for permanent pool.
LogInit: Object subsystem initialized
[2020.01.23-11.52.09:084][  0]LogInit: Selected Device Profile: [Windows]
[2020.01.23-11.52.09:084][  0]LogInit: Applying CVar settings loaded from the selected device profile: [Windows]
[2020.01.23-11.52.09:126][  0]LogHAL: Display: Platform has ~ 16 GB [17066790912 / 17179869184 / 16], which maps to Larger [LargestMinGB=32, LargerMinGB=12, DefaultMinGB=8, SmallerMinGB=6, SmallestMinGB=0)
[2020.01.23-11.52.09:131][  0]LogInit: Setting Device Profile CVar: [[r.Vulkan.UseRealUBs:1]]
[2020.01.23-11.52.09:132][  0]LogInit: Going up to parent DeviceProfile []
[2020.01.23-11.52.09:170][  0]LogInit: Computer: LAPTOP-2E2LEE5I
[2020.01.23-11.52.09:170][  0]LogInit: User: Aleks
[2020.01.23-11.52.09:170][  0]LogInit: CPU Page size=4096, Cores=4
[2020.01.23-11.52.09:170][  0]LogInit: High frequency timer resolution =10.000000 MHz
[2020.01.23-11.52.09:170][  0]LogMemory: Memory total: Physical=15.9GB (16GB approx)
[2020.01.23-11.52.09:170][  0]LogMemory: Platform Memory Stats for Windows
[2020.01.23-11.52.09:170][  0]LogMemory: Process Physical Memory: 103.54 MB used, 103.55 MB peak
[2020.01.23-11.52.09:170][  0]LogMemory: Process Virtual Memory: 84.28 MB used, 84.28 MB peak
[2020.01.23-11.52.09:170][  0]LogMemory: Physical Memory: 9672.54 MB used,  6603.62 MB free, 16276.16 MB total
[2020.01.23-11.52.09:170][  0]LogMemory: Virtual Memory: 4609.16 MB used,  6603.62 MB free, 134217728.00 MB total
[2020.01.23-11.52.09:945][  0]LogInit: Using OS detected language (pl-PL).
[2020.01.23-11.52.09:945][  0]LogInit: Using OS detected locale (pl-PL).
[2020.01.23-11.52.10:002][  0]LogTextLocalizationManager: No specific localization for 'pl-PL' exists, so the 'pl' localization will be used.
[2020.01.23-11.52.10:176][  0]LogStreaming: Display: Took  0.210s to InitEngineTextLocalization.
[2020.01.23-11.52.10:183][  0]LogInit: Setting process to per monitor DPI aware
[2020.01.23-11.52.10:746][  0]LogSlate: New Slate User Created.  User Index 0, Is Virtual User: 0
[2020.01.23-11.52.10:746][  0]LogSlate: Slate User Registered.  User Index 0, Is Virtual User: 0
[2020.01.23-11.52.14:717][  0]LogHMD: Failed to initialize OpenVR with code 110
[2020.01.23-11.52.14:717][  0]LogD3D11RHI: D3D11 adapters:
[2020.01.23-11.52.14:911][  0]LogD3D11RHI:    0. 'NVIDIA GeForce GTX 1050' (Feature Level 11_0)
[2020.01.23-11.52.14:912][  0]LogD3D11RHI:       4021/0/8138 MB DedicatedVideo/DedicatedSystem/SharedSystem, Outputs:1, VendorId:0x10de
[2020.01.23-11.52.14:948][  0]LogD3D11RHI:    1. 'Intel(R) HD Graphics 630' (Feature Level 11_0)
[2020.01.23-11.52.14:948][  0]LogD3D11RHI:       128/0/8138 MB DedicatedVideo/DedicatedSystem/SharedSystem, Outputs:0, VendorId:0x8086
[2020.01.23-11.52.14:959][  0]LogD3D11RHI:    2. 'Microsoft Basic Render Driver' (Feature Level 11_0)
[2020.01.23-11.52.14:959][  0]LogD3D11RHI:       0/0/8138 MB DedicatedVideo/DedicatedSystem/SharedSystem, Outputs:0, VendorId:0x1414
[2020.01.23-11.52.14:959][  0]LogD3D11RHI: Chosen D3D11 Adapter: 0
[2020.01.23-11.52.14:996][  0]LogD3D11RHI: Creating new Direct3DDevice
[2020.01.23-11.52.14:996][  0]LogD3D11RHI:     GPU DeviceId: 0x1c8d (for the marketing name, search the web for "GPU Device Id")
[2020.01.23-11.52.15:009][  0]LogWindows: EnumDisplayDevices:
[2020.01.23-11.52.15:009][  0]LogWindows:    0. 'Intel(R) HD Graphics 630' (P:1 D:1)
[2020.01.23-11.52.15:009][  0]LogWindows:    1. 'Intel(R) HD Graphics 630' (P:0 D:0)
[2020.01.23-11.52.15:010][  0]LogWindows:    2. 'Intel(R) HD Graphics 630' (P:0 D:0)
[2020.01.23-11.52.15:010][  0]LogWindows: DebugString: PrimaryIsNotTheChoosenAdapter PrimaryIsNotTheChoosenAdapter PrimaryIsNotTheChoosenAdapter FoundDriverCount:0 
[2020.01.23-11.52.15:010][  0]LogD3D11RHI:     Adapter Name: NVIDIA GeForce GTX 1050
[2020.01.23-11.52.15:010][  0]LogD3D11RHI:   Driver Version: Unknown (internal:Unknown, unified:Unknown)
[2020.01.23-11.52.15:010][  0]LogD3D11RHI:      Driver Date: Unknown
[2020.01.23-11.52.15:010][  0]LogRHI: Texture pool is 2814 MB (70% of 4021 MB)
[2020.01.23-11.52.15:062][  0]LogD3D11RHI: Async texture creation enabled
[2020.01.23-11.52.15:277][  0]LogD3D11RHI: GPU Timing Frequency: 1000.000000 (Debug: 2 2)
[2020.01.23-11.52.15:305][  0]LogShaderCompilers: Guid format shader working directory is -5 characters bigger than the processId version (C:/Users/Aleks/Documents/Unreal/AleksandraPiasecka/Intermediate/Shaders/WorkingDirectory/30248/).
[2020.01.23-11.52.15:305][  0]LogShaderCompilers: Cleaned the shader compiler working directory 'C:/Users/Aleks/AppData/Local/Temp/UnrealShaderWorkingDir/EE16BB0E4C7C359B61F18A95A0D3F5B6/'.
[2020.01.23-11.52.16:730][  0]LogTemp: Display: Loaded TP AllDesktopTargetPlatform
[2020.01.23-11.52.16:787][  0]LogTemp: Display: Loaded TP MacClientTargetPlatform
[2020.01.23-11.52.16:815][  0]LogTemp: Display: Loaded TP MacNoEditorTargetPlatform
[2020.01.23-11.52.16:844][  0]LogTemp: Display: Loaded TP MacServerTargetPlatform
[2020.01.23-11.52.16:904][  0]LogTemp: Display: Loaded TP MacTargetPlatform
[2020.01.23-11.52.16:964][  0]LogTemp: Display: Loaded TP WindowsClientTargetPlatform
[2020.01.23-11.52.16:994][  0]LogTemp: Display: Loaded TP WindowsNoEditorTargetPlatform
[2020.01.23-11.52.17:025][  0]LogTemp: Display: Loaded TP WindowsServerTargetPlatform
[2020.01.23-11.52.17:047][  0]LogTemp: Display: Loaded TP WindowsTargetPlatform
[2020.01.23-11.52.17:231][  0]LogTemp: Display: Loaded TP AndroidTargetPlatform
[2020.01.23-11.52.17:231][  0]LogTemp: Display: Loaded TP AndroidTargetPlatform
[2020.01.23-11.52.17:231][  0]LogTemp: Display: Loaded TP AndroidTargetPlatform
[2020.01.23-11.52.17:231][  0]LogTemp: Display: Loaded TP AndroidTargetPlatform
[2020.01.23-11.52.17:231][  0]LogTemp: Display: Loaded TP AndroidTargetPlatform
[2020.01.23-11.52.17:231][  0]LogTemp: Display: Loaded TP AndroidTargetPlatform
[2020.01.23-11.52.17:231][  0]LogTemp: Display: Loaded TP AndroidTargetPlatform
[2020.01.23-11.52.17:231][  0]LogTemp: Display: Loaded TP AndroidTargetPlatform
[2020.01.23-11.52.17:231][  0]LogTemp: Display: Loaded TP AndroidTargetPlatform
[2020.01.23-11.52.17:231][  0]LogTemp: Display: Loaded TP AndroidTargetPlatform
[2020.01.23-11.52.17:231][  0]LogTemp: Display: Loaded TP AndroidTargetPlatform
[2020.01.23-11.52.17:231][  0]LogTemp: Display: Loaded TP AndroidTargetPlatform
[2020.01.23-11.52.17:231][  0]LogTemp: Display: Loaded TP AndroidTargetPlatform
[2020.01.23-11.52.17:231][  0]LogTemp: Display: Loaded TP AndroidTargetPlatform
[2020.01.23-11.52.17:231][  0]LogTemp: Display: Loaded TP AndroidTargetPlatform
[2020.01.23-11.52.17:231][  0]LogTemp: Display: Loaded TP AndroidTargetPlatform
[2020.01.23-11.52.17:231][  0]LogTemp: Display: Loaded TP AndroidTargetPlatform
[2020.01.23-11.52.17:231][  0]LogTemp: Display: Loaded TP AndroidTargetPlatform
[2020.01.23-11.52.17:261][  0]LogTemp: Display: Loaded TP HTML5TargetPlatform
[2020.01.23-11.52.17:436][  0]LogTemp: Display: Loaded TP IOSTargetPlatform
[2020.01.23-11.52.17:436][  0]LogTemp: Display: Loaded TP IOSTargetPlatform
[2020.01.23-11.52.17:484][  0]LogTemp: Display: Loaded TP TVOSTargetPlatform
[2020.01.23-11.52.17:484][  0]LogTemp: Display: Loaded TP TVOSTargetPlatform
[2020.01.23-11.52.17:514][  0]LogTemp: Display: Loaded TP LinuxClientTargetPlatform
[2020.01.23-11.52.17:549][  0]LogTemp: Display: Loaded TP LinuxNoEditorTargetPlatform
[2020.01.23-11.52.17:590][  0]LogTemp: Display: Loaded TP LinuxServerTargetPlatform
[2020.01.23-11.52.17:633][  0]LogTemp: Display: Loaded TP LinuxTargetPlatform
[2020.01.23-11.52.17:672][  0]LogTemp: Display: Loaded TP LuminTargetPlatform
[2020.01.23-11.52.17:672][  0]LogTargetPlatformManager: Display: Building Assets For Windows
[2020.01.23-11.52.18:651][  0]LogXGEController: Cleaning working directory: C:/Users/Aleks/AppData/Local/Temp/UnrealXGEWorkingDir/
[2020.01.23-11.52.18:651][  0]LogXGEController: Cannot use XGE Controller as Incredibuild is not installed on this machine.
[2020.01.23-11.52.18:651][  0]LogShaderCompilers: Cannot use XGE Shader Compiler as Incredibuild is not installed on this machine.
[2020.01.23-11.52.18:651][  0]LogShaderCompilers: Display: Using Local Shader Compiler.
[2020.01.23-11.52.22:379][  0]LogDerivedDataCache: Display: Max Cache Size: 512 MB
[2020.01.23-11.52.23:355][  0]LogDerivedDataCache: Loaded boot cache 0.97s 71MB C:/Users/Aleks/AppData/Local/UnrealEngine/4.20/DerivedDataCache/Boot.ddc.
[2020.01.23-11.52.23:355][  0]LogDerivedDataCache: Display: Loaded Boot cache: C:/Users/Aleks/AppData/Local/UnrealEngine/4.20/DerivedDataCache/Boot.ddc
[2020.01.23-11.52.23:355][  0]LogDerivedDataCache: FDerivedDataBackendGraph:  Pak pak cache file C:/Users/Aleks/Documents/Unreal/AleksandraPiasecka/DerivedDataCache/DDC.ddp not found, will not use a pak cache.
[2020.01.23-11.52.23:355][  0]LogDerivedDataCache: Unable to find inner node Pak for hierarchical cache Hierarchy.
[2020.01.23-11.52.23:355][  0]LogDerivedDataCache: FDerivedDataBackendGraph:  CompressedPak pak cache file C:/Users/Aleks/Documents/Unreal/AleksandraPiasecka/DerivedDataCache/Compressed.ddp not found, will not use a pak cache.
[2020.01.23-11.52.23:355][  0]LogDerivedDataCache: Unable to find inner node CompressedPak for hierarchical cache Hierarchy.
[2020.01.23-11.52.23:505][  0]LogDerivedDataCache: Display: Pak cache opened for reading ../../../Engine/DerivedDataCache/Compressed.ddp.
[2020.01.23-11.52.23:519][  0]LogDerivedDataCache: Using Local data cache path C:/Users/Aleks/AppData/Local/UnrealEngine/Common/DerivedDataCache: Writable
[2020.01.23-11.52.23:519][  0]LogDerivedDataCache: Shared data cache path not found in *engine.ini, will not use an Shared cache.
[2020.01.23-11.52.23:519][  0]LogDerivedDataCache: Unable to find inner node Shared for hierarchical cache Hierarchy.
[2020.01.23-11.52.23:574][  0]LogMaterial: Verifying Global Shaders for PCD3D_SM5
[2020.01.23-11.52.23:615][  0]LogSlate: Using FreeType 2.6.0
[2020.01.23-11.52.23:718][  0]LogSlate: SlateFontServices - WITH_FREETYPE: 1, WITH_HARFBUZZ: 1
[2020.01.23-11.52.25:263][  0]LogAssetRegistry: FAssetRegistry took 0.0422 seconds to start up
[2020.01.23-11.52.27:207][  0]LogInit: Selected Device Profile: [Windows]
[2020.01.23-11.52.29:173][  0]LogSimplygon: Simplygon DLL not present - disabling.
[2020.01.23-11.52.29:325][  0]LogMeshReduction: Using SimplygonSwarm for distributed automatic mesh merging
[2020.01.23-11.52.29:325][  0]LogMeshReduction: Using ProxyLODMeshReduction for automatic mesh merging
[2020.01.23-11.52.29:326][  0]LogMeshReduction: Using QuadricMeshReduction for automatic static mesh reduction
[2020.01.23-11.52.29:326][  0]LogMeshReduction: No automatic skeletal mesh reduction module available
[2020.01.23-11.52.29:612][  0]LogNetVersion: AleksandraPiasecka 1.0.0, NetCL: 4212847, EngineNetVer: 5, GameNetVer: 0 (Checksum: 2078777456)
[2020.01.23-11.52.33:782][  0]LogPackageLocalizationCache: Processed 11 localized package path(s) for 2 prioritized culture(s) in 0.166899 seconds
[2020.01.23-11.52.33:809][  0]LogUObjectArray: 38425 objects as part of root set at end of initial load.
[2020.01.23-11.52.33:809][  0]LogUObjectAllocator: 6690872 out of 0 bytes used by permanent object pool.
[2020.01.23-11.52.33:809][  0]LogUObjectArray: CloseDisregardForGC: 0/0 objects in disregard for GC pool
[2020.01.23-11.52.53:281][  0]LogTcpMessaging: Initializing TcpMessaging bridge
[2020.01.23-11.52.53:350][  0]LogUdpMessaging: Initializing bridge on interface 0.0.0.0:0 to multicast group 230.0.0.1:6666.
[2020.01.23-11.52.55:167][  0]SourceControl: Source control is disabled
[2020.01.23-11.52.55:178][  0]SourceControl: Source control is disabled
[2020.01.23-11.52.55:331][  0]SourceControl: Source control is disabled
[2020.01.23-11.52.55:384][  0]SourceControl: Source control is disabled
[2020.01.23-11.52.57:666][  0]LogAndroidPermission: UAndroidPermissionCallbackProxy::GetInstance
[2020.01.23-11.52.58:011][  0]LogOcInput: OculusInput pre-init called
[2020.01.23-11.52.58:924][  0]LogEngine: Initializing Engine...
[2020.01.23-11.52.58:939][  0]LogHMD: Failed to initialize OpenVR with code 110
[2020.01.23-11.52.58:955][  0]LogStats: UGameplayTagsManager::ConstructGameplayTagTree: ImportINI prefixes -  0.001 s
[2020.01.23-11.52.58:955][  0]LogStats: UGameplayTagsManager::ConstructGameplayTagTree: Construct from data asset -  0.000 s
[2020.01.23-11.52.58:955][  0]LogStats: UGameplayTagsManager::ConstructGameplayTagTree: ImportINI -  0.000 s
[2020.01.23-11.52.58:956][  0]LogStats: UGameplayTagsManager::ConstructGameplayTagTree: GameplayTagTreeChangedEvent.Broadcast -  0.000 s
[2020.01.23-11.52.59:854][  0]LogInit: Initializing FReadOnlyCVARCache
[2020.01.23-11.53.00:254][  0]LogAIModule: Creating AISystem for world Untitled
[2020.01.23-11.53.00:490][  0]LogInit: XAudio2 using 'Głośniki (Realtek High Definition Audio)' : 2 channels at 48 kHz using 32 bits per sample (channel mask 0x3)
[2020.01.23-11.53.00:557][  0]LogInit: FAudioDevice initialized.
[2020.01.23-11.53.00:557][  0]LogNetVersion: Set ProjectVersion to 1.0.0.0. Version Checksum will be recalculated on next use.
[2020.01.23-11.53.00:731][  0]LogDerivedDataCache: Saved boot cache 0.17s 71MB C:/Users/Aleks/AppData/Local/UnrealEngine/4.20/DerivedDataCache/Boot.ddc.
[2020.01.23-11.53.00:743][  0]LogInit: Texture streaming: Enabled
[2020.01.23-11.53.01:053][  0]LogEngineSessionManager: EngineSessionManager initialized
[2020.01.23-11.53.01:170][  0]LogInit: Transaction tracking system initialized
[2020.01.23-11.53.01:666][  0]BlueprintLog: New page: Editor Load
[2020.01.23-11.53.03:370][  0]LocalizationService: Localization service is disabled
[2020.01.23-11.53.06:639][  0]LogFileCache: Scanning file cache for directory 'C:/Users/Aleks/Documents/Unreal/AleksandraPiasecka/Content/' took 0.04s
[2020.01.23-11.53.06:639][  0]LogCook: Display: Max memory allowance for cook 16384mb min free memory 0mb
[2020.01.23-11.53.06:643][  0]LogCook: Display: Mobile HDR setting 1
[2020.01.23-11.53.06:660][  0]LogGameplayTags: Display: UGameplayTagsManager::DoneAddingNativeTags. DelegateIsBound: 0
[2020.01.23-11.53.06:660][  0]LogStats: UGameplayTagsManager::ConstructGameplayTagTree: ImportINI prefixes -  0.000 s
[2020.01.23-11.53.06:660][  0]LogStats: UGameplayTagsManager::ConstructGameplayTagTree: Construct from data asset -  0.000 s
[2020.01.23-11.53.06:661][  0]LogStats: UGameplayTagsManager::ConstructGameplayTagTree: ImportINI -  0.001 s
[2020.01.23-11.53.06:661][  0]LogStats: UGameplayTagsManager::ConstructGameplayTagTree: GameplayTagTreeChangedEvent.Broadcast -  0.000 s
[2020.01.23-11.53.09:490][  0]SourceControl: Source control is disabled
[2020.01.23-11.53.09:512][  0]Cmd: MAP LOAD FILE="C:/Users/Aleks/Documents/Unreal/AleksandraPiasecka/Content/StarterContent/Maps/Minimal_Default.umap" TEMPLATE=0 SHOWPROGRESS=1 FEATURELEVEL=3
[2020.01.23-11.53.09:558][  0]LightingResults: New page: Lighting Build
[2020.01.23-11.53.09:677][  0]MapCheck: New page: Map Check
[2020.01.23-11.53.09:677][  0]LightingResults: New page: Lighting Build
[2020.01.23-11.53.11:984][  0]LogAIModule: Creating AISystem for world Minimal_Default
[2020.01.23-11.53.12:325][  0]LogEditorServer: Finished looking for orphan Actors (0.000 secs)
[2020.01.23-11.53.12:410][  0]Cmd: MAP CHECKDEP NOCLEARLOG
[2020.01.23-11.53.12:472][  0]MapCheck: Map check complete: 0 Error(s), 0 Warning(s), took 61,432ms to complete.
[2020.01.23-11.53.12:472][  0]LogFileHelpers: Loading map 'Minimal_Default' took 2.973
[2020.01.23-11.53.13:775][  0]LogSlate: Updating window title bar state: overlay mode, drag disabled, window buttons hidden, title bar hidden
[2020.01.23-11.53.13:805][  0]LogSlate: Updating window title bar state: overlay mode, drag disabled, window buttons hidden, title bar hidden
[2020.01.23-11.53.13:821][  0]LogSlate: Updating window title bar state: overlay mode, drag disabled, window buttons hidden, title bar hidden
[2020.01.23-11.53.13:836][  0]LogSlate: Updating window title bar state: overlay mode, drag disabled, window buttons hidden, title bar hidden
[2020.01.23-11.53.13:894][  0]LogCollectionManager: Loaded 0 collections in 0.001491 seconds
[2020.01.23-11.53.13:971][  0]LogFileCache: Scanning file cache for directory 'C:/Users/Aleks/Documents/Unreal/AleksandraPiasecka/Saved/Collections/' took 0.01s
[2020.01.23-11.53.13:971][  0]LogFileCache: Scanning file cache for directory 'C:/Users/Aleks/Documents/Unreal/AleksandraPiasecka/Content/Developers/Aleks/Collections/' took 0.01s
[2020.01.23-11.53.13:972][  0]LogFileCache: Scanning file cache for directory 'C:/Users/Aleks/Documents/Unreal/AleksandraPiasecka/Content/Collections/' took 0.01s
[2020.01.23-11.53.13:972][  0]LogCollectionManager: Rebuilt the GUID cache for 0 collections in 0.000000 seconds
[2020.01.23-11.53.13:982][  0]LogContentBrowser: Native class hierarchy populated in 0.0103 seconds. Added 2573 classes and 605 folders.
[2020.01.23-11.53.14:056][  0]LogContentBrowser: Native class hierarchy updated for 'WidgetCarousel' in 0.0007 seconds. Added 0 classes and 0 folders.
[2020.01.23-11.53.16:155][  0]LogContentBrowser: Native class hierarchy updated for 'AddContentDialog' in 0.0003 seconds. Added 0 classes and 0 folders.
[2020.01.23-11.53.17:073][  0]LogSlate: Took 0.023481 seconds to synchronously load lazily loaded font '../../../Engine/Content/Slate/Fonts/Roboto-Regular.ttf' (155K)
[2020.01.23-11.53.17:156][  0]LogSlate: Took 0.039449 seconds to synchronously load lazily loaded font '../../../Engine/Content/Slate/Fonts/Roboto-Bold.ttf' (160K)
[2020.01.23-11.53.17:210][  0]LogSlate: Took 0.025223 seconds to synchronously load lazily loaded font '../../../Engine/Content/Editor/Slate/Fonts/FontAwesome.ttf' (139K)
[2020.01.23-11.53.17:589][  0]LogRenderer: Reallocating scene render targets to support 904x412 Format 10 NumSamples 1 (Frame:1).
[2020.01.23-11.53.18:257][  0]LogContentBrowser: Native class hierarchy updated for 'HierarchicalLODOutliner' in 0.0005 seconds. Added 0 classes and 0 folders.
[2020.01.23-11.53.18:257][  0]LogLoad: (Engine Initialization) Total time: 91.28 seconds
[2020.01.23-11.53.18:257][  0]LogLoad: (Engine Initialization) Total Blueprint compile time: 0.00 seconds
[2020.01.23-11.53.18:398][  0]LogContentStreaming: Texture pool size now 1000 MB
[2020.01.23-11.53.18:599][  0]LogRenderer: Reallocating scene render targets to support 904x424 Format 10 NumSamples 1 (Frame:2).
[2020.01.23-11.53.18:599][  0]LogSlate: Took 0.020491 seconds to synchronously load lazily loaded font '../../../Engine/Content/Slate/Fonts/Roboto-Light.ttf' (167K)
[2020.01.23-11.53.18:791][  3]LogAssetRegistry: Asset discovery search completed in 53.5516 seconds
[2020.01.23-11.53.18:793][  3]LogCollectionManager: Rebuilt the object cache for 0 collections in 0.000000 seconds (found 0 objects)
[2020.01.23-11.53.18:793][  3]LogCollectionManager: Fixed up redirectors for 0 collections in 0.000078 seconds (updated 0 objects)
[2020.01.23-11.53.19:800][  6]LogSlate: Took 0.000563 seconds to synchronously load lazily loaded font '../../../Engine/Content/Slate/Fonts/Roboto-Light.ttf' (167K)
[2020.01.23-12.00.11:819][965]LogSlate: FSceneViewport::OnFocusLost() reason 0
[2020.01.23-12.00.16:603][381]LogAIModule: Creating AISystem for world Level01
[2020.01.23-12.00.16:616][381]LogAssetEditorManager: Opening Asset editor for World /Game/Level01.Level01
[2020.01.23-12.00.16:680][381]Cmd: MAP LOAD FILE="C:/Users/Aleks/Documents/Unreal/AleksandraPiasecka/Content/Level01.umap" TEMPLATE=0 SHOWPROGRESS=1 FEATURELEVEL=3
[2020.01.23-12.00.16:680][381]LightingResults: New page: Lighting Build
[2020.01.23-12.00.16:681][381]LoadErrors: New page: Loading map: Level01.umap
[2020.01.23-12.00.16:682][381]MapCheck: New page: Map Check
[2020.01.23-12.00.16:682][381]LightingResults: New page: Lighting Build
[2020.01.23-12.00.16:960][381]LogEditorServer: Finished looking for orphan Actors (0.001 secs)
[2020.01.23-12.00.17:027][381]Cmd: MAP CHECKDEP NOCLEARLOG
[2020.01.23-12.00.17:090][381]MapCheck: Map check complete: 0 Error(s), 0 Warning(s), took 62,441ms to complete.
[2020.01.23-12.00.17:090][381]LogFileHelpers: Loading map 'Level01' took 0.410
[2020.01.23-12.00.20:970][818]LogTemp: Repeating last play command: Selected Viewport
[2020.01.23-12.00.20:988][818]LogBlueprintUserMessages: Early PlayInEditor Detection: Level '/Game/Level01.Level01:PersistentLevel' has LevelScriptBlueprint '/Game/Level01.Level01:PersistentLevel.Level01' with GeneratedClass '/Game/Level01.Level01_C' with ClassGeneratedBy '/Game/Level01.Level01:PersistentLevel.Level01'
[2020.01.23-12.00.20:988][818]LogPlayLevel: PlayLevel: No blueprints needed recompiling
[2020.01.23-12.00.21:147][818]PIE: New page: PIE session: Level01 (23 sty 2020, 14:00:21)
[2020.01.23-12.00.21:148][818]LogPlayLevel: Creating play world package: /Game/UEDPIE_0_Level01
[2020.01.23-12.00.21:160][818]LogPlayLevel: PIE: StaticDuplicateObject took: (0.012745s)
[2020.01.23-12.00.21:162][818]LogAIModule: Creating AISystem for world Level01
[2020.01.23-12.00.21:162][818]LogPlayLevel: PIE: World Init took: (0.001309s)
[2020.01.23-12.00.21:162][818]LogPlayLevel: PIE: Created PIE world by copying editor world from /Game/Level01.Level01 to /Game/UEDPIE_0_Level01.Level01 (0.014374s)
[2020.01.23-12.00.21:190][818]LogInit: XAudio2 using 'Głośniki (Realtek High Definition Audio)' : 2 channels at 48 kHz using 32 bits per sample (channel mask 0x3)
[2020.01.23-12.00.21:210][818]LogInit: FAudioDevice initialized.
[2020.01.23-12.00.21:273][818]LogLoad: Game class is 'GameModeBase'
[2020.01.23-12.00.21:279][818]LogWorld: Bringing World /Game/UEDPIE_0_Level01.Level01 up for play (max tick rate 0) at 2020.01.23-13.00.21
[2020.01.23-12.00.21:279][818]LogWorld: Bringing up level for play took: 0.001534
[2020.01.23-12.00.21:355][818]LogContentBrowser: Native class hierarchy updated for 'MovieSceneCapture' in 0.0009 seconds. Added 10 classes and 0 folders.
[2020.01.23-12.00.21:381][818]PIE: Play in editor start time for /Game/UEDPIE_0_Level01 0,296
[2020.01.23-12.00.21:382][818]LogBlueprintUserMessages: Late PlayInEditor Detection: Level '/Game/Level01.Level01:PersistentLevel' has LevelScriptBlueprint '/Game/Level01.Level01:PersistentLevel.Level01' with GeneratedClass '/Game/Level01.Level01_C' with ClassGeneratedBy '/Game/Level01.Level01:PersistentLevel.Level01'
[2020.01.23-12.00.35:226][461]LogBlueprintUserMessages: Early EndPlayMap Detection: Level '/Game/Level01.Level01:PersistentLevel' has LevelScriptBlueprint '/Game/Level01.Level01:PersistentLevel.Level01' with GeneratedClass '/Game/Level01.Level01_C' with ClassGeneratedBy '/Game/Level01.Level01:PersistentLevel.Level01'
[2020.01.23-12.00.35:331][461]LogSlate: Updating window title bar state: overlay mode, drag disabled, window buttons hidden, title bar hidden
[2020.01.23-12.00.35:375][461]LogPlayLevel: Display: Shutting down PIE online subsystems
[2020.01.23-12.00.35:376][461]LogBlueprintUserMessages: Late EndPlayMap Detection: Level '/Game/Level01.Level01:PersistentLevel' has LevelScriptBlueprint '/Game/Level01.Level01:PersistentLevel.Level01' with GeneratedClass '/Game/Level01.Level01_C' with ClassGeneratedBy '/Game/Level01.Level01:PersistentLevel.Level01'
[2020.01.23-12.00.35:428][461]LogSlate: Updating window title bar state: overlay mode, drag disabled, window buttons hidden, title bar hidden
[2020.01.23-12.00.35:448][462]LogPlayLevel: Display: Destroying online subsystem :Context_2
[2020.01.23-12.00.38:858][867]LogSlate: FSceneViewport::OnFocusLost() reason 2
[2020.01.23-12.00.40:914][ 72]LogSlate: FSceneViewport::OnFocusLost() reason 2
[2020.01.23-12.00.40:918][ 72]LogAssetEditorManager: Opening Asset editor for LevelScriptBlueprint /Game/Level01.Level01:PersistentLevel.Level01
[2020.01.23-12.00.42:377][ 72]LogContentBrowser: Native class hierarchy updated for 'BlueprintGraph' in 0.0021 seconds. Added 116 classes and 0 folders.
[2020.01.23-12.00.43:863][ 72]LogSlate: Took 0.035024 seconds to synchronously load lazily loaded font '../../../Engine/Content/Slate/Fonts/Roboto-BoldCondensed.ttf' (158K)
[2020.01.23-12.00.44:248][ 73]LogSlate: Took 0.018115 seconds to synchronously load lazily loaded font '../../../Engine/Content/Slate/Fonts/Roboto-Italic.ttf' (157K)
[2020.01.23-12.00.46:416][269]LogSlate: Window 'Level01 - Level Blueprint Editor' being destroyed
[2020.01.23-12.00.50:442][732]LogSlate: FSceneViewport::OnFocusLost() reason 0
[2020.01.23-12.02.33:793][637]LogTemp: Repeating last play command: Selected Viewport
[2020.01.23-12.02.33:810][637]LogBlueprintUserMessages: Early PlayInEditor Detection: Level '/Game/Level01.Level01:PersistentLevel' has LevelScriptBlueprint '/Game/Level01.Level01:PersistentLevel.Level01' with GeneratedClass '/Game/Level01.Level01_C' with ClassGeneratedBy '/Game/Level01.Level01:PersistentLevel.Level01'
[2020.01.23-12.02.33:810][637]LogPlayLevel: PlayLevel: No blueprints needed recompiling
[2020.01.23-12.02.33:810][637]PIE: New page: PIE session: Level01 (23 sty 2020, 14:02:33)
[2020.01.23-12.02.33:810][637]LogPlayLevel: Creating play world package: /Game/UEDPIE_0_Level01
[2020.01.23-12.02.33:814][637]LogPlayLevel: PIE: StaticDuplicateObject took: (0.003553s)
[2020.01.23-12.02.33:819][637]LogAIModule: Creating AISystem for world Level01
[2020.01.23-12.02.33:819][637]LogPlayLevel: PIE: World Init took: (0.004829s)
[2020.01.23-12.02.33:819][637]LogPlayLevel: PIE: Created PIE world by copying editor world from /Game/Level01.Level01 to /Game/UEDPIE_0_Level01.Level01 (0.008591s)
[2020.01.23-12.02.33:857][637]LogInit: XAudio2 using 'Głośniki (Realtek High Definition Audio)' : 2 channels at 48 kHz using 32 bits per sample (channel mask 0x3)
[2020.01.23-12.02.33:876][637]LogInit: FAudioDevice initialized.
[2020.01.23-12.02.33:892][637]LogSlate: Updating window title bar state: overlay mode, drag disabled, window buttons hidden, title bar hidden
[2020.01.23-12.02.33:979][637]LogLoad: Game class is 'GameModeBase'
[2020.01.23-12.02.33:981][637]LogWorld: Bringing World /Game/UEDPIE_0_Level01.Level01 up for play (max tick rate 0) at 2020.01.23-13.02.33
[2020.01.23-12.02.33:981][637]LogWorld: Bringing up level for play took: 0.000599
[2020.01.23-12.02.33:997][637]PIE: Play in editor start time for /Game/UEDPIE_0_Level01 0,911
[2020.01.23-12.02.33:997][637]LogBlueprintUserMessages: Late PlayInEditor Detection: Level '/Game/Level01.Level01:PersistentLevel' has LevelScriptBlueprint '/Game/Level01.Level01:PersistentLevel.Level01' with GeneratedClass '/Game/Level01.Level01_C' with ClassGeneratedBy '/Game/Level01.Level01:PersistentLevel.Level01'
[2020.01.23-12.02.34:067][637]LogRenderer: Reallocating scene render targets to support 1024x576 Format 10 NumSamples 1 (Frame:1).
[2020.01.23-12.02.43:263][541]LogBlueprintUserMessages: Early EndPlayMap Detection: Level '/Game/Level01.Level01:PersistentLevel' has LevelScriptBlueprint '/Game/Level01.Level01:PersistentLevel.Level01' with GeneratedClass '/Game/Level01.Level01_C' with ClassGeneratedBy '/Game/Level01.Level01:PersistentLevel.Level01'
[2020.01.23-12.02.43:264][541]LogSlate: Updating window title bar state: overlay mode, drag disabled, window buttons hidden, title bar hidden
[2020.01.23-12.02.43:281][541]LogSlate: Window 'AleksandraPiasecka Game Preview Standalone (64-bit/PCD3D_SM5)' being destroyed
[2020.01.23-12.02.43:318][541]LogPlayLevel: Display: Shutting down PIE online subsystems
[2020.01.23-12.02.43:319][541]LogBlueprintUserMessages: Late EndPlayMap Detection: Level '/Game/Level01.Level01:PersistentLevel' has LevelScriptBlueprint '/Game/Level01.Level01:PersistentLevel.Level01' with GeneratedClass '/Game/Level01.Level01_C' with ClassGeneratedBy '/Game/Level01.Level01:PersistentLevel.Level01'
[2020.01.23-12.02.43:418][542]LogPlayLevel: Display: Destroying online subsystem :Context_4
[2020.01.23-12.04.22:716][304]LogEditorTransaction: Undo Delete current selection
[2020.01.23-12.08.21:465][567]LogLinker: Warning: Can't resolve asset name
[2020.01.23-12.10.49:462][204]Cmd: OBJ SAVEPACKAGE PACKAGE="/Game/Level01" FILE="C:/Users/Aleks/Documents/Unreal/AleksandraPiasecka/Saved/Autosaves/Game/Level01_Auto1.umap" SILENT=true AUTOSAVING=true KEEPDIRTY=false
[2020.01.23-12.10.49:889][204]LogSavePackage: Moving 'C:/Users/Aleks/Documents/Unreal/AleksandraPiasecka/Saved/Level01_Auto1D8008393459A494AC2ED72BB5215ECAE.tmp' to 'C:/Users/Aleks/Documents/Unreal/AleksandraPiasecka/Saved/Autosaves/Game/Level01_Auto1.umap'
[2020.01.23-12.10.49:920][204]LogFileHelpers: Editor autosave (incl. sublevels) for '/Game/Level01' took 0.595
[2020.01.23-12.10.49:920][204]LogFileHelpers: Editor autosave (incl. sublevels) for all levels took 0.595
[2020.01.23-12.30.36:533][269]Cmd: OBJ SAVEPACKAGE PACKAGE="/Game/Level01" FILE="C:/Users/Aleks/Documents/Unreal/AleksandraPiasecka/Saved/Autosaves/Game/Level01_Auto2.umap" SILENT=true AUTOSAVING=true KEEPDIRTY=false
[2020.01.23-12.30.36:819][269]LogSavePackage: Moving 'C:/Users/Aleks/Documents/Unreal/AleksandraPiasecka/Saved/Level01_Auto2AD5B93664F7B594AC0A277977C754D19.tmp' to 'C:/Users/Aleks/Documents/Unreal/AleksandraPiasecka/Saved/Autosaves/Game/Level01_Auto2.umap'
[2020.01.23-12.30.36:828][269]LogFileHelpers: Editor autosave (incl. sublevels) for '/Game/Level01' took 0.325
[2020.01.23-12.30.36:828][269]LogFileHelpers: Editor autosave (incl. sublevels) for all levels took 0.325
[2020.01.23-12.31.12:643][603]LogEditorTransaction: Undo Move Node
[2020.01.23-12.31.13:186][663]LogEditorTransaction: Undo Create Pin Link
[2020.01.23-12.40.36:794][368]Cmd: OBJ SAVEPACKAGE PACKAGE="/Game/Level01" FILE="C:/Users/Aleks/Documents/Unreal/AleksandraPiasecka/Saved/Autosaves/Game/Level01_Auto3.umap" SILENT=true AUTOSAVING=true KEEPDIRTY=false
[2020.01.23-12.40.36:960][368]LogSavePackage: Moving 'C:/Users/Aleks/Documents/Unreal/AleksandraPiasecka/Saved/Level01_Auto3E7EE62894A53600FC0D3DCB6B74CAA7B.tmp' to 'C:/Users/Aleks/Documents/Unreal/AleksandraPiasecka/Saved/Autosaves/Game/Level01_Auto3.umap'
[2020.01.23-12.40.36:965][368]LogFileHelpers: Editor autosave (incl. sublevels) for '/Game/Level01' took 0.205
[2020.01.23-12.40.36:965][368]LogFileHelpers: Editor autosave (incl. sublevels) for all levels took 0.205
[2020.01.23-14.15.00:437][804]Cmd: OBJ SAVEPACKAGE PACKAGE="/Game/Level01" FILE="C:/Users/Aleks/Documents/Unreal/AleksandraPiasecka/Saved/Autosaves/Game/Level01_Auto4.umap" SILENT=true AUTOSAVING=true KEEPDIRTY=false
[2020.01.23-14.15.00:617][804]LogSavePackage: Moving 'C:/Users/Aleks/Documents/Unreal/AleksandraPiasecka/Saved/Level01_Auto40B3B9EF84988AD79BBEECEA9488A255B.tmp' to 'C:/Users/Aleks/Documents/Unreal/AleksandraPiasecka/Saved/Autosaves/Game/Level01_Auto4.umap'
[2020.01.23-14.15.00:624][804]LogFileHelpers: Editor autosave (incl. sublevels) for '/Game/Level01' took 0.222
[2020.01.23-14.15.00:624][804]LogFileHelpers: Editor autosave (incl. sublevels) for all levels took 0.222
[2020.01.23-14.25.00:849][ 26]Cmd: OBJ SAVEPACKAGE PACKAGE="/Game/Level01" FILE="C:/Users/Aleks/Documents/Unreal/AleksandraPiasecka/Saved/Autosaves/Game/Level01_Auto5.umap" SILENT=true AUTOSAVING=true KEEPDIRTY=false
[2020.01.23-14.25.01:018][ 26]LogSavePackage: Moving 'C:/Users/Aleks/Documents/Unreal/AleksandraPiasecka/Saved/Level01_Auto58F65969C495C997C163A0F817E38837A.tmp' to 'C:/Users/Aleks/Documents/Unreal/AleksandraPiasecka/Saved/Autosaves/Game/Level01_Auto5.umap'
[2020.01.23-14.25.01:024][ 26]LogFileHelpers: Editor autosave (incl. sublevels) for '/Game/Level01' took 0.206
[2020.01.23-14.25.01:024][ 26]LogFileHelpers: Editor autosave (incl. sublevels) for all levels took 0.206
[2020.01.23-14.34.55:025][623]LogEditorTransaction: Undo Delete current selection
[2020.01.23-14.36.15:885][312]Cmd: OBJ SAVEPACKAGE PACKAGE="/Game/Level01" FILE="C:/Users/Aleks/Documents/Unreal/AleksandraPiasecka/Saved/Autosaves/Game/Level01_Auto6.umap" SILENT=true AUTOSAVING=true KEEPDIRTY=false
[2020.01.23-14.36.16:067][312]LogSavePackage: Moving 'C:/Users/Aleks/Documents/Unreal/AleksandraPiasecka/Saved/Level01_Auto6DFA04E654E71F5AE6775078CB068A9DA.tmp' to 'C:/Users/Aleks/Documents/Unreal/AleksandraPiasecka/Saved/Autosaves/Game/Level01_Auto6.umap'
[2020.01.23-14.36.16:073][312]LogFileHelpers: Editor autosave (incl. sublevels) for '/Game/Level01' took 0.220
[2020.01.23-14.36.16:074][312]LogFileHelpers: Editor autosave (incl. sublevels) for all levels took 0.220
[2020.01.23-14.46.16:243][616]Cmd: OBJ SAVEPACKAGE PACKAGE="/Game/Level01" FILE="C:/Users/Aleks/Documents/Unreal/AleksandraPiasecka/Saved/Autosaves/Game/Level01_Auto7.umap" SILENT=true AUTOSAVING=true KEEPDIRTY=false
[2020.01.23-14.46.16:405][616]LogSavePackage: Moving 'C:/Users/Aleks/Documents/Unreal/AleksandraPiasecka/Saved/Level01_Auto7FF4E4F984774D7BB2AA581A2E3635892.tmp' to 'C:/Users/Aleks/Documents/Unreal/AleksandraPiasecka/Saved/Autosaves/Game/Level01_Auto7.umap'
[2020.01.23-14.46.16:410][616]LogFileHelpers: Editor autosave (incl. sublevels) for '/Game/Level01' took 0.197
[2020.01.23-14.46.16:410][616]LogFileHelpers: Editor autosave (incl. sublevels) for all levels took 0.197
[2020.01.23-14.59.50:459][665]LogSlate: Only BGRA pngs, bmps or icos are supported in by External Image Picker
[2020.01.23-14.59.50:554][665]LogTemp: Executing iPhonePackager certificates Engine -bundlename com.YourCompany.AleksandraPiasecka
[2020.01.23-14.59.50:554][665]LogTemp: CWD: E:\Program Files\UE_4.20\Engine\Binaries\DotNET\IOS
[2020.01.23-14.59.50:554][665]LogTemp: Initial Dir: E:\Program Files\UE_4.20
[2020.01.23-14.59.50:554][665]LogTemp: Env CWD: E:\Program Files\UE_4.20\Engine\Binaries\DotNET\IOS
[2020.01.23-14.59.50:554][665]LogTemp: BranchPath = LAPTOP-2E2LEE5I/E/Program Files/UE_4.20/Engine/Binaries --- GameBranchPath = LAPTOP-2E2LEE5I/E/Program Files/UE_4.20/Engine/Binaries
[2020.01.23-14.59.50:564][665]LogTemp: IPP ERROR: Could not find provision directory 'C:\Users\Aleks\AppData\Local/Apple Computer/MobileDevice/Provisioning Profiles/'.
[2020.01.23-15.01.33:507][798]LogSlate: Window 'Project Settings' being destroyed
[2020.01.23-15.01.33:518][798]LogSlate: Window 'Project Settings' being destroyed
[2020.01.23-15.02.08:231][870]Cmd: OBJ SAVEPACKAGE PACKAGE="/Game/Level01" FILE="C:/Users/Aleks/Documents/Unreal/AleksandraPiasecka/Saved/Autosaves/Game/Level01_Auto8.umap" SILENT=true AUTOSAVING=true KEEPDIRTY=false
[2020.01.23-15.02.08:398][870]LogSavePackage: Moving 'C:/Users/Aleks/Documents/Unreal/AleksandraPiasecka/Saved/Level01_Auto8D408EEA0487DC3AF139DC79CDFC7FE8F.tmp' to 'C:/Users/Aleks/Documents/Unreal/AleksandraPiasecka/Saved/Autosaves/Game/Level01_Auto8.umap'
[2020.01.23-15.02.08:406][870]LogFileHelpers: Editor autosave (incl. sublevels) for '/Game/Level01' took 0.204
[2020.01.23-15.02.08:406][870]LogFileHelpers: Editor autosave (incl. sublevels) for all levels took 0.204
[2020.01.23-15.12.08:723][292]Cmd: OBJ SAVEPACKAGE PACKAGE="/Game/Level01" FILE="C:/Users/Aleks/Documents/Unreal/AleksandraPiasecka/Saved/Autosaves/Game/Level01_Auto9.umap" SILENT=true AUTOSAVING=true KEEPDIRTY=false
[2020.01.23-15.12.08:895][292]LogSavePackage: Moving 'C:/Users/Aleks/Documents/Unreal/AleksandraPiasecka/Saved/Level01_Auto9ED20F015493F1708B882BEA8391CD445.tmp' to 'C:/Users/Aleks/Documents/Unreal/AleksandraPiasecka/Saved/Autosaves/Game/Level01_Auto9.umap'
[2020.01.23-15.12.08:902][292]LogFileHelpers: Editor autosave (incl. sublevels) for '/Game/Level01' took 0.208
[2020.01.23-15.12.08:902][292]LogFileHelpers: Editor autosave (incl. sublevels) for all levels took 0.208
[2020.01.23-15.22.33:467][232]Cmd: OBJ SAVEPACKAGE PACKAGE="/Game/Level01" FILE="C:/Users/Aleks/Documents/Unreal/AleksandraPiasecka/Saved/Autosaves/Game/Level01_Auto0.umap" SILENT=true AUTOSAVING=true KEEPDIRTY=false
[2020.01.23-15.22.33:624][232]LogSavePackage: Moving 'C:/Users/Aleks/Documents/Unreal/AleksandraPiasecka/Saved/Level01_Auto0CA372576499B68CA02802A9C08599351.tmp' to 'C:/Users/Aleks/Documents/Unreal/AleksandraPiasecka/Saved/Autosaves/Game/Level01_Auto0.umap'
[2020.01.23-15.22.33:629][232]LogFileHelpers: Editor autosave (incl. sublevels) for '/Game/Level01' took 0.192
[2020.01.23-15.22.33:629][232]LogFileHelpers: Editor autosave (incl. sublevels) for all levels took 0.192
[2020.01.23-15.27.11:883][666]LogEditorTransaction: Undo Break Node Links
[2020.01.23-15.28.01:304][624]LogTemp: Repeating last play command: Selected Viewport
[2020.01.23-15.28.01:323][624]LogBlueprintUserMessages: Early PlayInEditor Detection: Level '/Game/Level01.Level01:PersistentLevel' has LevelScriptBlueprint '/Game/Level01.Level01:PersistentLevel.Level01' with GeneratedClass '/Game/Level01.Level01_C' with ClassGeneratedBy '/Game/Level01.Level01:PersistentLevel.Level01'
[2020.01.23-15.28.01:323][624]BlueprintLog: New page: Pre-Play auto-recompile
[2020.01.23-15.28.01:326][624]LogPlayLevel: [PlayLevel] Compiling Level01 before play...
[2020.01.23-15.28.01:466][624]LogPlayLevel: PlayLevel: Blueprint regeneration took 143 ms (1 blueprints)
[2020.01.23-15.28.01:466][624]PIE: New page: PIE session: Level01 (23 sty 2020, 17:28:01)
[2020.01.23-15.28.01:466][624]LogPlayLevel: Creating play world package: /Game/UEDPIE_0_Level01
[2020.01.23-15.28.01:470][624]LogPlayLevel: PIE: StaticDuplicateObject took: (0.003859s)
[2020.01.23-15.28.01:471][624]LogAIModule: Creating AISystem for world Level01
[2020.01.23-15.28.01:472][624]LogPlayLevel: PIE: World Init took: (0.001587s)
[2020.01.23-15.28.01:472][624]LogPlayLevel: PIE: Created PIE world by copying editor world from /Game/Level01.Level01 to /Game/UEDPIE_0_Level01.Level01 (0.005606s)
[2020.01.23-15.28.01:506][624]LogInit: XAudio2 using 'Głośniki (Realtek High Definition Audio)' : 2 channels at 48 kHz using 32 bits per sample (channel mask 0x3)
[2020.01.23-15.28.01:525][624]LogInit: FAudioDevice initialized.
[2020.01.23-15.28.01:540][624]LogSlate: Updating window title bar state: overlay mode, drag disabled, window buttons hidden, title bar hidden
[2020.01.23-15.28.01:615][624]LogLoad: Game class is 'GameModeBase'
[2020.01.23-15.28.01:617][624]LogWorld: Bringing World /Game/UEDPIE_0_Level01.Level01 up for play (max tick rate 60) at 2020.01.23-16.28.01
[2020.01.23-15.28.01:617][624]LogWorld: Bringing up level for play took: 0.000906
[2020.01.23-15.28.01:632][624]PIE: Play in editor start time for /Game/UEDPIE_0_Level01 0,547
[2020.01.23-15.28.01:633][624]LogBlueprintUserMessages: Late PlayInEditor Detection: Level '/Game/Level01.Level01:PersistentLevel' has LevelScriptBlueprint '/Game/Level01.Level01:PersistentLevel.Level01' with GeneratedClass '/Game/Level01.Level01_C' with ClassGeneratedBy '/Game/Level01.Level01:PersistentLevel.Level01'
[2020.01.23-15.28.13:399][325]LogBlueprintUserMessages: Early EndPlayMap Detection: Level '/Game/Level01.Level01:PersistentLevel' has LevelScriptBlueprint '/Game/Level01.Level01:PersistentLevel.Level01' with GeneratedClass '/Game/Level01.Level01_C' with ClassGeneratedBy '/Game/Level01.Level01:PersistentLevel.Level01'
[2020.01.23-15.28.13:399][325]LogSlate: Updating window title bar state: overlay mode, drag disabled, window buttons hidden, title bar hidden
[2020.01.23-15.28.13:417][325]LogSlate: Window 'AleksandraPiasecka Game Preview Standalone (64-bit/PCD3D_SM5)' being destroyed
[2020.01.23-15.28.13:457][325]LogPlayLevel: Display: Shutting down PIE online subsystems
[2020.01.23-15.28.13:457][325]LogBlueprintUserMessages: Late EndPlayMap Detection: Level '/Game/Level01.Level01:PersistentLevel' has LevelScriptBlueprint '/Game/Level01.Level01:PersistentLevel.Level01' with GeneratedClass '/Game/Level01.Level01_C' with ClassGeneratedBy '/Game/Level01.Level01:PersistentLevel.Level01'
[2020.01.23-15.28.13:513][326]LogPlayLevel: Display: Destroying online subsystem :Context_5
[2020.01.23-15.29.23:709][527]LogTemp: Repeating last play command: Selected Viewport
[2020.01.23-15.29.23:728][527]LogBlueprintUserMessages: Early PlayInEditor Detection: Level '/Game/Level01.Level01:PersistentLevel' has LevelScriptBlueprint '/Game/Level01.Level01:PersistentLevel.Level01' with GeneratedClass '/Game/Level01.Level01_C' with ClassGeneratedBy '/Game/Level01.Level01:PersistentLevel.Level01'
[2020.01.23-15.29.23:728][527]BlueprintLog: New page: Pre-Play auto-recompile
[2020.01.23-15.29.23:731][527]LogPlayLevel: [PlayLevel] Compiling Level01 before play...
[2020.01.23-15.29.23:865][527]LogPlayLevel: PlayLevel: Blueprint regeneration took 136 ms (1 blueprints)
[2020.01.23-15.29.23:865][527]PIE: New page: PIE session: Level01 (23 sty 2020, 17:29:23)
[2020.01.23-15.29.23:865][527]LogPlayLevel: Creating play world package: /Game/UEDPIE_0_Level01
[2020.01.23-15.29.23:868][527]LogPlayLevel: PIE: StaticDuplicateObject took: (0.002819s)
[2020.01.23-15.29.23:869][527]LogAIModule: Creating AISystem for world Level01
[2020.01.23-15.29.23:870][527]LogPlayLevel: PIE: World Init took: (0.001306s)
[2020.01.23-15.29.23:870][527]LogPlayLevel: PIE: Created PIE world by copying editor world from /Game/Level01.Level01 to /Game/UEDPIE_0_Level01.Level01 (0.004328s)
[2020.01.23-15.29.23:903][527]LogInit: XAudio2 using 'Głośniki (Realtek High Definition Audio)' : 2 channels at 48 kHz using 32 bits per sample (channel mask 0x3)
[2020.01.23-15.29.23:921][527]LogInit: FAudioDevice initialized.
[2020.01.23-15.29.23:935][527]LogSlate: Updating window title bar state: overlay mode, drag disabled, window buttons hidden, title bar hidden
[2020.01.23-15.29.24:028][527]LogLoad: Game class is 'GameModeBase'
[2020.01.23-15.29.24:029][527]LogWorld: Bringing World /Game/UEDPIE_0_Level01.Level01 up for play (max tick rate 60) at 2020.01.23-16.29.24
[2020.01.23-15.29.24:029][527]LogWorld: Bringing up level for play took: 0.000680
[2020.01.23-15.29.24:043][527]PIE: Play in editor start time for /Game/UEDPIE_0_Level01 0,958
[2020.01.23-15.29.24:043][527]LogBlueprintUserMessages: Late PlayInEditor Detection: Level '/Game/Level01.Level01:PersistentLevel' has LevelScriptBlueprint '/Game/Level01.Level01:PersistentLevel.Level01' with GeneratedClass '/Game/Level01.Level01_C' with ClassGeneratedBy '/Game/Level01.Level01:PersistentLevel.Level01'
[2020.01.23-15.29.32:654][ 39]LogBlueprintUserMessages: Early EndPlayMap Detection: Level '/Game/Level01.Level01:PersistentLevel' has LevelScriptBlueprint '/Game/Level01.Level01:PersistentLevel.Level01' with GeneratedClass '/Game/Level01.Level01_C' with ClassGeneratedBy '/Game/Level01.Level01:PersistentLevel.Level01'
[2020.01.23-15.29.32:654][ 39]LogSlate: Updating window title bar state: overlay mode, drag disabled, window buttons hidden, title bar hidden
[2020.01.23-15.29.32:675][ 39]LogSlate: Window 'AleksandraPiasecka Game Preview Standalone (64-bit/PCD3D_SM5)' being destroyed
[2020.01.23-15.29.32:714][ 39]LogPlayLevel: Display: Shutting down PIE online subsystems
[2020.01.23-15.29.32:714][ 39]LogBlueprintUserMessages: Late EndPlayMap Detection: Level '/Game/Level01.Level01:PersistentLevel' has LevelScriptBlueprint '/Game/Level01.Level01:PersistentLevel.Level01' with GeneratedClass '/Game/Level01.Level01_C' with ClassGeneratedBy '/Game/Level01.Level01:PersistentLevel.Level01'
[2020.01.23-15.29.32:773][ 40]LogPlayLevel: Display: Destroying online subsystem :Context_6
[2020.01.23-15.29.49:938][ 69]LogTemp: Repeating last play command: Selected Viewport
[2020.01.23-15.29.49:955][ 69]LogBlueprintUserMessages: Early PlayInEditor Detection: Level '/Game/Level01.Level01:PersistentLevel' has LevelScriptBlueprint '/Game/Level01.Level01:PersistentLevel.Level01' with GeneratedClass '/Game/Level01.Level01_C' with ClassGeneratedBy '/Game/Level01.Level01:PersistentLevel.Level01'
[2020.01.23-15.29.49:955][ 69]LogPlayLevel: PlayLevel: No blueprints needed recompiling
[2020.01.23-15.29.49:956][ 69]PIE: New page: PIE session: Level01 (23 sty 2020, 17:29:49)
[2020.01.23-15.29.49:956][ 69]LogPlayLevel: Creating play world package: /Game/UEDPIE_0_Level01
[2020.01.23-15.29.49:958][ 69]LogPlayLevel: PIE: StaticDuplicateObject took: (0.002588s)
[2020.01.23-15.29.49:960][ 69]LogAIModule: Creating AISystem for world Level01
[2020.01.23-15.29.49:960][ 69]LogPlayLevel: PIE: World Init took: (0.001529s)
[2020.01.23-15.29.49:960][ 69]LogPlayLevel: PIE: Created PIE world by copying editor world from /Game/Level01.Level01 to /Game/UEDPIE_0_Level01.Level01 (0.004451s)
[2020.01.23-15.29.49:993][ 69]LogInit: XAudio2 using 'Głośniki (Realtek High Definition Audio)' : 2 channels at 48 kHz using 32 bits per sample (channel mask 0x3)
[2020.01.23-15.29.50:010][ 69]LogInit: FAudioDevice initialized.
[2020.01.23-15.29.50:023][ 69]LogSlate: Updating window title bar state: overlay mode, drag disabled, window buttons hidden, title bar hidden
[2020.01.23-15.29.50:105][ 69]LogLoad: Game class is 'GameModeBase'
[2020.01.23-15.29.50:106][ 69]LogWorld: Bringing World /Game/UEDPIE_0_Level01.Level01 up for play (max tick rate 60) at 2020.01.23-16.29.50
[2020.01.23-15.29.50:106][ 69]LogWorld: Bringing up level for play took: 0.000603
[2020.01.23-15.29.50:120][ 69]PIE: Play in editor start time for /Game/UEDPIE_0_Level01 1,035
[2020.01.23-15.29.50:121][ 69]LogBlueprintUserMessages: Late PlayInEditor Detection: Level '/Game/Level01.Level01:PersistentLevel' has LevelScriptBlueprint '/Game/Level01.Level01:PersistentLevel.Level01' with GeneratedClass '/Game/Level01.Level01_C' with ClassGeneratedBy '/Game/Level01.Level01:PersistentLevel.Level01'
[2020.01.23-15.30.01:797][767]LogBlueprintUserMessages: Early EndPlayMap Detection: Level '/Game/Level01.Level01:PersistentLevel' has LevelScriptBlueprint '/Game/Level01.Level01:PersistentLevel.Level01' with GeneratedClass '/Game/Level01.Level01_C' with ClassGeneratedBy '/Game/Level01.Level01:PersistentLevel.Level01'
[2020.01.23-15.30.01:797][767]LogSlate: Updating window title bar state: overlay mode, drag disabled, window buttons hidden, title bar hidden
[2020.01.23-15.30.01:815][767]LogSlate: Window 'AleksandraPiasecka Game Preview Standalone (64-bit/PCD3D_SM5)' being destroyed
[2020.01.23-15.30.01:857][767]LogPlayLevel: Display: Shutting down PIE online subsystems
[2020.01.23-15.30.01:857][767]LogBlueprintUserMessages: Late EndPlayMap Detection: Level '/Game/Level01.Level01:PersistentLevel' has LevelScriptBlueprint '/Game/Level01.Level01:PersistentLevel.Level01' with GeneratedClass '/Game/Level01.Level01_C' with ClassGeneratedBy '/Game/Level01.Level01:PersistentLevel.Level01'
[2020.01.23-15.30.01:912][768]LogPlayLevel: Display: Destroying online subsystem :Context_7
[2020.01.23-15.30.19:614][829]LogTemp: Repeating last play command: Selected Viewport
[2020.01.23-15.30.19:632][829]LogBlueprintUserMessages: Early PlayInEditor Detection: Level '/Game/Level01.Level01:PersistentLevel' has LevelScriptBlueprint '/Game/Level01.Level01:PersistentLevel.Level01' with GeneratedClass '/Game/Level01.Level01_C' with ClassGeneratedBy '/Game/Level01.Level01:PersistentLevel.Level01'
[2020.01.23-15.30.19:632][829]BlueprintLog: New page: Pre-Play auto-recompile
[2020.01.23-15.30.19:635][829]LogPlayLevel: [PlayLevel] Compiling Level01 before play...
[2020.01.23-15.30.19:765][829]LogPlayLevel: PlayLevel: Blueprint regeneration took 133 ms (1 blueprints)
[2020.01.23-15.30.19:765][829]PIE: New page: PIE session: Level01 (23 sty 2020, 17:30:19)
[2020.01.23-15.30.19:765][829]LogPlayLevel: Creating play world package: /Game/UEDPIE_0_Level01
[2020.01.23-15.30.19:768][829]LogPlayLevel: PIE: StaticDuplicateObject took: (0.002803s)
[2020.01.23-15.30.19:770][829]LogAIModule: Creating AISystem for world Level01
[2020.01.23-15.30.19:770][829]LogPlayLevel: PIE: World Init took: (0.001610s)
[2020.01.23-15.30.19:770][829]LogPlayLevel: PIE: Created PIE world by copying editor world from /Game/Level01.Level01 to /Game/UEDPIE_0_Level01.Level01 (0.004621s)
[2020.01.23-15.30.19:802][829]LogInit: XAudio2 using 'Głośniki (Realtek High Definition Audio)' : 2 channels at 48 kHz using 32 bits per sample (channel mask 0x3)
[2020.01.23-15.30.19:822][829]LogInit: FAudioDevice initialized.
[2020.01.23-15.30.19:837][829]LogSlate: Updating window title bar state: overlay mode, drag disabled, window buttons hidden, title bar hidden
[2020.01.23-15.30.19:913][829]LogLoad: Game class is 'GameModeBase'
[2020.01.23-15.30.19:915][829]LogWorld: Bringing World /Game/UEDPIE_0_Level01.Level01 up for play (max tick rate 60) at 2020.01.23-16.30.19
[2020.01.23-15.30.19:916][829]LogWorld: Bringing up level for play took: 0.001264
[2020.01.23-15.30.19:930][829]PIE: Play in editor start time for /Game/UEDPIE_0_Level01 0,844
[2020.01.23-15.30.19:930][829]LogBlueprintUserMessages: Late PlayInEditor Detection: Level '/Game/Level01.Level01:PersistentLevel' has LevelScriptBlueprint '/Game/Level01.Level01:PersistentLevel.Level01' with GeneratedClass '/Game/Level01.Level01_C' with ClassGeneratedBy '/Game/Level01.Level01:PersistentLevel.Level01'
[2020.01.23-15.30.23:699][ 52]LogBlueprintUserMessages: Early EndPlayMap Detection: Level '/Game/Level01.Level01:PersistentLevel' has LevelScriptBlueprint '/Game/Level01.Level01:PersistentLevel.Level01' with GeneratedClass '/Game/Level01.Level01_C' with ClassGeneratedBy '/Game/Level01.Level01:PersistentLevel.Level01'
[2020.01.23-15.30.23:699][ 52]LogSlate: Updating window title bar state: overlay mode, drag disabled, window buttons hidden, title bar hidden
[2020.01.23-15.30.23:717][ 52]LogSlate: Window 'AleksandraPiasecka Game Preview Standalone (64-bit/PCD3D_SM5)' being destroyed
[2020.01.23-15.30.23:755][ 52]LogPlayLevel: Display: Shutting down PIE online subsystems
[2020.01.23-15.30.23:755][ 52]LogBlueprintUserMessages: Late EndPlayMap Detection: Level '/Game/Level01.Level01:PersistentLevel' has LevelScriptBlueprint '/Game/Level01.Level01:PersistentLevel.Level01' with GeneratedClass '/Game/Level01.Level01_C' with ClassGeneratedBy '/Game/Level01.Level01:PersistentLevel.Level01'
[2020.01.23-15.30.23:810][ 53]LogPlayLevel: Display: Destroying online subsystem :Context_8
[2020.01.23-15.30.56:326][979]LogTemp: Repeating last play command: Selected Viewport
[2020.01.23-15.30.56:343][979]LogBlueprintUserMessages: Early PlayInEditor Detection: Level '/Game/Level01.Level01:PersistentLevel' has LevelScriptBlueprint '/Game/Level01.Level01:PersistentLevel.Level01' with GeneratedClass '/Game/Level01.Level01_C' with ClassGeneratedBy '/Game/Level01.Level01:PersistentLevel.Level01'
[2020.01.23-15.30.56:343][979]BlueprintLog: New page: Pre-Play auto-recompile
[2020.01.23-15.30.56:346][979]LogPlayLevel: [PlayLevel] Compiling Level01 before play...
[2020.01.23-15.30.56:489][979]LogPlayLevel: PlayLevel: Blueprint regeneration took 145 ms (1 blueprints)
[2020.01.23-15.30.56:489][979]PIE: New page: PIE session: Level01 (23 sty 2020, 17:30:56)
[2020.01.23-15.30.56:490][979]LogPlayLevel: Creating play world package: /Game/UEDPIE_0_Level01
[2020.01.23-15.30.56:492][979]LogPlayLevel: PIE: StaticDuplicateObject took: (0.002847s)
[2020.01.23-15.30.56:493][979]LogAIModule: Creating AISystem for world Level01
[2020.01.23-15.30.56:494][979]LogPlayLevel: PIE: World Init took: (0.001081s)
[2020.01.23-15.30.56:494][979]LogPlayLevel: PIE: Created PIE world by copying editor world from /Game/Level01.Level01 to /Game/UEDPIE_0_Level01.Level01 (0.004153s)
[2020.01.23-15.30.56:529][979]LogInit: XAudio2 using 'Głośniki (Realtek High Definition Audio)' : 2 channels at 48 kHz using 32 bits per sample (channel mask 0x3)
[2020.01.23-15.30.56:549][979]LogInit: FAudioDevice initialized.
[2020.01.23-15.30.56:561][979]LogSlate: Updating window title bar state: overlay mode, drag disabled, window buttons hidden, title bar hidden
[2020.01.23-15.30.56:635][979]LogLoad: Game class is 'GameModeBase'
[2020.01.23-15.30.56:637][979]LogWorld: Bringing World /Game/UEDPIE_0_Level01.Level01 up for play (max tick rate 60) at 2020.01.23-16.30.56
[2020.01.23-15.30.56:637][979]LogWorld: Bringing up level for play took: 0.000908
[2020.01.23-15.30.56:652][979]PIE: Play in editor start time for /Game/UEDPIE_0_Level01 -0,433
[2020.01.23-15.30.56:652][979]LogBlueprintUserMessages: Late PlayInEditor Detection: Level '/Game/Level01.Level01:PersistentLevel' has LevelScriptBlueprint '/Game/Level01.Level01:PersistentLevel.Level01' with GeneratedClass '/Game/Level01.Level01_C' with ClassGeneratedBy '/Game/Level01.Level01:PersistentLevel.Level01'
[2020.01.23-15.31.01:514][267]LogBlueprintUserMessages: Early EndPlayMap Detection: Level '/Game/Level01.Level01:PersistentLevel' has LevelScriptBlueprint '/Game/Level01.Level01:PersistentLevel.Level01' with GeneratedClass '/Game/Level01.Level01_C' with ClassGeneratedBy '/Game/Level01.Level01:PersistentLevel.Level01'
[2020.01.23-15.31.01:514][267]LogSlate: Updating window title bar state: overlay mode, drag disabled, window buttons hidden, title bar hidden
[2020.01.23-15.31.01:535][267]LogSlate: Window 'AleksandraPiasecka Game Preview Standalone (64-bit/PCD3D_SM5)' being destroyed
[2020.01.23-15.31.01:573][267]LogPlayLevel: Display: Shutting down PIE online subsystems
[2020.01.23-15.31.01:574][267]LogBlueprintUserMessages: Late EndPlayMap Detection: Level '/Game/Level01.Level01:PersistentLevel' has LevelScriptBlueprint '/Game/Level01.Level01:PersistentLevel.Level01' with GeneratedClass '/Game/Level01.Level01_C' with ClassGeneratedBy '/Game/Level01.Level01:PersistentLevel.Level01'
[2020.01.23-15.31.01:638][268]LogPlayLevel: Display: Destroying online subsystem :Context_9
[2020.01.23-15.34.18:017][957]Cmd: OBJ SAVEPACKAGE PACKAGE="/Game/Level01" FILE="C:/Users/Aleks/Documents/Unreal/AleksandraPiasecka/Saved/Autosaves/Game/Level01_Auto1.umap" SILENT=true AUTOSAVING=true KEEPDIRTY=false
[2020.01.23-15.34.18:184][957]LogSavePackage: Moving 'C:/Users/Aleks/Documents/Unreal/AleksandraPiasecka/Saved/Level01_Auto1E96409214A57B4D186B0CCAC4560F80C.tmp' to 'C:/Users/Aleks/Documents/Unreal/AleksandraPiasecka/Saved/Autosaves/Game/Level01_Auto1.umap'
[2020.01.23-15.34.18:191][957]LogFileHelpers: Editor autosave (incl. sublevels) for '/Game/Level01' took 0.205
[2020.01.23-15.34.18:191][957]LogFileHelpers: Editor autosave (incl. sublevels) for all levels took 0.205
[2020.01.23-15.35.10:892][110]LogTemp: Repeating last play command: Selected Viewport
[2020.01.23-15.35.10:909][110]LogBlueprintUserMessages: Early PlayInEditor Detection: Level '/Game/Level01.Level01:PersistentLevel' has LevelScriptBlueprint '/Game/Level01.Level01:PersistentLevel.Level01' with GeneratedClass '/Game/Level01.Level01_C' with ClassGeneratedBy '/Game/Level01.Level01:PersistentLevel.Level01'
[2020.01.23-15.35.10:909][110]BlueprintLog: New page: Pre-Play auto-recompile
[2020.01.23-15.35.10:913][110]LogPlayLevel: [PlayLevel] Compiling Level01 before play...
[2020.01.23-15.35.11:050][110]LogPlayLevel: PlayLevel: Blueprint regeneration took 140 ms (1 blueprints)
[2020.01.23-15.35.11:050][110]PIE: New page: PIE session: Level01 (23 sty 2020, 17:35:11)
[2020.01.23-15.35.11:050][110]LogPlayLevel: Creating play world package: /Game/UEDPIE_0_Level01
[2020.01.23-15.35.11:053][110]LogPlayLevel: PIE: StaticDuplicateObject took: (0.002729s)
[2020.01.23-15.35.11:054][110]LogAIModule: Creating AISystem for world Level01
[2020.01.23-15.35.11:055][110]LogPlayLevel: PIE: World Init took: (0.001449s)
[2020.01.23-15.35.11:055][110]LogPlayLevel: PIE: Created PIE world by copying editor world from /Game/Level01.Level01 to /Game/UEDPIE_0_Level01.Level01 (0.004376s)
[2020.01.23-15.35.11:087][110]LogInit: XAudio2 using 'Głośniki (Realtek High Definition Audio)' : 2 channels at 48 kHz using 32 bits per sample (channel mask 0x3)
[2020.01.23-15.35.11:109][110]LogInit: FAudioDevice initialized.
[2020.01.23-15.35.11:124][110]LogSlate: Updating window title bar state: overlay mode, drag disabled, window buttons hidden, title bar hidden
[2020.01.23-15.35.11:232][110]LogLoad: Game class is 'GameModeBase'
[2020.01.23-15.35.11:234][110]LogWorld: Bringing World /Game/UEDPIE_0_Level01.Level01 up for play (max tick rate 60) at 2020.01.23-16.35.11
[2020.01.23-15.35.11:235][110]LogWorld: Bringing up level for play took: 0.001348
[2020.01.23-15.35.11:249][110]PIE: Play in editor start time for /Game/UEDPIE_0_Level01 0,163
[2020.01.23-15.35.11:249][110]LogBlueprintUserMessages: Late PlayInEditor Detection: Level '/Game/Level01.Level01:PersistentLevel' has LevelScriptBlueprint '/Game/Level01.Level01:PersistentLevel.Level01' with GeneratedClass '/Game/Level01.Level01_C' with ClassGeneratedBy '/Game/Level01.Level01:PersistentLevel.Level01'
[2020.01.23-15.35.22:207][764]LogBlueprintUserMessages: Early EndPlayMap Detection: Level '/Game/Level01.Level01:PersistentLevel' has LevelScriptBlueprint '/Game/Level01.Level01:PersistentLevel.Level01' with GeneratedClass '/Game/Level01.Level01_C' with ClassGeneratedBy '/Game/Level01.Level01:PersistentLevel.Level01'
[2020.01.23-15.35.22:207][764]LogSlate: Updating window title bar state: overlay mode, drag disabled, window buttons hidden, title bar hidden
[2020.01.23-15.35.22:226][764]LogSlate: Window 'AleksandraPiasecka Game Preview Standalone (64-bit/PCD3D_SM5)' being destroyed
[2020.01.23-15.35.22:268][764]LogPlayLevel: Display: Shutting down PIE online subsystems
[2020.01.23-15.35.22:269][764]LogBlueprintUserMessages: Late EndPlayMap Detection: Level '/Game/Level01.Level01:PersistentLevel' has LevelScriptBlueprint '/Game/Level01.Level01:PersistentLevel.Level01' with GeneratedClass '/Game/Level01.Level01_C' with ClassGeneratedBy '/Game/Level01.Level01:PersistentLevel.Level01'
[2020.01.23-15.35.22:326][765]LogPlayLevel: Display: Destroying online subsystem :Context_10
[2020.01.23-15.35.23:175][816]LogTemp: Repeating last play command: Selected Viewport
[2020.01.23-15.35.23:194][816]LogBlueprintUserMessages: Early PlayInEditor Detection: Level '/Game/Level01.Level01:PersistentLevel' has LevelScriptBlueprint '/Game/Level01.Level01:PersistentLevel.Level01' with GeneratedClass '/Game/Level01.Level01_C' with ClassGeneratedBy '/Game/Level01.Level01:PersistentLevel.Level01'
[2020.01.23-15.35.23:194][816]LogPlayLevel: PlayLevel: No blueprints needed recompiling
[2020.01.23-15.35.23:194][816]PIE: New page: PIE session: Level01 (23 sty 2020, 17:35:23)
[2020.01.23-15.35.23:194][816]LogPlayLevel: Creating play world package: /Game/UEDPIE_0_Level01
[2020.01.23-15.35.23:197][816]LogPlayLevel: PIE: StaticDuplicateObject took: (0.002881s)
[2020.01.23-15.35.23:198][816]LogAIModule: Creating AISystem for world Level01
[2020.01.23-15.35.23:199][816]LogPlayLevel: PIE: World Init took: (0.001772s)
[2020.01.23-15.35.23:199][816]LogPlayLevel: PIE: Created PIE world by copying editor world from /Game/Level01.Level01 to /Game/UEDPIE_0_Level01.Level01 (0.004912s)
[2020.01.23-15.35.23:229][816]LogInit: XAudio2 using 'Głośniki (Realtek High Definition Audio)' : 2 channels at 48 kHz using 32 bits per sample (channel mask 0x3)
[2020.01.23-15.35.23:246][816]LogInit: FAudioDevice initialized.
[2020.01.23-15.35.23:262][816]LogSlate: Updating window title bar state: overlay mode, drag disabled, window buttons hidden, title bar hidden
[2020.01.23-15.35.23:343][816]LogLoad: Game class is 'GameModeBase'
[2020.01.23-15.35.23:345][816]LogWorld: Bringing World /Game/UEDPIE_0_Level01.Level01 up for play (max tick rate 60) at 2020.01.23-16.35.23
[2020.01.23-15.35.23:345][816]LogWorld: Bringing up level for play took: 0.000834
[2020.01.23-15.35.23:360][816]PIE: Play in editor start time for /Game/UEDPIE_0_Level01 0,274
[2020.01.23-15.35.23:360][816]LogBlueprintUserMessages: Late PlayInEditor Detection: Level '/Game/Level01.Level01:PersistentLevel' has LevelScriptBlueprint '/Game/Level01.Level01:PersistentLevel.Level01' with GeneratedClass '/Game/Level01.Level01_C' with ClassGeneratedBy '/Game/Level01.Level01:PersistentLevel.Level01'
[2020.01.23-15.35.28:318][111]LogBlueprintUserMessages: Early EndPlayMap Detection: Level '/Game/Level01.Level01:PersistentLevel' has LevelScriptBlueprint '/Game/Level01.Level01:PersistentLevel.Level01' with GeneratedClass '/Game/Level01.Level01_C' with ClassGeneratedBy '/Game/Level01.Level01:PersistentLevel.Level01'
[2020.01.23-15.35.28:318][111]LogSlate: Updating window title bar state: overlay mode, drag disabled, window buttons hidden, title bar hidden
[2020.01.23-15.35.28:336][111]LogSlate: Window 'AleksandraPiasecka Game Preview Standalone (64-bit/PCD3D_SM5)' being destroyed
[2020.01.23-15.35.28:378][111]LogPlayLevel: Display: Shutting down PIE online subsystems
[2020.01.23-15.35.28:378][111]LogBlueprintUserMessages: Late EndPlayMap Detection: Level '/Game/Level01.Level01:PersistentLevel' has LevelScriptBlueprint '/Game/Level01.Level01:PersistentLevel.Level01' with GeneratedClass '/Game/Level01.Level01_C' with ClassGeneratedBy '/Game/Level01.Level01:PersistentLevel.Level01'
[2020.01.23-15.35.28:437][112]LogPlayLevel: Display: Destroying online subsystem :Context_11
[2020.01.23-15.35.29:304][164]LogTemp: Repeating last play command: Selected Viewport
[2020.01.23-15.35.29:321][164]LogBlueprintUserMessages: Early PlayInEditor Detection: Level '/Game/Level01.Level01:PersistentLevel' has LevelScriptBlueprint '/Game/Level01.Level01:PersistentLevel.Level01' with GeneratedClass '/Game/Level01.Level01_C' with ClassGeneratedBy '/Game/Level01.Level01:PersistentLevel.Level01'
[2020.01.23-15.35.29:321][164]LogPlayLevel: PlayLevel: No blueprints needed recompiling
[2020.01.23-15.35.29:322][164]PIE: New page: PIE session: Level01 (23 sty 2020, 17:35:29)
[2020.01.23-15.35.29:322][164]LogPlayLevel: Creating play world package: /Game/UEDPIE_0_Level01
[2020.01.23-15.35.29:325][164]LogPlayLevel: PIE: StaticDuplicateObject took: (0.002733s)
[2020.01.23-15.35.29:326][164]LogAIModule: Creating AISystem for world Level01
[2020.01.23-15.35.29:326][164]LogPlayLevel: PIE: World Init took: (0.001675s)
[2020.01.23-15.35.29:326][164]LogPlayLevel: PIE: Created PIE world by copying editor world from /Game/Level01.Level01 to /Game/UEDPIE_0_Level01.Level01 (0.004584s)
[2020.01.23-15.35.29:357][164]LogInit: XAudio2 using 'Głośniki (Realtek High Definition Audio)' : 2 channels at 48 kHz using 32 bits per sample (channel mask 0x3)
[2020.01.23-15.35.29:376][164]LogInit: FAudioDevice initialized.
[2020.01.23-15.35.29:388][164]LogSlate: Updating window title bar state: overlay mode, drag disabled, window buttons hidden, title bar hidden
[2020.01.23-15.35.29:471][164]LogLoad: Game class is 'GameModeBase'
[2020.01.23-15.35.29:473][164]LogWorld: Bringing World /Game/UEDPIE_0_Level01.Level01 up for play (max tick rate 60) at 2020.01.23-16.35.29
[2020.01.23-15.35.29:473][164]LogWorld: Bringing up level for play took: 0.000613
[2020.01.23-15.35.29:486][164]PIE: Play in editor start time for /Game/UEDPIE_0_Level01 0,401
[2020.01.23-15.35.29:487][164]LogBlueprintUserMessages: Late PlayInEditor Detection: Level '/Game/Level01.Level01:PersistentLevel' has LevelScriptBlueprint '/Game/Level01.Level01:PersistentLevel.Level01' with GeneratedClass '/Game/Level01.Level01_C' with ClassGeneratedBy '/Game/Level01.Level01:PersistentLevel.Level01'
[2020.01.23-15.35.43:961][ 30]LogBlueprintUserMessages: Early EndPlayMap Detection: Level '/Game/Level01.Level01:PersistentLevel' has LevelScriptBlueprint '/Game/Level01.Level01:PersistentLevel.Level01' with GeneratedClass '/Game/Level01.Level01_C' with ClassGeneratedBy '/Game/Level01.Level01:PersistentLevel.Level01'
[2020.01.23-15.35.43:961][ 30]LogSlate: Updating window title bar state: overlay mode, drag disabled, window buttons hidden, title bar hidden
[2020.01.23-15.35.43:979][ 30]LogSlate: Window 'AleksandraPiasecka Game Preview Standalone (64-bit/PCD3D_SM5)' being destroyed
[2020.01.23-15.35.44:015][ 30]LogPlayLevel: Display: Shutting down PIE online subsystems
[2020.01.23-15.35.44:016][ 30]LogBlueprintUserMessages: Late EndPlayMap Detection: Level '/Game/Level01.Level01:PersistentLevel' has LevelScriptBlueprint '/Game/Level01.Level01:PersistentLevel.Level01' with GeneratedClass '/Game/Level01.Level01_C' with ClassGeneratedBy '/Game/Level01.Level01:PersistentLevel.Level01'
[2020.01.23-15.35.44:076][ 31]LogPlayLevel: Display: Destroying online subsystem :Context_12
[2020.01.23-15.38.34:967][239]Cmd: OBJ SAVEPACKAGE PACKAGE="/Game/Level01" FILE="C:/Users/Aleks/Documents/Unreal/AleksandraPiasecka/Content/Level01.umap" SILENT=true AUTOSAVING=false KEEPDIRTY=false
[2020.01.23-15.38.35:164][239]LogSavePackage: Moving 'C:/Users/Aleks/Documents/Unreal/AleksandraPiasecka/Saved/Level01CE8152514D1295A6CDB0B5B42F79E312.tmp' to 'C:/Users/Aleks/Documents/Unreal/AleksandraPiasecka/Content/Level01.umap'
[2020.01.23-15.38.35:203][239]LogFileHelpers: Saving map 'Level01' took 0.310
[2020.01.23-15.38.37:097][352]LogTemp: Repeating last play command: Selected Viewport
[2020.01.23-15.38.37:115][352]LogBlueprintUserMessages: Early PlayInEditor Detection: Level '/Game/Level01.Level01:PersistentLevel' has LevelScriptBlueprint '/Game/Level01.Level01:PersistentLevel.Level01' with GeneratedClass '/Game/Level01.Level01_C' with ClassGeneratedBy '/Game/Level01.Level01:PersistentLevel.Level01'
[2020.01.23-15.38.37:115][352]LogPlayLevel: PlayLevel: No blueprints needed recompiling
[2020.01.23-15.38.37:115][352]PIE: New page: PIE session: Level01 (23 sty 2020, 17:38:37)
[2020.01.23-15.38.37:115][352]LogPlayLevel: Creating play world package: /Game/UEDPIE_0_Level01
[2020.01.23-15.38.37:118][352]LogPlayLevel: PIE: StaticDuplicateObject took: (0.002791s)
[2020.01.23-15.38.37:119][352]LogAIModule: Creating AISystem for world Level01
[2020.01.23-15.38.37:119][352]LogPlayLevel: PIE: World Init took: (0.001434s)
[2020.01.23-15.38.37:120][352]LogPlayLevel: PIE: Created PIE world by copying editor world from /Game/Level01.Level01 to /Game/UEDPIE_0_Level01.Level01 (0.004432s)
[2020.01.23-15.38.37:150][352]LogInit: XAudio2 using 'Głośniki (Realtek High Definition Audio)' : 2 channels at 48 kHz using 32 bits per sample (channel mask 0x3)
[2020.01.23-15.38.37:169][352]LogInit: FAudioDevice initialized.
[2020.01.23-15.38.37:187][352]LogSlate: Updating window title bar state: overlay mode, drag disabled, window buttons hidden, title bar hidden
[2020.01.23-15.38.37:329][352]LogLoad: Game class is 'GameModeBase'
[2020.01.23-15.38.37:330][352]LogWorld: Bringing World /Game/UEDPIE_0_Level01.Level01 up for play (max tick rate 60) at 2020.01.23-16.38.37
[2020.01.23-15.38.37:331][352]LogWorld: Bringing up level for play took: 0.000860
[2020.01.23-15.38.37:345][352]PIE: Play in editor start time for /Game/UEDPIE_0_Level01 0,259
[2020.01.23-15.38.37:345][352]LogBlueprintUserMessages: Late PlayInEditor Detection: Level '/Game/Level01.Level01:PersistentLevel' has LevelScriptBlueprint '/Game/Level01.Level01:PersistentLevel.Level01' with GeneratedClass '/Game/Level01.Level01_C' with ClassGeneratedBy '/Game/Level01.Level01:PersistentLevel.Level01'
[2020.01.23-15.38.44:567][782]LogBlueprintUserMessages: Early EndPlayMap Detection: Level '/Game/Level01.Level01:PersistentLevel' has LevelScriptBlueprint '/Game/Level01.Level01:PersistentLevel.Level01' with GeneratedClass '/Game/Level01.Level01_C' with ClassGeneratedBy '/Game/Level01.Level01:PersistentLevel.Level01'
[2020.01.23-15.38.44:567][782]LogSlate: Updating window title bar state: overlay mode, drag disabled, window buttons hidden, title bar hidden
[2020.01.23-15.38.44:585][782]LogSlate: Window 'AleksandraPiasecka Game Preview Standalone (64-bit/PCD3D_SM5)' being destroyed
[2020.01.23-15.38.44:628][782]LogPlayLevel: Display: Shutting down PIE online subsystems
[2020.01.23-15.38.44:628][782]LogBlueprintUserMessages: Late EndPlayMap Detection: Level '/Game/Level01.Level01:PersistentLevel' has LevelScriptBlueprint '/Game/Level01.Level01:PersistentLevel.Level01' with GeneratedClass '/Game/Level01.Level01_C' with ClassGeneratedBy '/Game/Level01.Level01:PersistentLevel.Level01'
[2020.01.23-15.38.44:684][783]LogPlayLevel: Display: Destroying online subsystem :Context_13
[2020.01.23-15.49.26:162][784]Cmd: OBJ SAVEPACKAGE PACKAGE="/Game/Level01" FILE="C:/Users/Aleks/Documents/Unreal/AleksandraPiasecka/Saved/Autosaves/Game/Level01_Auto2.umap" SILENT=true AUTOSAVING=true KEEPDIRTY=false
[2020.01.23-15.49.26:345][784]LogSavePackage: Moving 'C:/Users/Aleks/Documents/Unreal/AleksandraPiasecka/Saved/Level01_Auto248DF72614860037B6F472B9585C8D809.tmp' to 'C:/Users/Aleks/Documents/Unreal/AleksandraPiasecka/Saved/Autosaves/Game/Level01_Auto2.umap'
[2020.01.23-15.49.26:350][784]LogFileHelpers: Editor autosave (incl. sublevels) for '/Game/Level01' took 0.215
[2020.01.23-15.49.26:351][784]LogFileHelpers: Editor autosave (incl. sublevels) for all levels took 0.215
[2020.01.23-15.49.32:807][804]LogTemp: Repeating last play command: Selected Viewport
[2020.01.23-15.49.32:826][804]LogBlueprintUserMessages: Early PlayInEditor Detection: Level '/Game/Level01.Level01:PersistentLevel' has LevelScriptBlueprint '/Game/Level01.Level01:PersistentLevel.Level01' with GeneratedClass '/Game/Level01.Level01_C' with ClassGeneratedBy '/Game/Level01.Level01:PersistentLevel.Level01'
[2020.01.23-15.49.32:827][804]LogPlayLevel: PlayLevel: No blueprints needed recompiling
[2020.01.23-15.49.32:827][804]PIE: New page: PIE session: Level01 (23 sty 2020, 17:49:32)
[2020.01.23-15.49.32:827][804]LogPlayLevel: Creating play world package: /Game/UEDPIE_0_Level01
[2020.01.23-15.49.32:830][804]LogPlayLevel: PIE: StaticDuplicateObject took: (0.003407s)
[2020.01.23-15.49.32:831][804]LogAIModule: Creating AISystem for world Level01
[2020.01.23-15.49.32:832][804]LogPlayLevel: PIE: World Init took: (0.001203s)
[2020.01.23-15.49.32:832][804]LogPlayLevel: PIE: Created PIE world by copying editor world from /Game/Level01.Level01 to /Game/UEDPIE_0_Level01.Level01 (0.004818s)
[2020.01.23-15.49.32:865][804]LogInit: XAudio2 using 'Głośniki (Realtek High Definition Audio)' : 2 channels at 48 kHz using 32 bits per sample (channel mask 0x3)
[2020.01.23-15.49.32:884][804]LogInit: FAudioDevice initialized.
[2020.01.23-15.49.32:899][804]LogSlate: Updating window title bar state: overlay mode, drag disabled, window buttons hidden, title bar hidden
[2020.01.23-15.49.32:980][804]LogLoad: Game class is 'GameModeBase'
[2020.01.23-15.49.32:981][804]LogWorld: Bringing World /Game/UEDPIE_0_Level01.Level01 up for play (max tick rate 60) at 2020.01.23-16.49.32
[2020.01.23-15.49.32:981][804]LogWorld: Bringing up level for play took: 0.000730
[2020.01.23-15.49.32:997][804]PIE: Play in editor start time for /Game/UEDPIE_0_Level01 -0,088
[2020.01.23-15.49.32:998][804]LogBlueprintUserMessages: Late PlayInEditor Detection: Level '/Game/Level01.Level01:PersistentLevel' has LevelScriptBlueprint '/Game/Level01.Level01:PersistentLevel.Level01' with GeneratedClass '/Game/Level01.Level01_C' with ClassGeneratedBy '/Game/Level01.Level01:PersistentLevel.Level01'
[2020.01.23-15.49.58:206][309]LogBlueprintUserMessages: Early EndPlayMap Detection: Level '/Game/Level01.Level01:PersistentLevel' has LevelScriptBlueprint '/Game/Level01.Level01:PersistentLevel.Level01' with GeneratedClass '/Game/Level01.Level01_C' with ClassGeneratedBy '/Game/Level01.Level01:PersistentLevel.Level01'
[2020.01.23-15.49.58:207][309]LogSlate: Updating window title bar state: overlay mode, drag disabled, window buttons hidden, title bar hidden
[2020.01.23-15.49.58:225][309]LogSlate: Window 'AleksandraPiasecka Game Preview Standalone (64-bit/PCD3D_SM5)' being destroyed
[2020.01.23-15.49.58:267][309]LogPlayLevel: Display: Shutting down PIE online subsystems
[2020.01.23-15.49.58:268][309]LogBlueprintUserMessages: Late EndPlayMap Detection: Level '/Game/Level01.Level01:PersistentLevel' has LevelScriptBlueprint '/Game/Level01.Level01:PersistentLevel.Level01' with GeneratedClass '/Game/Level01.Level01_C' with ClassGeneratedBy '/Game/Level01.Level01:PersistentLevel.Level01'
[2020.01.23-15.49.58:328][310]LogPlayLevel: Display: Destroying online subsystem :Context_14
[2020.01.23-16.13.45:187][167]LogTemp: Repeating last play command: Selected Viewport
[2020.01.23-16.13.45:207][167]LogBlueprintUserMessages: Early PlayInEditor Detection: Level '/Game/Level01.Level01:PersistentLevel' has LevelScriptBlueprint '/Game/Level01.Level01:PersistentLevel.Level01' with GeneratedClass '/Game/Level01.Level01_C' with ClassGeneratedBy '/Game/Level01.Level01:PersistentLevel.Level01'
[2020.01.23-16.13.45:207][167]LogPlayLevel: PlayLevel: No blueprints needed recompiling
[2020.01.23-16.13.45:207][167]PIE: New page: PIE session: Level01 (23 sty 2020, 18:13:45)
[2020.01.23-16.13.45:207][167]LogPlayLevel: Creating play world package: /Game/UEDPIE_0_Level01
[2020.01.23-16.13.45:211][167]LogPlayLevel: PIE: StaticDuplicateObject took: (0.003727s)
[2020.01.23-16.13.45:212][167]LogAIModule: Creating AISystem for world Level01
[2020.01.23-16.13.45:213][167]LogPlayLevel: PIE: World Init took: (0.001962s)
[2020.01.23-16.13.45:213][167]LogPlayLevel: PIE: Created PIE world by copying editor world from /Game/Level01.Level01 to /Game/UEDPIE_0_Level01.Level01 (0.005857s)
[2020.01.23-16.13.45:248][167]LogInit: XAudio2 using 'Głośniki (Realtek High Definition Audio)' : 2 channels at 48 kHz using 32 bits per sample (channel mask 0x3)
[2020.01.23-16.13.45:267][167]LogInit: FAudioDevice initialized.
[2020.01.23-16.13.45:284][167]LogSlate: Updating window title bar state: overlay mode, drag disabled, window buttons hidden, title bar hidden
[2020.01.23-16.13.45:378][167]LogLoad: Game class is 'GameModeBase'
[2020.01.23-16.13.45:380][167]LogWorld: Bringing World /Game/UEDPIE_0_Level01.Level01 up for play (max tick rate 60) at 2020.01.23-17.13.45
[2020.01.23-16.13.45:381][167]LogWorld: Bringing up level for play took: 0.001036
[2020.01.23-16.13.45:396][167]PIE: Play in editor start time for /Game/UEDPIE_0_Level01 0,311
[2020.01.23-16.13.45:397][167]LogBlueprintUserMessages: Late PlayInEditor Detection: Level '/Game/Level01.Level01:PersistentLevel' has LevelScriptBlueprint '/Game/Level01.Level01:PersistentLevel.Level01' with GeneratedClass '/Game/Level01.Level01_C' with ClassGeneratedBy '/Game/Level01.Level01:PersistentLevel.Level01'
[2020.01.23-16.13.51:345][514]LogBlueprintUserMessages: Early EndPlayMap Detection: Level '/Game/Level01.Level01:PersistentLevel' has LevelScriptBlueprint '/Game/Level01.Level01:PersistentLevel.Level01' with GeneratedClass '/Game/Level01.Level01_C' with ClassGeneratedBy '/Game/Level01.Level01:PersistentLevel.Level01'
[2020.01.23-16.13.51:345][514]LogSlate: Updating window title bar state: overlay mode, drag disabled, window buttons hidden, title bar hidden
[2020.01.23-16.13.51:365][514]LogSlate: Window 'AleksandraPiasecka Game Preview Standalone (64-bit/PCD3D_SM5)' being destroyed
[2020.01.23-16.13.51:405][514]LogPlayLevel: Display: Shutting down PIE online subsystems
[2020.01.23-16.13.51:405][514]LogBlueprintUserMessages: Late EndPlayMap Detection: Level '/Game/Level01.Level01:PersistentLevel' has LevelScriptBlueprint '/Game/Level01.Level01:PersistentLevel.Level01' with GeneratedClass '/Game/Level01.Level01_C' with ClassGeneratedBy '/Game/Level01.Level01:PersistentLevel.Level01'
[2020.01.23-16.13.51:462][515]LogPlayLevel: Display: Destroying online subsystem :Context_15
[2020.01.23-16.16.23:331][604]Cmd: OBJ SAVEPACKAGE PACKAGE="/Game/Level01" FILE="C:/Users/Aleks/Documents/Unreal/AleksandraPiasecka/Saved/Autosaves/Game/Level01_Auto3.umap" SILENT=true AUTOSAVING=true KEEPDIRTY=false
[2020.01.23-16.16.23:502][604]LogSavePackage: Moving 'C:/Users/Aleks/Documents/Unreal/AleksandraPiasecka/Saved/Level01_Auto36B64F4AA4E57C17FCD3F279091B3B5BF.tmp' to 'C:/Users/Aleks/Documents/Unreal/AleksandraPiasecka/Saved/Autosaves/Game/Level01_Auto3.umap'
[2020.01.23-16.16.23:509][604]LogFileHelpers: Editor autosave (incl. sublevels) for '/Game/Level01' took 0.208
[2020.01.23-16.16.23:509][604]LogFileHelpers: Editor autosave (incl. sublevels) for all levels took 0.208
[2020.01.23-16.18.00:432][135]LogSlate: Window 'Level01* - Level Blueprint Editor' being destroyed
